---------------------------------------------------------------
[ 2020-01-02T14:23:38+08:00 ] 127.0.0.1 GET www.mall.com/test
[运行时间：0.098032s] [吞吐率：10.20req/s] [内存消耗：1,384.91kb] [文件加载：38]
[ info ] [ LANG ] E:\phpstudy\PHPTutorial\WWW\mall\thinkphp\lang\zh-cn.php
[ info ] [ ROUTE ] array (
  'type' => 'module',
  'module' => 
  array (
    0 => 'test',
    1 => NULL,
    2 => NULL,
  ),
)
[ info ] [ HEADER ] array (
  'user-agent' => 'PostmanRuntime/7.20.1',
  'accept' => '*/*',
  'cache-control' => 'no-cache',
  'postman-token' => 'f60800de-357a-4186-a703-4b367ae5be67',
  'host' => 'www.mall.com',
  'content-type' => 'multipart/form-data; boundary=--------------------------927123543904496074439623',
  'accept-encoding' => 'gzip, deflate',
  'content-length' => '287',
  'connection' => 'keep-alive',
)
[ info ] [ PARAM ] array (
)
[ info ] [ LOG ] INIT File
---------------------------------------------------------------
[ 2020-01-02T14:23:55+08:00 ] 127.0.0.1 GET www.mall.com/test/login
[运行时间：0.023901s] [吞吐率：41.84req/s] [内存消耗：1,385.13kb] [文件加载：38]
[ info ] [ LANG ] E:\phpstudy\PHPTutorial\WWW\mall\thinkphp\lang\zh-cn.php
[ info ] [ ROUTE ] array (
  'type' => 'module',
  'module' => 
  array (
    0 => 'test',
    1 => 'login',
    2 => NULL,
  ),
)
[ info ] [ HEADER ] array (
  'user-agent' => 'PostmanRuntime/7.20.1',
  'accept' => '*/*',
  'cache-control' => 'no-cache',
  'postman-token' => '2b8ce0e3-082c-4018-8d1a-aec6ad577cd2',
  'host' => 'www.mall.com',
  'content-type' => 'multipart/form-data; boundary=--------------------------426630629334891248983709',
  'accept-encoding' => 'gzip, deflate',
  'content-length' => '287',
  'connection' => 'keep-alive',
)
[ info ] [ PARAM ] array (
)
[ info ] [ LOG ] INIT File
---------------------------------------------------------------
[ 2020-01-02T14:24:07+08:00 ] 127.0.0.1 GET www.mall.com/index/test/login
[运行时间：0.033202s] [吞吐率：30.12req/s] [内存消耗：1,391.30kb] [文件加载：39]
[ info ] [ LANG ] E:\phpstudy\PHPTutorial\WWW\mall\thinkphp\lang\zh-cn.php
[ info ] [ ROUTE ] array (
  'type' => 'module',
  'module' => 
  array (
    0 => 'index',
    1 => 'test',
    2 => 'login',
  ),
)
[ info ] [ HEADER ] array (
  'user-agent' => 'PostmanRuntime/7.20.1',
  'accept' => '*/*',
  'cache-control' => 'no-cache',
  'postman-token' => 'c6b8840c-90db-4639-a5ce-d309991e3461',
  'host' => 'www.mall.com',
  'content-type' => 'multipart/form-data; boundary=--------------------------143072066917590719816283',
  'accept-encoding' => 'gzip, deflate',
  'content-length' => '287',
  'connection' => 'keep-alive',
)
[ info ] [ PARAM ] array (
)
[ info ] [ LOG ] INIT File
---------------------------------------------------------------
[ 2020-01-02T14:24:35+08:00 ] 127.0.0.1 POST www.mall.com/index/test/login
[运行时间：0.025335s] [吞吐率：39.47req/s] [内存消耗：1,391.30kb] [文件加载：39]
[ info ] [ LANG ] E:\phpstudy\PHPTutorial\WWW\mall\thinkphp\lang\zh-cn.php
[ info ] [ ROUTE ] array (
  'type' => 'module',
  'module' => 
  array (
    0 => 'index',
    1 => 'test',
    2 => 'login',
  ),
)
[ info ] [ HEADER ] array (
  'user-agent' => 'PostmanRuntime/7.20.1',
  'accept' => '*/*',
  'cache-control' => 'no-cache',
  'postman-token' => 'dc35dba2-cd7b-4164-a601-26b1d791f103',
  'host' => 'www.mall.com',
  'content-type' => 'multipart/form-data; boundary=--------------------------111782437020944805911123',
  'accept-encoding' => 'gzip, deflate',
  'content-length' => '287',
  'connection' => 'keep-alive',
)
[ info ] [ PARAM ] array (
  'telphone' => '18059256185',
  'password' => '123456',
)
[ info ] [ LOG ] INIT File
---------------------------------------------------------------
[ 2020-01-02T14:24:38+08:00 ] 127.0.0.1 POST www.mall.com/
[运行时间：0.066152s] [吞吐率：15.12req/s] [内存消耗：1,629.16kb] [文件加载：42]
[ info ] [ LANG ] E:\phpstudy\PHPTutorial\WWW\mall\thinkphp\lang\zh-cn.php
[ info ] [ ROUTE ] array (
  'type' => 'module',
  'module' => 
  array (
    0 => '',
    1 => NULL,
    2 => NULL,
  ),
)
[ info ] [ HEADER ] array (
  'user-agent' => 'PostmanRuntime/7.20.1',
  'accept' => '*/*',
  'cache-control' => 'no-cache',
  'postman-token' => '761c69ba-998b-4535-9343-038d21516042',
  'host' => 'www.mall.com',
  'content-type' => 'multipart/form-data; boundary=--------------------------268418201559360717488274',
  'accept-encoding' => 'gzip, deflate',
  'content-length' => '287',
  'connection' => 'keep-alive',
)
[ info ] [ PARAM ] array (
  'telphone' => '18059256185',
  'password' => '123456',
)
[ info ] [ RUN ] app\index\controller\Index->index[ E:\phpstudy\PHPTutorial\WWW\mall\application\index\controller\Index.php ]
[ info ] [ LOG ] INIT File
---------------------------------------------------------------
[ 2020-01-02T14:24:42+08:00 ] 127.0.0.1 POST www.mall.com/index
[运行时间：0.029878s] [吞吐率：33.47req/s] [内存消耗：1,629.25kb] [文件加载：42]
[ info ] [ LANG ] E:\phpstudy\PHPTutorial\WWW\mall\thinkphp\lang\zh-cn.php
[ info ] [ ROUTE ] array (
  'type' => 'module',
  'module' => 
  array (
    0 => 'index',
    1 => NULL,
    2 => NULL,
  ),
)
[ info ] [ HEADER ] array (
  'user-agent' => 'PostmanRuntime/7.20.1',
  'accept' => '*/*',
  'cache-control' => 'no-cache',
  'postman-token' => 'c0c4a3ac-e240-47e6-9308-79826675f110',
  'host' => 'www.mall.com',
  'content-type' => 'multipart/form-data; boundary=--------------------------166693207490998914976595',
  'accept-encoding' => 'gzip, deflate',
  'content-length' => '287',
  'connection' => 'keep-alive',
)
[ info ] [ PARAM ] array (
  'telphone' => '18059256185',
  'password' => '123456',
)
[ info ] [ RUN ] app\index\controller\Index->index[ E:\phpstudy\PHPTutorial\WWW\mall\application\index\controller\Index.php ]
[ info ] [ LOG ] INIT File
---------------------------------------------------------------
[ 2020-01-02T14:24:49+08:00 ] 127.0.0.1 POST www.mall.com/admin/test
[运行时间：0.032887s] [吞吐率：30.41req/s] [内存消耗：1,391.20kb] [文件加载：39]
[ info ] [ LANG ] E:\phpstudy\PHPTutorial\WWW\mall\thinkphp\lang\zh-cn.php
[ info ] [ ROUTE ] array (
  'type' => 'module',
  'module' => 
  array (
    0 => 'admin',
    1 => 'test',
    2 => NULL,
  ),
)
[ info ] [ HEADER ] array (
  'user-agent' => 'PostmanRuntime/7.20.1',
  'accept' => '*/*',
  'cache-control' => 'no-cache',
  'postman-token' => 'bffd5bc8-4aae-42ff-94b9-b0d4dc2abdd9',
  'host' => 'www.mall.com',
  'content-type' => 'multipart/form-data; boundary=--------------------------676623457140791586998083',
  'accept-encoding' => 'gzip, deflate',
  'content-length' => '287',
  'connection' => 'keep-alive',
)
[ info ] [ PARAM ] array (
  'telphone' => '18059256185',
  'password' => '123456',
)
[ info ] [ LOG ] INIT File
---------------------------------------------------------------
[ 2020-01-02T14:24:53+08:00 ] 127.0.0.1 POST www.mall.com/admin/test/login
[运行时间：0.026154s] [吞吐率：38.24req/s] [内存消耗：1,391.30kb] [文件加载：39]
[ info ] [ LANG ] E:\phpstudy\PHPTutorial\WWW\mall\thinkphp\lang\zh-cn.php
[ info ] [ ROUTE ] array (
  'type' => 'module',
  'module' => 
  array (
    0 => 'admin',
    1 => 'test',
    2 => 'login',
  ),
)
[ info ] [ HEADER ] array (
  'user-agent' => 'PostmanRuntime/7.20.1',
  'accept' => '*/*',
  'cache-control' => 'no-cache',
  'postman-token' => '2a49b899-9f8d-4e83-a7f5-06f5d031141c',
  'host' => 'www.mall.com',
  'content-type' => 'multipart/form-data; boundary=--------------------------744230615966226107487658',
  'accept-encoding' => 'gzip, deflate',
  'content-length' => '287',
  'connection' => 'keep-alive',
)
[ info ] [ PARAM ] array (
  'telphone' => '18059256185',
  'password' => '123456',
)
[ info ] [ LOG ] INIT File
---------------------------------------------------------------
[ 2020-01-02T14:25:14+08:00 ] 127.0.0.1 POST www.mall.com/index/test/login
[运行时间：0.025774s] [吞吐率：38.80req/s] [内存消耗：1,391.30kb] [文件加载：39]
[ info ] [ LANG ] E:\phpstudy\PHPTutorial\WWW\mall\thinkphp\lang\zh-cn.php
[ info ] [ ROUTE ] array (
  'type' => 'module',
  'module' => 
  array (
    0 => 'index',
    1 => 'test',
    2 => 'login',
  ),
)
[ info ] [ HEADER ] array (
  'user-agent' => 'PostmanRuntime/7.20.1',
  'accept' => '*/*',
  'cache-control' => 'no-cache',
  'postman-token' => 'a1a43ef1-3408-4cf1-8189-7f603ad1e133',
  'host' => 'www.mall.com',
  'content-type' => 'multipart/form-data; boundary=--------------------------779639848787761245411309',
  'accept-encoding' => 'gzip, deflate',
  'content-length' => '287',
  'connection' => 'keep-alive',
)
[ info ] [ PARAM ] array (
  'telphone' => '18059256185',
  'password' => '123456',
)
[ info ] [ LOG ] INIT File
---------------------------------------------------------------
[ 2020-01-02T14:25:18+08:00 ] 127.0.0.1 POST www.mall.com/test/login
[运行时间：0.037994s] [吞吐率：26.32req/s] [内存消耗：1,385.02kb] [文件加载：38]
[ info ] [ LANG ] E:\phpstudy\PHPTutorial\WWW\mall\thinkphp\lang\zh-cn.php
[ info ] [ ROUTE ] array (
  'type' => 'module',
  'module' => 
  array (
    0 => 'test',
    1 => 'login',
    2 => NULL,
  ),
)
[ info ] [ HEADER ] array (
  'user-agent' => 'PostmanRuntime/7.20.1',
  'accept' => '*/*',
  'cache-control' => 'no-cache',
  'postman-token' => 'be393c32-b52f-467c-a82f-7d35171f3f20',
  'host' => 'www.mall.com',
  'content-type' => 'multipart/form-data; boundary=--------------------------123609195753697499403799',
  'accept-encoding' => 'gzip, deflate',
  'content-length' => '287',
  'connection' => 'keep-alive',
)
[ info ] [ PARAM ] array (
  'telphone' => '18059256185',
  'password' => '123456',
)
[ info ] [ LOG ] INIT File
---------------------------------------------------------------
[ 2020-01-02T14:25:56+08:00 ] 127.0.0.1 POST www.mall.com/index/test/login
[运行时间：0.031145s] [吞吐率：32.11req/s] [内存消耗：1,391.30kb] [文件加载：39]
[ info ] [ LANG ] E:\phpstudy\PHPTutorial\WWW\mall\thinkphp\lang\zh-cn.php
[ info ] [ ROUTE ] array (
  'type' => 'module',
  'module' => 
  array (
    0 => 'index',
    1 => 'test',
    2 => 'login',
  ),
)
[ info ] [ HEADER ] array (
  'user-agent' => 'PostmanRuntime/7.20.1',
  'accept' => '*/*',
  'cache-control' => 'no-cache',
  'postman-token' => '9310e490-e96b-4cbc-9cfb-34c86e614faf',
  'host' => 'www.mall.com',
  'content-type' => 'multipart/form-data; boundary=--------------------------077689650575376648109954',
  'accept-encoding' => 'gzip, deflate',
  'content-length' => '287',
  'connection' => 'keep-alive',
)
[ info ] [ PARAM ] array (
  'telphone' => '18059256185',
  'password' => '123456',
)
[ info ] [ LOG ] INIT File
