---------------------------------------------------------------
[ 2020-02-08T11:01:41+08:00 ] 0.0.0.0 GET localhost/mall/public/
[运行时间：0.051475s] [吞吐率：19.43req/s] [内存消耗：1,620.22kb] [文件加载：42]
[ info ] [ LANG ] D:\phpStudy\WWW\mall\thinkphp\lang\zh-cn.php
[ info ] [ ROUTE ] array (
  'type' => 'module',
  'module' => 
  array (
    0 => '',
    1 => NULL,
    2 => NULL,
  ),
)
[ info ] [ HEADER ] array (
  'host' => 'localhost',
  'connection' => 'keep-alive',
  'upgrade-insecure-requests' => '1',
  'user-agent' => 'Mozilla/5.0 (Windows NT 10.0; WOW64) AppleWebKit/537.36 (KHTML, like Gecko) Chrome/63.0.3239.132 Safari/537.36',
  'accept' => 'text/html,application/xhtml+xml,application/xml;q=0.9,image/webp,image/apng,*/*;q=0.8',
  'accept-encoding' => 'gzip, deflate, br',
  'accept-language' => 'zh-CN,zh;q=0.9',
)
[ info ] [ PARAM ] array (
)
[ info ] [ RUN ] app\index\controller\Index->index[ D:\phpStudy\WWW\mall\application\index\controller\Index.php ]
[ info ] [ LOG ] INIT File
---------------------------------------------------------------
[ 2020-02-08T11:02:10+08:00 ] 0.0.0.0 GET localhost/mall/public/admin
[运行时间：0.059700s] [吞吐率：16.75req/s] [内存消耗：1,859.84kb] [文件加载：48]
[ info ] [ LANG ] D:\phpStudy\WWW\mall\thinkphp\lang\zh-cn.php
[ info ] [ ROUTE ] array (
  'type' => 'module',
  'module' => 
  array (
    0 => 'admin',
    1 => NULL,
    2 => NULL,
  ),
)
[ info ] [ HEADER ] array (
  'host' => 'localhost',
  'connection' => 'keep-alive',
  'upgrade-insecure-requests' => '1',
  'user-agent' => 'Mozilla/5.0 (Windows NT 10.0; WOW64) AppleWebKit/537.36 (KHTML, like Gecko) Chrome/63.0.3239.132 Safari/537.36',
  'accept' => 'text/html,application/xhtml+xml,application/xml;q=0.9,image/webp,image/apng,*/*;q=0.8',
  'accept-encoding' => 'gzip, deflate, br',
  'accept-language' => 'zh-CN,zh;q=0.9',
)
[ info ] [ PARAM ] array (
)
[ info ] [ SESSION ] INIT array (
  'id' => '',
  'var_session_id' => '',
  'prefix' => 'think',
  'type' => '',
  'auto_start' => true,
)
[ info ] [ VIEW ] D:\phpStudy\WWW\mall\thinkphp\tpl\dispatch_jump.tpl [ array (
  0 => 'code',
  1 => 'msg',
  2 => 'data',
  3 => 'url',
  4 => 'wait',
) ]
[ info ] [ LOG ] INIT File
---------------------------------------------------------------
[ 2020-02-08T11:02:13+08:00 ] 0.0.0.0 GET localhost/mall/public/admin/login/index.html
[运行时间：0.044898s] [吞吐率：22.27req/s] [内存消耗：1,845.13kb] [文件加载：47]
[ info ] [ LANG ] D:\phpStudy\WWW\mall\thinkphp\lang\zh-cn.php
[ info ] [ ROUTE ] array (
  'type' => 'module',
  'module' => 
  array (
    0 => 'admin',
    1 => 'login',
    2 => 'index',
  ),
)
[ info ] [ HEADER ] array (
  'host' => 'localhost',
  'connection' => 'keep-alive',
  'upgrade-insecure-requests' => '1',
  'user-agent' => 'Mozilla/5.0 (Windows NT 10.0; WOW64) AppleWebKit/537.36 (KHTML, like Gecko) Chrome/63.0.3239.132 Safari/537.36',
  'accept' => 'text/html,application/xhtml+xml,application/xml;q=0.9,image/webp,image/apng,*/*;q=0.8',
  'referer' => 'http://localhost/mall/public/admin',
  'accept-encoding' => 'gzip, deflate, br',
  'accept-language' => 'zh-CN,zh;q=0.9',
  'cookie' => 'PHPSESSID=fifbveo42dij8gl8splu2u7m03',
)
[ info ] [ PARAM ] array (
)
[ info ] [ RUN ] app\admin\controller\Login->index[ D:\phpStudy\WWW\mall\application\admin\controller\Login.php ]
[ info ] [ VIEW ] D:\phpStudy\WWW\mall\public/../application/admin\view\login\login.html [ array (
) ]
[ info ] [ LOG ] INIT File
---------------------------------------------------------------
[ 2020-02-08T11:02:13+08:00 ] 0.0.0.0 GET localhost/mall/public/captcha.html
[运行时间：0.041313s] [吞吐率：24.21req/s] [内存消耗：1,402.45kb] [文件加载：37]
[ info ] [ LANG ] D:\phpStudy\WWW\mall\thinkphp\lang\zh-cn.php
[ info ] [ ROUTE ] array (
  'type' => 'method',
  'method' => 
  array (
    0 => '\\think\\captcha\\CaptchaController',
    1 => 'index',
  ),
  'var' => 
  array (
  ),
)
[ info ] [ HEADER ] array (
  'host' => 'localhost',
  'connection' => 'keep-alive',
  'user-agent' => 'Mozilla/5.0 (Windows NT 10.0; WOW64) AppleWebKit/537.36 (KHTML, like Gecko) Chrome/63.0.3239.132 Safari/537.36',
  'accept' => 'image/webp,image/apng,image/*,*/*;q=0.8',
  'referer' => 'http://localhost/mall/public/admin/login/index.html',
  'accept-encoding' => 'gzip, deflate, br',
  'accept-language' => 'zh-CN,zh;q=0.9',
  'cookie' => 'PHPSESSID=fifbveo42dij8gl8splu2u7m03',
)
[ info ] [ PARAM ] array (
  'id' => NULL,
)
[ info ] [ RUN ] think\captcha\CaptchaController->index[ D:\phpStudy\WWW\mall\vendor\topthink\think-captcha\src\CaptchaController.php ]
[ info ] [ SESSION ] INIT array (
  'id' => '',
  'var_session_id' => '',
  'prefix' => 'think',
  'type' => '',
  'auto_start' => true,
)
[ info ] [ LOG ] INIT File
---------------------------------------------------------------
[ 2020-02-08T11:04:44+08:00 ] 0.0.0.0 GET localhost/mall/public/admin/login/index.html
[运行时间：0.041108s] [吞吐率：24.33req/s] [内存消耗：1,702.90kb] [文件加载：45]
[ info ] [ LANG ] D:\phpStudy\WWW\mall\thinkphp\lang\zh-cn.php
[ info ] [ ROUTE ] array (
  'type' => 'module',
  'module' => 
  array (
    0 => 'admin',
    1 => 'login',
    2 => 'index',
  ),
)
[ info ] [ HEADER ] array (
  'host' => 'localhost',
  'connection' => 'keep-alive',
  'cache-control' => 'max-age=0',
  'upgrade-insecure-requests' => '1',
  'user-agent' => 'Mozilla/5.0 (Windows NT 10.0; WOW64) AppleWebKit/537.36 (KHTML, like Gecko) Chrome/63.0.3239.132 Safari/537.36',
  'accept' => 'text/html,application/xhtml+xml,application/xml;q=0.9,image/webp,image/apng,*/*;q=0.8',
  'referer' => 'http://localhost/mall/public/admin',
  'accept-encoding' => 'gzip, deflate, br',
  'accept-language' => 'zh-CN,zh;q=0.9',
  'cookie' => 'PHPSESSID=fifbveo42dij8gl8splu2u7m03',
)
[ info ] [ PARAM ] array (
)
[ info ] [ RUN ] app\admin\controller\Login->index[ D:\phpStudy\WWW\mall\application\admin\controller\Login.php ]
[ info ] [ VIEW ] D:\phpStudy\WWW\mall\public/../application/admin\view\login\login.html [ array (
) ]
[ info ] [ LOG ] INIT File
---------------------------------------------------------------
[ 2020-02-08T11:04:44+08:00 ] 0.0.0.0 GET localhost/mall/public/captcha.html
[运行时间：0.041293s] [吞吐率：24.22req/s] [内存消耗：1,402.45kb] [文件加载：37]
[ info ] [ LANG ] D:\phpStudy\WWW\mall\thinkphp\lang\zh-cn.php
[ info ] [ ROUTE ] array (
  'type' => 'method',
  'method' => 
  array (
    0 => '\\think\\captcha\\CaptchaController',
    1 => 'index',
  ),
  'var' => 
  array (
  ),
)
[ info ] [ HEADER ] array (
  'host' => 'localhost',
  'connection' => 'keep-alive',
  'user-agent' => 'Mozilla/5.0 (Windows NT 10.0; WOW64) AppleWebKit/537.36 (KHTML, like Gecko) Chrome/63.0.3239.132 Safari/537.36',
  'accept' => 'image/webp,image/apng,image/*,*/*;q=0.8',
  'referer' => 'http://localhost/mall/public/admin/login/index.html',
  'accept-encoding' => 'gzip, deflate, br',
  'accept-language' => 'zh-CN,zh;q=0.9',
  'cookie' => 'PHPSESSID=fifbveo42dij8gl8splu2u7m03',
)
[ info ] [ PARAM ] array (
  'id' => NULL,
)
[ info ] [ RUN ] think\captcha\CaptchaController->index[ D:\phpStudy\WWW\mall\vendor\topthink\think-captcha\src\CaptchaController.php ]
[ info ] [ SESSION ] INIT array (
  'id' => '',
  'var_session_id' => '',
  'prefix' => 'think',
  'type' => '',
  'auto_start' => true,
)
[ info ] [ LOG ] INIT File
---------------------------------------------------------------
[ 2020-02-08T11:04:44+08:00 ] 0.0.0.0 GET localhost/mall/public/admin/login/index.html
[运行时间：0.034909s] [吞吐率：28.65req/s] [内存消耗：1,702.91kb] [文件加载：45]
[ info ] [ LANG ] D:\phpStudy\WWW\mall\thinkphp\lang\zh-cn.php
[ info ] [ ROUTE ] array (
  'type' => 'module',
  'module' => 
  array (
    0 => 'admin',
    1 => 'login',
    2 => 'index',
  ),
)
[ info ] [ HEADER ] array (
  'host' => 'localhost',
  'connection' => 'keep-alive',
  'cache-control' => 'max-age=0',
  'upgrade-insecure-requests' => '1',
  'user-agent' => 'Mozilla/5.0 (Windows NT 10.0; WOW64) AppleWebKit/537.36 (KHTML, like Gecko) Chrome/63.0.3239.132 Safari/537.36',
  'accept' => 'text/html,application/xhtml+xml,application/xml;q=0.9,image/webp,image/apng,*/*;q=0.8',
  'referer' => 'http://localhost/mall/public/admin',
  'accept-encoding' => 'gzip, deflate, br',
  'accept-language' => 'zh-CN,zh;q=0.9',
  'cookie' => 'PHPSESSID=fifbveo42dij8gl8splu2u7m03',
)
[ info ] [ PARAM ] array (
)
[ info ] [ RUN ] app\admin\controller\Login->index[ D:\phpStudy\WWW\mall\application\admin\controller\Login.php ]
[ info ] [ VIEW ] D:\phpStudy\WWW\mall\public/../application/admin\view\login\login.html [ array (
) ]
[ info ] [ LOG ] INIT File
---------------------------------------------------------------
[ 2020-02-08T11:04:44+08:00 ] 0.0.0.0 GET localhost/mall/public/captcha.html
[运行时间：0.045740s] [吞吐率：21.86req/s] [内存消耗：1,402.45kb] [文件加载：37]
[ info ] [ LANG ] D:\phpStudy\WWW\mall\thinkphp\lang\zh-cn.php
[ info ] [ ROUTE ] array (
  'type' => 'method',
  'method' => 
  array (
    0 => '\\think\\captcha\\CaptchaController',
    1 => 'index',
  ),
  'var' => 
  array (
  ),
)
[ info ] [ HEADER ] array (
  'host' => 'localhost',
  'connection' => 'keep-alive',
  'user-agent' => 'Mozilla/5.0 (Windows NT 10.0; WOW64) AppleWebKit/537.36 (KHTML, like Gecko) Chrome/63.0.3239.132 Safari/537.36',
  'accept' => 'image/webp,image/apng,image/*,*/*;q=0.8',
  'referer' => 'http://localhost/mall/public/admin/login/index.html',
  'accept-encoding' => 'gzip, deflate, br',
  'accept-language' => 'zh-CN,zh;q=0.9',
  'cookie' => 'PHPSESSID=fifbveo42dij8gl8splu2u7m03',
)
[ info ] [ PARAM ] array (
  'id' => NULL,
)
[ info ] [ RUN ] think\captcha\CaptchaController->index[ D:\phpStudy\WWW\mall\vendor\topthink\think-captcha\src\CaptchaController.php ]
[ info ] [ SESSION ] INIT array (
  'id' => '',
  'var_session_id' => '',
  'prefix' => 'think',
  'type' => '',
  'auto_start' => true,
)
[ info ] [ LOG ] INIT File
---------------------------------------------------------------
[ 2020-02-08T11:06:55+08:00 ] 127.0.0.1 GET 127.0.0.1/mall/public/admin/login/index.html
[运行时间：0.038787s] [吞吐率：25.78req/s] [内存消耗：1,702.06kb] [文件加载：45]
[ info ] [ LANG ] D:\phpStudy\WWW\mall\thinkphp\lang\zh-cn.php
[ info ] [ ROUTE ] array (
  'type' => 'module',
  'module' => 
  array (
    0 => 'admin',
    1 => 'login',
    2 => 'index',
  ),
)
[ info ] [ HEADER ] array (
  'host' => '127.0.0.1',
  'connection' => 'keep-alive',
  'upgrade-insecure-requests' => '1',
  'user-agent' => 'Mozilla/5.0 (Windows NT 10.0; WOW64) AppleWebKit/537.36 (KHTML, like Gecko) Chrome/63.0.3239.132 Safari/537.36',
  'accept' => 'text/html,application/xhtml+xml,application/xml;q=0.9,image/webp,image/apng,*/*;q=0.8',
  'accept-encoding' => 'gzip, deflate, br',
  'accept-language' => 'zh-CN,zh;q=0.9',
)
[ info ] [ PARAM ] array (
)
[ info ] [ RUN ] app\admin\controller\Login->index[ D:\phpStudy\WWW\mall\application\admin\controller\Login.php ]
[ info ] [ VIEW ] D:\phpStudy\WWW\mall\public/../application/admin\view\login\login.html [ array (
) ]
[ info ] [ LOG ] INIT File
---------------------------------------------------------------
[ 2020-02-08T11:06:55+08:00 ] 127.0.0.1 GET 127.0.0.1/mall/public/captcha.html
[运行时间：0.045123s] [吞吐率：22.16req/s] [内存消耗：1,402.32kb] [文件加载：37]
[ info ] [ LANG ] D:\phpStudy\WWW\mall\thinkphp\lang\zh-cn.php
[ info ] [ ROUTE ] array (
  'type' => 'method',
  'method' => 
  array (
    0 => '\\think\\captcha\\CaptchaController',
    1 => 'index',
  ),
  'var' => 
  array (
  ),
)
[ info ] [ HEADER ] array (
  'host' => '127.0.0.1',
  'connection' => 'keep-alive',
  'user-agent' => 'Mozilla/5.0 (Windows NT 10.0; WOW64) AppleWebKit/537.36 (KHTML, like Gecko) Chrome/63.0.3239.132 Safari/537.36',
  'accept' => 'image/webp,image/apng,image/*,*/*;q=0.8',
  'referer' => 'http://127.0.0.1/mall/public/admin/login/index.html',
  'accept-encoding' => 'gzip, deflate, br',
  'accept-language' => 'zh-CN,zh;q=0.9',
)
[ info ] [ PARAM ] array (
  'id' => NULL,
)
[ info ] [ RUN ] think\captcha\CaptchaController->index[ D:\phpStudy\WWW\mall\vendor\topthink\think-captcha\src\CaptchaController.php ]
[ info ] [ SESSION ] INIT array (
  'id' => '',
  'var_session_id' => '',
  'prefix' => 'think',
  'type' => '',
  'auto_start' => true,
)
[ info ] [ LOG ] INIT File
---------------------------------------------------------------
[ 2020-02-08T11:07:17+08:00 ] 127.0.0.1 GET 127.0.0.1/mall/public/admin/login/index.html
[运行时间：0.036040s] [吞吐率：27.75req/s] [内存消耗：1,702.64kb] [文件加载：45]
[ info ] [ LANG ] D:\phpStudy\WWW\mall\thinkphp\lang\zh-cn.php
[ info ] [ ROUTE ] array (
  'type' => 'module',
  'module' => 
  array (
    0 => 'admin',
    1 => 'login',
    2 => 'index',
  ),
)
[ info ] [ HEADER ] array (
  'host' => '127.0.0.1',
  'connection' => 'keep-alive',
  'cache-control' => 'max-age=0',
  'upgrade-insecure-requests' => '1',
  'user-agent' => 'Mozilla/5.0 (Windows NT 10.0; WOW64) AppleWebKit/537.36 (KHTML, like Gecko) Chrome/63.0.3239.132 Safari/537.36',
  'accept' => 'text/html,application/xhtml+xml,application/xml;q=0.9,image/webp,image/apng,*/*;q=0.8',
  'accept-encoding' => 'gzip, deflate, br',
  'accept-language' => 'zh-CN,zh;q=0.9',
  'cookie' => 'PHPSESSID=npau9e6df43ruipaqv1j6m5ds3',
)
[ info ] [ PARAM ] array (
)
[ info ] [ RUN ] app\admin\controller\Login->index[ D:\phpStudy\WWW\mall\application\admin\controller\Login.php ]
[ info ] [ VIEW ] D:\phpStudy\WWW\mall\public/../application/admin\view\login\login.html [ array (
) ]
[ info ] [ LOG ] INIT File
---------------------------------------------------------------
[ 2020-02-08T11:07:17+08:00 ] 127.0.0.1 GET 127.0.0.1/mall/public/captcha.html
[运行时间：0.036404s] [吞吐率：27.47req/s] [内存消耗：1,402.41kb] [文件加载：37]
[ info ] [ LANG ] D:\phpStudy\WWW\mall\thinkphp\lang\zh-cn.php
[ info ] [ ROUTE ] array (
  'type' => 'method',
  'method' => 
  array (
    0 => '\\think\\captcha\\CaptchaController',
    1 => 'index',
  ),
  'var' => 
  array (
  ),
)
[ info ] [ HEADER ] array (
  'host' => '127.0.0.1',
  'connection' => 'keep-alive',
  'user-agent' => 'Mozilla/5.0 (Windows NT 10.0; WOW64) AppleWebKit/537.36 (KHTML, like Gecko) Chrome/63.0.3239.132 Safari/537.36',
  'accept' => 'image/webp,image/apng,image/*,*/*;q=0.8',
  'referer' => 'http://127.0.0.1/mall/public/admin/login/index.html',
  'accept-encoding' => 'gzip, deflate, br',
  'accept-language' => 'zh-CN,zh;q=0.9',
  'cookie' => 'PHPSESSID=npau9e6df43ruipaqv1j6m5ds3',
)
[ info ] [ PARAM ] array (
  'id' => NULL,
)
[ info ] [ RUN ] think\captcha\CaptchaController->index[ D:\phpStudy\WWW\mall\vendor\topthink\think-captcha\src\CaptchaController.php ]
[ info ] [ SESSION ] INIT array (
  'id' => '',
  'var_session_id' => '',
  'prefix' => 'think',
  'type' => '',
  'auto_start' => true,
)
[ info ] [ LOG ] INIT File
---------------------------------------------------------------
[ 2020-02-08T11:07:29+08:00 ] 127.0.0.1 GET www.mall.com/admin/login/index.html
[运行时间：0.042130s] [吞吐率：23.74req/s] [内存消耗：1,701.98kb] [文件加载：45]
[ info ] [ LANG ] D:\phpStudy\WWW\mall\thinkphp\lang\zh-cn.php
[ info ] [ ROUTE ] array (
  'type' => 'module',
  'module' => 
  array (
    0 => 'admin',
    1 => 'login',
    2 => 'index',
  ),
)
[ info ] [ HEADER ] array (
  'host' => 'www.mall.com',
  'connection' => 'keep-alive',
  'upgrade-insecure-requests' => '1',
  'user-agent' => 'Mozilla/5.0 (Windows NT 10.0; WOW64) AppleWebKit/537.36 (KHTML, like Gecko) Chrome/63.0.3239.132 Safari/537.36',
  'accept' => 'text/html,application/xhtml+xml,application/xml;q=0.9,image/webp,image/apng,*/*;q=0.8',
  'accept-encoding' => 'gzip, deflate',
  'accept-language' => 'zh-CN,zh;q=0.9',
)
[ info ] [ PARAM ] array (
)
[ info ] [ RUN ] app\admin\controller\Login->index[ D:\phpStudy\WWW\mall\application\admin\controller\Login.php ]
[ info ] [ VIEW ] D:\phpStudy\WWW\mall\public/../application/admin\view\login\login.html [ array (
) ]
[ info ] [ LOG ] INIT File
---------------------------------------------------------------
[ 2020-02-08T11:07:29+08:00 ] 127.0.0.1 GET www.mall.com/captcha.html
[运行时间：0.034763s] [吞吐率：28.77req/s] [内存消耗：1,402.27kb] [文件加载：37]
[ info ] [ LANG ] D:\phpStudy\WWW\mall\thinkphp\lang\zh-cn.php
[ info ] [ ROUTE ] array (
  'type' => 'method',
  'method' => 
  array (
    0 => '\\think\\captcha\\CaptchaController',
    1 => 'index',
  ),
  'var' => 
  array (
  ),
)
[ info ] [ HEADER ] array (
  'host' => 'www.mall.com',
  'connection' => 'keep-alive',
  'user-agent' => 'Mozilla/5.0 (Windows NT 10.0; WOW64) AppleWebKit/537.36 (KHTML, like Gecko) Chrome/63.0.3239.132 Safari/537.36',
  'accept' => 'image/webp,image/apng,image/*,*/*;q=0.8',
  'referer' => 'http://www.mall.com/admin/login/index.html',
  'accept-encoding' => 'gzip, deflate',
  'accept-language' => 'zh-CN,zh;q=0.9',
)
[ info ] [ PARAM ] array (
  'id' => NULL,
)
[ info ] [ RUN ] think\captcha\CaptchaController->index[ D:\phpStudy\WWW\mall\vendor\topthink\think-captcha\src\CaptchaController.php ]
[ info ] [ SESSION ] INIT array (
  'id' => '',
  'var_session_id' => '',
  'prefix' => 'think',
  'type' => '',
  'auto_start' => true,
)
[ info ] [ LOG ] INIT File
---------------------------------------------------------------
[ 2020-02-08T11:07:44+08:00 ] 127.0.0.1 POST www.mall.com/admin/login/ajaxlogin.html
[运行时间：0.073357s] [吞吐率：13.63req/s] [内存消耗：2,489.10kb] [文件加载：51]
[ info ] [ LANG ] D:\phpStudy\WWW\mall\thinkphp\lang\zh-cn.php
[ info ] [ ROUTE ] array (
  'type' => 'module',
  'module' => 
  array (
    0 => 'admin',
    1 => 'login',
    2 => 'ajaxlogin',
  ),
)
[ info ] [ HEADER ] array (
  'host' => 'www.mall.com',
  'connection' => 'keep-alive',
  'content-length' => '40',
  'accept' => 'application/json, text/javascript, */*; q=0.01',
  'origin' => 'http://www.mall.com',
  'x-requested-with' => 'XMLHttpRequest',
  'user-agent' => 'Mozilla/5.0 (Windows NT 10.0; WOW64) AppleWebKit/537.36 (KHTML, like Gecko) Chrome/63.0.3239.132 Safari/537.36',
  'content-type' => 'application/x-www-form-urlencoded; charset=UTF-8',
  'referer' => 'http://www.mall.com/admin/login/index.html',
  'accept-encoding' => 'gzip, deflate',
  'accept-language' => 'zh-CN,zh;q=0.9',
  'cookie' => 'PHPSESSID=2g72fnvjv9s5emd82dlh4o20o3',
)
[ info ] [ PARAM ] array (
  'username' => 'admin',
  'password' => '123456',
  'code' => 'vnu2',
)
[ info ] [ RUN ] app\admin\controller\Login->ajaxLogin[ D:\phpStudy\WWW\mall\application\admin\controller\Login.php ]
[ info ] [ SESSION ] INIT array (
  'id' => '',
  'var_session_id' => '',
  'prefix' => 'think',
  'type' => '',
  'auto_start' => true,
)
[ info ] [ DB ] INIT mysql
[ info ] [ LOG ] INIT File
[ sql ] [ DB ] CONNECT:[ UseTime:0.003394s ] mysql:host=127.0.0.1;dbname=mall;charset=utf8
[ sql ] [ SQL ] SHOW COLUMNS FROM `qy_admin` [ RunTime:0.019500s ]
[ sql ] [ SQL ] SELECT * FROM `qy_admin` WHERE  `username` = 'admin' LIMIT 1 [ RunTime:0.001257s ]
---------------------------------------------------------------
[ 2020-02-08T11:07:45+08:00 ] 127.0.0.1 GET www.mall.com/admin/index/index.html
[运行时间：0.182663s] [吞吐率：5.47req/s] [内存消耗：2,746.04kb] [文件加载：56]
[ info ] [ LANG ] D:\phpStudy\WWW\mall\thinkphp\lang\zh-cn.php
[ info ] [ ROUTE ] array (
  'type' => 'module',
  'module' => 
  array (
    0 => 'admin',
    1 => 'index',
    2 => 'index',
  ),
)
[ info ] [ HEADER ] array (
  'host' => 'www.mall.com',
  'connection' => 'keep-alive',
  'upgrade-insecure-requests' => '1',
  'user-agent' => 'Mozilla/5.0 (Windows NT 10.0; WOW64) AppleWebKit/537.36 (KHTML, like Gecko) Chrome/63.0.3239.132 Safari/537.36',
  'accept' => 'text/html,application/xhtml+xml,application/xml;q=0.9,image/webp,image/apng,*/*;q=0.8',
  'referer' => 'http://www.mall.com/admin/login/index.html',
  'accept-encoding' => 'gzip, deflate',
  'accept-language' => 'zh-CN,zh;q=0.9',
  'cookie' => 'PHPSESSID=2g72fnvjv9s5emd82dlh4o20o3',
)
[ info ] [ PARAM ] array (
)
[ info ] [ SESSION ] INIT array (
  'id' => '',
  'var_session_id' => '',
  'prefix' => 'think',
  'type' => '',
  'auto_start' => true,
)
[ info ] [ DB ] INIT mysql
[ info ] [ RUN ] app\admin\controller\Index->index[ D:\phpStudy\WWW\mall\application\admin\controller\Index.php ]
[ info ] [ VIEW ] D:\phpStudy\WWW\mall\public/../application/admin\view\index\index.html [ array (
  0 => 'rulesName',
  1 => 'username',
  2 => 'userid',
) ]
[ info ] [ LOG ] INIT File
[ sql ] [ DB ] CONNECT:[ UseTime:0.001638s ] mysql:host=127.0.0.1;dbname=mall;charset=utf8
[ sql ] [ SQL ] SHOW COLUMNS FROM `qy_auth_group_access` [ RunTime:0.036623s ]
[ sql ] [ SQL ] SELECT `auth_group_access`.`uid`,`auth_group_access`.`group_id`,`auth_group`.`title`,`auth_group`.`rules` FROM `qy_auth_group_access` `auth_group_access` INNER JOIN `qy_auth_group` `auth_group` ON `auth_group_access`.`group_id`=`auth_group`.`id` WHERE  `status` = 1  AND `auth_group_access`.`uid` = 37 [ RunTime:0.002365s ]
[ sql ] [ SQL ] SHOW COLUMNS FROM `qy_auth_rule` [ RunTime:0.021509s ]
[ sql ] [ SQL ] SELECT `name` FROM `qy_auth_rule` WHERE  `id` = 32 LIMIT 1 [ RunTime:0.000931s ]
[ sql ] [ SQL ] SELECT `name` FROM `qy_auth_rule` WHERE  `id` = 33 LIMIT 1 [ RunTime:0.000587s ]
[ sql ] [ SQL ] SELECT `name` FROM `qy_auth_rule` WHERE  `id` = 34 LIMIT 1 [ RunTime:0.000535s ]
[ sql ] [ SQL ] SELECT `name` FROM `qy_auth_rule` WHERE  `id` = 35 LIMIT 1 [ RunTime:0.000532s ]
[ sql ] [ SQL ] SELECT `name` FROM `qy_auth_rule` WHERE  `id` = 3 LIMIT 1 [ RunTime:0.000529s ]
[ sql ] [ SQL ] SELECT `name` FROM `qy_auth_rule` WHERE  `id` = 4 LIMIT 1 [ RunTime:0.000525s ]
[ sql ] [ SQL ] SELECT `name` FROM `qy_auth_rule` WHERE  `id` = 5 LIMIT 1 [ RunTime:0.000531s ]
[ sql ] [ SQL ] SELECT `name` FROM `qy_auth_rule` WHERE  `id` = 6 LIMIT 1 [ RunTime:0.000527s ]
[ sql ] [ SQL ] SELECT `name` FROM `qy_auth_rule` WHERE  `id` = 79 LIMIT 1 [ RunTime:0.000522s ]
[ sql ] [ SQL ] SELECT `name` FROM `qy_auth_rule` WHERE  `id` = 8 LIMIT 1 [ RunTime:0.000529s ]
[ sql ] [ SQL ] SELECT `name` FROM `qy_auth_rule` WHERE  `id` = 9 LIMIT 1 [ RunTime:0.000522s ]
[ sql ] [ SQL ] SELECT `name` FROM `qy_auth_rule` WHERE  `id` = 10 LIMIT 1 [ RunTime:0.000564s ]
[ sql ] [ SQL ] SELECT `name` FROM `qy_auth_rule` WHERE  `id` = 11 LIMIT 1 [ RunTime:0.001169s ]
[ sql ] [ SQL ] SELECT `name` FROM `qy_auth_rule` WHERE  `id` = 13 LIMIT 1 [ RunTime:0.002492s ]
[ sql ] [ SQL ] SELECT `name` FROM `qy_auth_rule` WHERE  `id` = 14 LIMIT 1 [ RunTime:0.001629s ]
[ sql ] [ SQL ] SELECT `name` FROM `qy_auth_rule` WHERE  `id` = 15 LIMIT 1 [ RunTime:0.001466s ]
[ sql ] [ SQL ] SELECT `name` FROM `qy_auth_rule` WHERE  `id` = 16 LIMIT 1 [ RunTime:0.000695s ]
[ sql ] [ SQL ] SELECT `name` FROM `qy_auth_rule` WHERE  `id` = 78 LIMIT 1 [ RunTime:0.000616s ]
[ sql ] [ SQL ] SELECT `name` FROM `qy_auth_rule` WHERE  `id` = 19 LIMIT 1 [ RunTime:0.000634s ]
[ sql ] [ SQL ] SELECT `name` FROM `qy_auth_rule` WHERE  `id` = 20 LIMIT 1 [ RunTime:0.000670s ]
[ sql ] [ SQL ] SELECT `name` FROM `qy_auth_rule` WHERE  `id` = 21 LIMIT 1 [ RunTime:0.000637s ]
[ sql ] [ SQL ] SELECT `name` FROM `qy_auth_rule` WHERE  `id` = 22 LIMIT 1 [ RunTime:0.000713s ]
[ sql ] [ SQL ] SELECT `name` FROM `qy_auth_rule` WHERE  `id` = 25 LIMIT 1 [ RunTime:0.000718s ]
[ sql ] [ SQL ] SELECT `name` FROM `qy_auth_rule` WHERE  `id` = 27 LIMIT 1 [ RunTime:0.000638s ]
[ sql ] [ SQL ] SELECT `name` FROM `qy_auth_rule` WHERE  `id` = 28 LIMIT 1 [ RunTime:0.000619s ]
[ sql ] [ SQL ] SELECT `name` FROM `qy_auth_rule` WHERE  `id` = 31 LIMIT 1 [ RunTime:0.000621s ]
[ sql ] [ SQL ] SELECT `name` FROM `qy_auth_rule` WHERE  `id` = 26 LIMIT 1 [ RunTime:0.000637s ]
[ sql ] [ SQL ] SELECT `name` FROM `qy_auth_rule` WHERE  `id` = 36 LIMIT 1 [ RunTime:0.001845s ]
[ sql ] [ SQL ] SELECT `name` FROM `qy_auth_rule` WHERE  `id` = 37 LIMIT 1 [ RunTime:0.000920s ]
[ sql ] [ SQL ] SELECT `name` FROM `qy_auth_rule` WHERE  `id` = 38 LIMIT 1 [ RunTime:0.000838s ]
[ sql ] [ SQL ] SELECT `name` FROM `qy_auth_rule` WHERE  `id` = 43 LIMIT 1 [ RunTime:0.001154s ]
[ sql ] [ SQL ] SELECT `name` FROM `qy_auth_rule` WHERE  `id` = 44 LIMIT 1 [ RunTime:0.000779s ]
[ sql ] [ SQL ] SELECT `name` FROM `qy_auth_rule` WHERE  `id` = 45 LIMIT 1 [ RunTime:0.000646s ]
[ sql ] [ SQL ] SELECT `name` FROM `qy_auth_rule` WHERE  `id` = 46 LIMIT 1 [ RunTime:0.000672s ]
[ sql ] [ SQL ] SELECT `name` FROM `qy_auth_rule` WHERE  `id` = 47 LIMIT 1 [ RunTime:0.000637s ]
[ sql ] [ SQL ] SELECT `name` FROM `qy_auth_rule` WHERE  `id` = 49 LIMIT 1 [ RunTime:0.000608s ]
[ sql ] [ SQL ] SELECT `name` FROM `qy_auth_rule` WHERE  `id` = 50 LIMIT 1 [ RunTime:0.000546s ]
[ sql ] [ SQL ] SELECT `name` FROM `qy_auth_rule` WHERE  `id` = 51 LIMIT 1 [ RunTime:0.000524s ]
[ sql ] [ SQL ] SELECT `name` FROM `qy_auth_rule` WHERE  `id` = 52 LIMIT 1 [ RunTime:0.000528s ]
[ sql ] [ SQL ] SELECT `name` FROM `qy_auth_rule` WHERE  `id` = 54 LIMIT 1 [ RunTime:0.000521s ]
[ sql ] [ SQL ] SELECT `name` FROM `qy_auth_rule` WHERE  `id` = 56 LIMIT 1 [ RunTime:0.000520s ]
[ sql ] [ SQL ] SELECT `name` FROM `qy_auth_rule` WHERE  `id` = 57 LIMIT 1 [ RunTime:0.000556s ]
[ sql ] [ SQL ] SELECT `name` FROM `qy_auth_rule` WHERE  `id` = 58 LIMIT 1 [ RunTime:0.000636s ]
[ sql ] [ SQL ] SELECT `name` FROM `qy_auth_rule` WHERE  `id` = 59 LIMIT 1 [ RunTime:0.000623s ]
[ sql ] [ SQL ] SELECT `name` FROM `qy_auth_rule` WHERE  `id` = 61 LIMIT 1 [ RunTime:0.000621s ]
[ sql ] [ SQL ] SELECT `name` FROM `qy_auth_rule` WHERE  `id` = 62 LIMIT 1 [ RunTime:0.000634s ]
[ sql ] [ SQL ] SELECT `name` FROM `qy_auth_rule` WHERE  `id` = 63 LIMIT 1 [ RunTime:0.001638s ]
[ sql ] [ SQL ] SELECT `name` FROM `qy_auth_rule` WHERE  `id` = 64 LIMIT 1 [ RunTime:0.000761s ]
[ sql ] [ SQL ] SELECT `name` FROM `qy_auth_rule` WHERE  `id` = 66 LIMIT 1 [ RunTime:0.000658s ]
[ sql ] [ SQL ] SELECT `name` FROM `qy_auth_rule` WHERE  `id` = 67 LIMIT 1 [ RunTime:0.000554s ]
[ sql ] [ SQL ] SELECT `name` FROM `qy_auth_rule` WHERE  `id` = 68 LIMIT 1 [ RunTime:0.000534s ]
[ sql ] [ SQL ] SELECT `name` FROM `qy_auth_rule` WHERE  `id` = 69 LIMIT 1 [ RunTime:0.000527s ]
[ sql ] [ SQL ] SELECT `name` FROM `qy_auth_rule` WHERE  `id` = 70 LIMIT 1 [ RunTime:0.000523s ]
[ sql ] [ SQL ] SELECT `name` FROM `qy_auth_rule` WHERE  `id` = 71 LIMIT 1 [ RunTime:0.000526s ]
[ sql ] [ SQL ] SELECT `name` FROM `qy_auth_rule` WHERE  `id` = 72 LIMIT 1 [ RunTime:0.000530s ]
[ sql ] [ SQL ] SELECT `name` FROM `qy_auth_rule` WHERE  `id` = 74 LIMIT 1 [ RunTime:0.000523s ]
[ sql ] [ SQL ] SELECT `name` FROM `qy_auth_rule` WHERE  `id` = 75 LIMIT 1 [ RunTime:0.000575s ]
[ sql ] [ SQL ] SELECT `name` FROM `qy_auth_rule` WHERE  `id` = 76 LIMIT 1 [ RunTime:0.000626s ]
[ sql ] [ SQL ] SELECT `name` FROM `qy_auth_rule` WHERE  `id` = 77 LIMIT 1 [ RunTime:0.000636s ]
---------------------------------------------------------------
[ 2020-02-08T11:07:45+08:00 ] 127.0.0.1 GET www.mall.com/admin/index/console.html
[运行时间：0.273526s] [吞吐率：3.66req/s] [内存消耗：2,701.86kb] [文件加载：56]
[ info ] [ LANG ] D:\phpStudy\WWW\mall\thinkphp\lang\zh-cn.php
[ info ] [ ROUTE ] array (
  'type' => 'module',
  'module' => 
  array (
    0 => 'admin',
    1 => 'index',
    2 => 'console',
  ),
)
[ info ] [ HEADER ] array (
  'host' => 'www.mall.com',
  'connection' => 'keep-alive',
  'upgrade-insecure-requests' => '1',
  'user-agent' => 'Mozilla/5.0 (Windows NT 10.0; WOW64) AppleWebKit/537.36 (KHTML, like Gecko) Chrome/63.0.3239.132 Safari/537.36',
  'accept' => 'text/html,application/xhtml+xml,application/xml;q=0.9,image/webp,image/apng,*/*;q=0.8',
  'referer' => 'http://www.mall.com/admin/index/index.html',
  'accept-encoding' => 'gzip, deflate',
  'accept-language' => 'zh-CN,zh;q=0.9',
  'cookie' => 'PHPSESSID=2g72fnvjv9s5emd82dlh4o20o3',
)
[ info ] [ PARAM ] array (
)
[ info ] [ SESSION ] INIT array (
  'id' => '',
  'var_session_id' => '',
  'prefix' => 'think',
  'type' => '',
  'auto_start' => true,
)
[ info ] [ DB ] INIT mysql
[ info ] [ RUN ] app\admin\controller\Index->console[ D:\phpStudy\WWW\mall\application\admin\controller\Index.php ]
[ info ] [ VIEW ] D:\phpStudy\WWW\mall\public/../application/admin\view\index\console.html [ array (
  0 => 'rulesName',
  1 => 'articleNum',
  2 => 'todayArticle',
  3 => 'productNum',
  4 => 'todayProduct',
) ]
[ info ] [ LOG ] INIT File
[ sql ] [ DB ] CONNECT:[ UseTime:0.002238s ] mysql:host=127.0.0.1;dbname=mall;charset=utf8
[ sql ] [ SQL ] SHOW COLUMNS FROM `qy_auth_group_access` [ RunTime:0.035365s ]
[ sql ] [ SQL ] SELECT `auth_group_access`.`uid`,`auth_group_access`.`group_id`,`auth_group`.`title`,`auth_group`.`rules` FROM `qy_auth_group_access` `auth_group_access` INNER JOIN `qy_auth_group` `auth_group` ON `auth_group_access`.`group_id`=`auth_group`.`id` WHERE  `status` = 1  AND `auth_group_access`.`uid` = 37 [ RunTime:0.004202s ]
[ sql ] [ SQL ] SHOW COLUMNS FROM `qy_auth_rule` [ RunTime:0.026457s ]
[ sql ] [ SQL ] SELECT `name` FROM `qy_auth_rule` WHERE  `id` = 32 LIMIT 1 [ RunTime:0.001333s ]
[ sql ] [ SQL ] SELECT `name` FROM `qy_auth_rule` WHERE  `id` = 33 LIMIT 1 [ RunTime:0.001133s ]
[ sql ] [ SQL ] SELECT `name` FROM `qy_auth_rule` WHERE  `id` = 34 LIMIT 1 [ RunTime:0.003702s ]
[ sql ] [ SQL ] SELECT `name` FROM `qy_auth_rule` WHERE  `id` = 35 LIMIT 1 [ RunTime:0.001810s ]
[ sql ] [ SQL ] SELECT `name` FROM `qy_auth_rule` WHERE  `id` = 3 LIMIT 1 [ RunTime:0.001024s ]
[ sql ] [ SQL ] SELECT `name` FROM `qy_auth_rule` WHERE  `id` = 4 LIMIT 1 [ RunTime:0.000937s ]
[ sql ] [ SQL ] SELECT `name` FROM `qy_auth_rule` WHERE  `id` = 5 LIMIT 1 [ RunTime:0.000921s ]
[ sql ] [ SQL ] SELECT `name` FROM `qy_auth_rule` WHERE  `id` = 6 LIMIT 1 [ RunTime:0.000909s ]
[ sql ] [ SQL ] SELECT `name` FROM `qy_auth_rule` WHERE  `id` = 79 LIMIT 1 [ RunTime:0.000909s ]
[ sql ] [ SQL ] SELECT `name` FROM `qy_auth_rule` WHERE  `id` = 8 LIMIT 1 [ RunTime:0.000909s ]
[ sql ] [ SQL ] SELECT `name` FROM `qy_auth_rule` WHERE  `id` = 9 LIMIT 1 [ RunTime:0.000902s ]
[ sql ] [ SQL ] SELECT `name` FROM `qy_auth_rule` WHERE  `id` = 10 LIMIT 1 [ RunTime:0.000906s ]
[ sql ] [ SQL ] SELECT `name` FROM `qy_auth_rule` WHERE  `id` = 11 LIMIT 1 [ RunTime:0.000908s ]
[ sql ] [ SQL ] SELECT `name` FROM `qy_auth_rule` WHERE  `id` = 13 LIMIT 1 [ RunTime:0.002990s ]
[ sql ] [ SQL ] SELECT `name` FROM `qy_auth_rule` WHERE  `id` = 14 LIMIT 1 [ RunTime:0.001448s ]
[ sql ] [ SQL ] SELECT `name` FROM `qy_auth_rule` WHERE  `id` = 15 LIMIT 1 [ RunTime:0.000938s ]
[ sql ] [ SQL ] SELECT `name` FROM `qy_auth_rule` WHERE  `id` = 16 LIMIT 1 [ RunTime:0.000948s ]
[ sql ] [ SQL ] SELECT `name` FROM `qy_auth_rule` WHERE  `id` = 78 LIMIT 1 [ RunTime:0.000946s ]
[ sql ] [ SQL ] SELECT `name` FROM `qy_auth_rule` WHERE  `id` = 19 LIMIT 1 [ RunTime:0.000928s ]
[ sql ] [ SQL ] SELECT `name` FROM `qy_auth_rule` WHERE  `id` = 20 LIMIT 1 [ RunTime:0.000915s ]
[ sql ] [ SQL ] SELECT `name` FROM `qy_auth_rule` WHERE  `id` = 21 LIMIT 1 [ RunTime:0.000911s ]
[ sql ] [ SQL ] SELECT `name` FROM `qy_auth_rule` WHERE  `id` = 22 LIMIT 1 [ RunTime:0.000921s ]
[ sql ] [ SQL ] SELECT `name` FROM `qy_auth_rule` WHERE  `id` = 25 LIMIT 1 [ RunTime:0.000957s ]
[ sql ] [ SQL ] SELECT `name` FROM `qy_auth_rule` WHERE  `id` = 27 LIMIT 1 [ RunTime:0.000915s ]
[ sql ] [ SQL ] SELECT `name` FROM `qy_auth_rule` WHERE  `id` = 28 LIMIT 1 [ RunTime:0.000991s ]
[ sql ] [ SQL ] SELECT `name` FROM `qy_auth_rule` WHERE  `id` = 31 LIMIT 1 [ RunTime:0.000959s ]
[ sql ] [ SQL ] SELECT `name` FROM `qy_auth_rule` WHERE  `id` = 26 LIMIT 1 [ RunTime:0.002689s ]
[ sql ] [ SQL ] SELECT `name` FROM `qy_auth_rule` WHERE  `id` = 36 LIMIT 1 [ RunTime:0.001528s ]
[ sql ] [ SQL ] SELECT `name` FROM `qy_auth_rule` WHERE  `id` = 37 LIMIT 1 [ RunTime:0.001012s ]
[ sql ] [ SQL ] SELECT `name` FROM `qy_auth_rule` WHERE  `id` = 38 LIMIT 1 [ RunTime:0.001005s ]
[ sql ] [ SQL ] SELECT `name` FROM `qy_auth_rule` WHERE  `id` = 43 LIMIT 1 [ RunTime:0.001004s ]
[ sql ] [ SQL ] SELECT `name` FROM `qy_auth_rule` WHERE  `id` = 44 LIMIT 1 [ RunTime:0.000979s ]
[ sql ] [ SQL ] SELECT `name` FROM `qy_auth_rule` WHERE  `id` = 45 LIMIT 1 [ RunTime:0.000957s ]
[ sql ] [ SQL ] SELECT `name` FROM `qy_auth_rule` WHERE  `id` = 46 LIMIT 1 [ RunTime:0.001039s ]
[ sql ] [ SQL ] SELECT `name` FROM `qy_auth_rule` WHERE  `id` = 47 LIMIT 1 [ RunTime:0.000998s ]
[ sql ] [ SQL ] SELECT `name` FROM `qy_auth_rule` WHERE  `id` = 49 LIMIT 1 [ RunTime:0.000965s ]
[ sql ] [ SQL ] SELECT `name` FROM `qy_auth_rule` WHERE  `id` = 50 LIMIT 1 [ RunTime:0.000977s ]
[ sql ] [ SQL ] SELECT `name` FROM `qy_auth_rule` WHERE  `id` = 51 LIMIT 1 [ RunTime:0.000987s ]
[ sql ] [ SQL ] SELECT `name` FROM `qy_auth_rule` WHERE  `id` = 52 LIMIT 1 [ RunTime:0.001593s ]
[ sql ] [ SQL ] SELECT `name` FROM `qy_auth_rule` WHERE  `id` = 54 LIMIT 1 [ RunTime:0.003935s ]
[ sql ] [ SQL ] SELECT `name` FROM `qy_auth_rule` WHERE  `id` = 56 LIMIT 1 [ RunTime:0.002502s ]
[ sql ] [ SQL ] SELECT `name` FROM `qy_auth_rule` WHERE  `id` = 57 LIMIT 1 [ RunTime:0.001314s ]
[ sql ] [ SQL ] SELECT `name` FROM `qy_auth_rule` WHERE  `id` = 58 LIMIT 1 [ RunTime:0.001087s ]
[ sql ] [ SQL ] SELECT `name` FROM `qy_auth_rule` WHERE  `id` = 59 LIMIT 1 [ RunTime:0.001197s ]
[ sql ] [ SQL ] SELECT `name` FROM `qy_auth_rule` WHERE  `id` = 61 LIMIT 1 [ RunTime:0.001090s ]
[ sql ] [ SQL ] SELECT `name` FROM `qy_auth_rule` WHERE  `id` = 62 LIMIT 1 [ RunTime:0.001069s ]
[ sql ] [ SQL ] SELECT `name` FROM `qy_auth_rule` WHERE  `id` = 63 LIMIT 1 [ RunTime:0.001014s ]
[ sql ] [ SQL ] SELECT `name` FROM `qy_auth_rule` WHERE  `id` = 64 LIMIT 1 [ RunTime:0.001703s ]
[ sql ] [ SQL ] SELECT `name` FROM `qy_auth_rule` WHERE  `id` = 66 LIMIT 1 [ RunTime:0.003559s ]
[ sql ] [ SQL ] SELECT `name` FROM `qy_auth_rule` WHERE  `id` = 67 LIMIT 1 [ RunTime:0.001323s ]
[ sql ] [ SQL ] SELECT `name` FROM `qy_auth_rule` WHERE  `id` = 68 LIMIT 1 [ RunTime:0.000937s ]
[ sql ] [ SQL ] SELECT `name` FROM `qy_auth_rule` WHERE  `id` = 69 LIMIT 1 [ RunTime:0.000980s ]
[ sql ] [ SQL ] SELECT `name` FROM `qy_auth_rule` WHERE  `id` = 70 LIMIT 1 [ RunTime:0.000990s ]
[ sql ] [ SQL ] SELECT `name` FROM `qy_auth_rule` WHERE  `id` = 71 LIMIT 1 [ RunTime:0.000945s ]
[ sql ] [ SQL ] SELECT `name` FROM `qy_auth_rule` WHERE  `id` = 72 LIMIT 1 [ RunTime:0.001018s ]
[ sql ] [ SQL ] SELECT `name` FROM `qy_auth_rule` WHERE  `id` = 74 LIMIT 1 [ RunTime:0.000917s ]
[ sql ] [ SQL ] SELECT `name` FROM `qy_auth_rule` WHERE  `id` = 75 LIMIT 1 [ RunTime:0.000992s ]
[ sql ] [ SQL ] SELECT `name` FROM `qy_auth_rule` WHERE  `id` = 76 LIMIT 1 [ RunTime:0.000921s ]
[ sql ] [ SQL ] SELECT `name` FROM `qy_auth_rule` WHERE  `id` = 77 LIMIT 1 [ RunTime:0.000921s ]
[ sql ] [ SQL ] SHOW COLUMNS FROM `qy_article` [ RunTime:0.023150s ]
[ sql ] [ SQL ] SELECT COUNT(*) AS tp_count FROM `qy_article` LIMIT 1 [ RunTime:0.001265s ]
[ sql ] [ SQL ] SELECT COUNT(*) AS tp_count FROM `qy_article` WHERE  `data` BETWEEN '1581091200' AND '1581177600' LIMIT 1 [ RunTime:0.001019s ]
[ sql ] [ SQL ] SHOW COLUMNS FROM `qy_product` [ RunTime:0.030208s ]
[ sql ] [ SQL ] SELECT COUNT(*) AS tp_count FROM `qy_product` LIMIT 1 [ RunTime:0.001212s ]
[ sql ] [ SQL ] SELECT COUNT(*) AS tp_count FROM `qy_product` WHERE  `data` BETWEEN '1581091200' AND '1581177600' LIMIT 1 [ RunTime:0.001306s ]
