---------------------------------------------------------------
[ 2020-03-23T23:16:48+08:00 ] 127.0.0.1 GET www.mall.com/api/index
[运行时间：0.549154s] [吞吐率：1.82req/s] [内存消耗：2,557.52kb] [文件加载：51]
[ info ] [ LANG ] D:\phpStudy\WWW\mall\thinkphp\lang\zh-cn.php
[ info ] [ ROUTE ] array (
  'type' => 'module',
  'module' => 
  array (
    0 => 'api',
    1 => 'index',
    2 => NULL,
  ),
)
[ info ] [ HEADER ] array (
  'host' => 'www.mall.com',
  'origin' => 'http://localhost:8080',
  'user-agent' => 'Mozilla/5.0 (iPhone; CPU iPhone OS 11_0 like Mac OS X) AppleWebKit/604.1.38 (KHTML, like Gecko) Version/11.0 Mobile/15A372 Safari/604.1',
  'accept' => '*/*',
  'referer' => 'http://localhost:8080/',
  'accept-encoding' => 'gzip, deflate',
  'accept-language' => 'zh-CN,zh;q=0.9',
  'connection' => 'keep-alive',
)
[ info ] [ PARAM ] array (
)
[ info ] [ RUN ] app\Api\controller\Index->index[ D:\phpStudy\WWW\mall\application\Api\controller\Index.php ]
[ info ] [ DB ] INIT mysql
[ info ] [ LOG ] INIT File
[ sql ] [ DB ] CONNECT:[ UseTime:0.022525s ] mysql:host=127.0.0.1;dbname=mall;charset=utf8
[ sql ] [ SQL ] SHOW COLUMNS FROM `qy_banner` [ RunTime:0.087705s ]
[ sql ] [ SQL ] SELECT * FROM `qy_banner` [ RunTime:0.001151s ]
[ sql ] [ SQL ] SHOW COLUMNS FROM `qy_active` [ RunTime:0.040136s ]
[ sql ] [ SQL ] SELECT * FROM `qy_active` [ RunTime:0.001310s ]
[ sql ] [ SQL ] SHOW COLUMNS FROM `qy_icon` [ RunTime:0.038659s ]
[ sql ] [ SQL ] SELECT * FROM `qy_icon` [ RunTime:0.001250s ]
[ sql ] [ SQL ] SHOW COLUMNS FROM `qy_floor` [ RunTime:0.041721s ]
[ sql ] [ SQL ] SELECT * FROM `qy_floor` [ RunTime:0.001101s ]
[ sql ] [ SQL ] SHOW COLUMNS FROM `qy_cate` [ RunTime:0.036673s ]
[ sql ] [ SQL ] SELECT `id`,`catename` FROM `qy_cate` WHERE  `recommend` = 1 LIMIT 4 [ RunTime:0.002515s ]
[ sql ] [ SQL ] SHOW COLUMNS FROM `qy_cate_content` [ RunTime:0.046582s ]
[ sql ] [ SQL ] SELECT * FROM `qy_cate_content` WHERE  `cateid` = '1' [ RunTime:0.001718s ]
[ sql ] [ SQL ] SHOW COLUMNS FROM `qy_product` [ RunTime:0.044286s ]
[ sql ] [ SQL ] SELECT `id`,`smalltitle`,`mainimage`,`tag`,`summary`,`price` FROM `qy_product` WHERE  `recommended` = 1  AND `pid` = '1' LIMIT 6 [ RunTime:0.001581s ]
[ sql ] [ SQL ] SELECT * FROM `qy_cate_content` WHERE  `cateid` = '2' [ RunTime:0.001299s ]
[ sql ] [ SQL ] SELECT `id`,`smalltitle`,`mainimage`,`tag`,`summary`,`price` FROM `qy_product` WHERE  `recommended` = 1  AND `pid` = '2' LIMIT 6 [ RunTime:0.001273s ]
[ sql ] [ SQL ] SELECT * FROM `qy_cate_content` WHERE  `cateid` = '7' [ RunTime:0.001272s ]
[ sql ] [ SQL ] SELECT `id`,`smalltitle`,`mainimage`,`tag`,`summary`,`price` FROM `qy_product` WHERE  `recommended` = 1  AND `pid` = '7' LIMIT 6 [ RunTime:0.001249s ]
[ sql ] [ SQL ] SELECT * FROM `qy_cate_content` WHERE  `cateid` = '8' [ RunTime:0.001282s ]
[ sql ] [ SQL ] SELECT `id`,`smalltitle`,`mainimage`,`tag`,`summary`,`price` FROM `qy_product` WHERE  `recommended` = 1  AND `pid` = '8' LIMIT 6 [ RunTime:0.001210s ]
---------------------------------------------------------------
[ 2020-03-23T23:16:48+08:00 ] 127.0.0.1 GET www.mall.com/api/index
[运行时间：0.549179s] [吞吐率：1.82req/s] [内存消耗：2,557.52kb] [文件加载：51]
[ info ] [ LANG ] D:\phpStudy\WWW\mall\thinkphp\lang\zh-cn.php
[ info ] [ ROUTE ] array (
  'type' => 'module',
  'module' => 
  array (
    0 => 'api',
    1 => 'index',
    2 => NULL,
  ),
)
[ info ] [ HEADER ] array (
  'host' => 'www.mall.com',
  'origin' => 'http://localhost:8080',
  'user-agent' => 'Mozilla/5.0 (iPhone; CPU iPhone OS 11_0 like Mac OS X) AppleWebKit/604.1.38 (KHTML, like Gecko) Version/11.0 Mobile/15A372 Safari/604.1',
  'accept' => '*/*',
  'referer' => 'http://localhost:8080/',
  'accept-encoding' => 'gzip, deflate',
  'accept-language' => 'zh-CN,zh;q=0.9',
  'connection' => 'keep-alive',
)
[ info ] [ PARAM ] array (
)
[ info ] [ RUN ] app\Api\controller\Index->index[ D:\phpStudy\WWW\mall\application\Api\controller\Index.php ]
[ info ] [ DB ] INIT mysql
[ info ] [ LOG ] INIT File
[ sql ] [ DB ] CONNECT:[ UseTime:0.022815s ] mysql:host=127.0.0.1;dbname=mall;charset=utf8
[ sql ] [ SQL ] SHOW COLUMNS FROM `qy_banner` [ RunTime:0.088077s ]
[ sql ] [ SQL ] SELECT * FROM `qy_banner` [ RunTime:0.001387s ]
[ sql ] [ SQL ] SHOW COLUMNS FROM `qy_active` [ RunTime:0.039084s ]
[ sql ] [ SQL ] SELECT * FROM `qy_active` [ RunTime:0.001406s ]
[ sql ] [ SQL ] SHOW COLUMNS FROM `qy_icon` [ RunTime:0.039255s ]
[ sql ] [ SQL ] SELECT * FROM `qy_icon` [ RunTime:0.001246s ]
[ sql ] [ SQL ] SHOW COLUMNS FROM `qy_floor` [ RunTime:0.042399s ]
[ sql ] [ SQL ] SELECT * FROM `qy_floor` [ RunTime:0.001019s ]
[ sql ] [ SQL ] SHOW COLUMNS FROM `qy_cate` [ RunTime:0.036353s ]
[ sql ] [ SQL ] SELECT `id`,`catename` FROM `qy_cate` WHERE  `recommend` = 1 LIMIT 4 [ RunTime:0.002234s ]
[ sql ] [ SQL ] SHOW COLUMNS FROM `qy_cate_content` [ RunTime:0.046625s ]
[ sql ] [ SQL ] SELECT * FROM `qy_cate_content` WHERE  `cateid` = '1' [ RunTime:0.001669s ]
[ sql ] [ SQL ] SHOW COLUMNS FROM `qy_product` [ RunTime:0.043490s ]
[ sql ] [ SQL ] SELECT `id`,`smalltitle`,`mainimage`,`tag`,`summary`,`price` FROM `qy_product` WHERE  `recommended` = 1  AND `pid` = '1' LIMIT 6 [ RunTime:0.001722s ]
[ sql ] [ SQL ] SELECT * FROM `qy_cate_content` WHERE  `cateid` = '2' [ RunTime:0.001368s ]
[ sql ] [ SQL ] SELECT `id`,`smalltitle`,`mainimage`,`tag`,`summary`,`price` FROM `qy_product` WHERE  `recommended` = 1  AND `pid` = '2' LIMIT 6 [ RunTime:0.001498s ]
[ sql ] [ SQL ] SELECT * FROM `qy_cate_content` WHERE  `cateid` = '7' [ RunTime:0.001052s ]
[ sql ] [ SQL ] SELECT `id`,`smalltitle`,`mainimage`,`tag`,`summary`,`price` FROM `qy_product` WHERE  `recommended` = 1  AND `pid` = '7' LIMIT 6 [ RunTime:0.001404s ]
[ sql ] [ SQL ] SELECT * FROM `qy_cate_content` WHERE  `cateid` = '8' [ RunTime:0.001359s ]
[ sql ] [ SQL ] SELECT `id`,`smalltitle`,`mainimage`,`tag`,`summary`,`price` FROM `qy_product` WHERE  `recommended` = 1  AND `pid` = '8' LIMIT 6 [ RunTime:0.001288s ]
---------------------------------------------------------------
[ 2020-03-23T23:16:48+08:00 ] 127.0.0.1 GET www.mall.com/api/index
[运行时间：0.549206s] [吞吐率：1.82req/s] [内存消耗：2,557.52kb] [文件加载：51]
[ info ] [ LANG ] D:\phpStudy\WWW\mall\thinkphp\lang\zh-cn.php
[ info ] [ ROUTE ] array (
  'type' => 'module',
  'module' => 
  array (
    0 => 'api',
    1 => 'index',
    2 => NULL,
  ),
)
[ info ] [ HEADER ] array (
  'host' => 'www.mall.com',
  'origin' => 'http://localhost:8080',
  'user-agent' => 'Mozilla/5.0 (iPhone; CPU iPhone OS 11_0 like Mac OS X) AppleWebKit/604.1.38 (KHTML, like Gecko) Version/11.0 Mobile/15A372 Safari/604.1',
  'accept' => '*/*',
  'referer' => 'http://localhost:8080/',
  'accept-encoding' => 'gzip, deflate',
  'accept-language' => 'zh-CN,zh;q=0.9',
  'connection' => 'keep-alive',
)
[ info ] [ PARAM ] array (
)
[ info ] [ RUN ] app\Api\controller\Index->index[ D:\phpStudy\WWW\mall\application\Api\controller\Index.php ]
[ info ] [ DB ] INIT mysql
[ info ] [ LOG ] INIT File
[ sql ] [ DB ] CONNECT:[ UseTime:0.022652s ] mysql:host=127.0.0.1;dbname=mall;charset=utf8
[ sql ] [ SQL ] SHOW COLUMNS FROM `qy_banner` [ RunTime:0.087851s ]
[ sql ] [ SQL ] SELECT * FROM `qy_banner` [ RunTime:0.001180s ]
[ sql ] [ SQL ] SHOW COLUMNS FROM `qy_active` [ RunTime:0.039693s ]
[ sql ] [ SQL ] SELECT * FROM `qy_active` [ RunTime:0.001415s ]
[ sql ] [ SQL ] SHOW COLUMNS FROM `qy_icon` [ RunTime:0.037908s ]
[ sql ] [ SQL ] SELECT * FROM `qy_icon` [ RunTime:0.001822s ]
[ sql ] [ SQL ] SHOW COLUMNS FROM `qy_floor` [ RunTime:0.041715s ]
[ sql ] [ SQL ] SELECT * FROM `qy_floor` [ RunTime:0.001269s ]
[ sql ] [ SQL ] SHOW COLUMNS FROM `qy_cate` [ RunTime:0.037007s ]
[ sql ] [ SQL ] SELECT `id`,`catename` FROM `qy_cate` WHERE  `recommend` = 1 LIMIT 4 [ RunTime:0.002725s ]
[ sql ] [ SQL ] SHOW COLUMNS FROM `qy_cate_content` [ RunTime:0.047372s ]
[ sql ] [ SQL ] SELECT * FROM `qy_cate_content` WHERE  `cateid` = '1' [ RunTime:0.001302s ]
[ sql ] [ SQL ] SHOW COLUMNS FROM `qy_product` [ RunTime:0.043178s ]
[ sql ] [ SQL ] SELECT `id`,`smalltitle`,`mainimage`,`tag`,`summary`,`price` FROM `qy_product` WHERE  `recommended` = 1  AND `pid` = '1' LIMIT 6 [ RunTime:0.001283s ]
[ sql ] [ SQL ] SELECT * FROM `qy_cate_content` WHERE  `cateid` = '2' [ RunTime:0.001078s ]
[ sql ] [ SQL ] SELECT `id`,`smalltitle`,`mainimage`,`tag`,`summary`,`price` FROM `qy_product` WHERE  `recommended` = 1  AND `pid` = '2' LIMIT 6 [ RunTime:0.001334s ]
[ sql ] [ SQL ] SELECT * FROM `qy_cate_content` WHERE  `cateid` = '7' [ RunTime:0.001167s ]
[ sql ] [ SQL ] SELECT `id`,`smalltitle`,`mainimage`,`tag`,`summary`,`price` FROM `qy_product` WHERE  `recommended` = 1  AND `pid` = '7' LIMIT 6 [ RunTime:0.001280s ]
[ sql ] [ SQL ] SELECT * FROM `qy_cate_content` WHERE  `cateid` = '8' [ RunTime:0.001477s ]
[ sql ] [ SQL ] SELECT `id`,`smalltitle`,`mainimage`,`tag`,`summary`,`price` FROM `qy_product` WHERE  `recommended` = 1  AND `pid` = '8' LIMIT 6 [ RunTime:0.001534s ]
---------------------------------------------------------------
[ 2020-03-23T23:16:50+08:00 ] 127.0.0.1 OPTIONS www.mall.com/api/member/cartlist
[运行时间：0.049650s] [吞吐率：20.14req/s] [内存消耗：1,759.09kb] [文件加载：44]
[ info ] [ LANG ] D:\phpStudy\WWW\mall\thinkphp\lang\zh-cn.php
[ info ] [ ROUTE ] array (
  'type' => 'module',
  'module' => 
  array (
    0 => 'api',
    1 => 'member',
    2 => 'cartlist',
  ),
)
[ info ] [ HEADER ] array (
  'host' => 'www.mall.com',
  'access-control-request-method' => 'POST',
  'origin' => 'http://localhost:8080',
  'user-agent' => 'Mozilla/5.0 (iPhone; CPU iPhone OS 11_0 like Mac OS X) AppleWebKit/604.1.38 (KHTML, like Gecko) Version/11.0 Mobile/15A372 Safari/604.1',
  'access-control-request-headers' => 'content-type,token',
  'accept' => '*/*',
  'referer' => 'http://localhost:8080/',
  'accept-encoding' => 'gzip, deflate',
  'accept-language' => 'zh-CN,zh;q=0.9',
  'connection' => 'keep-alive',
)
[ info ] [ PARAM ] array (
)
[ info ] [ RUN ] app\Api\controller\Member->cartlist[ D:\phpStudy\WWW\mall\application\Api\controller\Member.php ]
[ info ] [ LOG ] INIT File
---------------------------------------------------------------
[ 2020-03-23T23:16:50+08:00 ] 127.0.0.1 POST www.mall.com/api/member/cartlist
[运行时间：0.052759s] [吞吐率：18.95req/s] [内存消耗：1,902.73kb] [文件加载：48]
[ info ] [ LANG ] D:\phpStudy\WWW\mall\thinkphp\lang\zh-cn.php
[ info ] [ ROUTE ] array (
  'type' => 'module',
  'module' => 
  array (
    0 => 'api',
    1 => 'member',
    2 => 'cartlist',
  ),
)
[ info ] [ HEADER ] array (
  'host' => 'www.mall.com',
  'content-length' => '0',
  'origin' => 'http://localhost:8080',
  'user-agent' => 'Mozilla/5.0 (iPhone; CPU iPhone OS 11_0 like Mac OS X) AppleWebKit/604.1.38 (KHTML, like Gecko) Version/11.0 Mobile/15A372 Safari/604.1',
  'token' => 'eyJ0eXAiOiJKV1QiLCJhbGciOiJIUzI1NiJ9.eyJ1aWQiOjEsImV4cGlyZSI6MTU4NDY2NzA3OX0.naBIIDvz987uGooPTSbDIOdrQO3QfrAI5lS1r_JEYWA',
  'content-type' => 'application/json',
  'accept' => '*/*',
  'referer' => 'http://localhost:8080/',
  'accept-encoding' => 'gzip, deflate',
  'accept-language' => 'zh-CN,zh;q=0.9',
  'connection' => 'keep-alive',
)
[ info ] [ PARAM ] array (
)
[ info ] [ RUN ] app\Api\controller\Member->cartlist[ D:\phpStudy\WWW\mall\application\Api\controller\Member.php ]
[ info ] [ CACHE ] INIT File
[ info ] [ LOG ] INIT File
---------------------------------------------------------------
[ 2020-03-23T23:16:50+08:00 ] 127.0.0.1 POST www.mall.com/api/member/cartlist
[运行时间：0.076197s] [吞吐率：13.12req/s] [内存消耗：2,706.30kb] [文件加载：55]
[ info ] [ LANG ] D:\phpStudy\WWW\mall\thinkphp\lang\zh-cn.php
[ info ] [ ROUTE ] array (
  'type' => 'module',
  'module' => 
  array (
    0 => 'api',
    1 => 'member',
    2 => 'cartlist',
  ),
)
[ info ] [ HEADER ] array (
  'host' => 'www.mall.com',
  'content-length' => '0',
  'origin' => 'http://localhost:8080',
  'user-agent' => 'Mozilla/5.0 (iPhone; CPU iPhone OS 11_0 like Mac OS X) AppleWebKit/604.1.38 (KHTML, like Gecko) Version/11.0 Mobile/15A372 Safari/604.1',
  'token' => 'eyJ0eXAiOiJKV1QiLCJhbGciOiJIUzI1NiJ9.eyJ1aWQiOjEsImV4cGlyZSI6MTU4NDk4MDIxMH0.Cx9jEHRbK6YwlDR7FimMhOzURo_6qS8OrQOVS7IfQdE',
  'content-type' => 'application/json',
  'accept' => '*/*',
  'referer' => 'http://localhost:8080/',
  'accept-encoding' => 'gzip, deflate',
  'accept-language' => 'zh-CN,zh;q=0.9',
  'connection' => 'keep-alive',
)
[ info ] [ PARAM ] array (
)
[ info ] [ RUN ] app\Api\controller\Member->cartlist[ D:\phpStudy\WWW\mall\application\Api\controller\Member.php ]
[ info ] [ CACHE ] INIT File
[ info ] [ DB ] INIT mysql
[ info ] [ LOG ] INIT File
[ sql ] [ DB ] CONNECT:[ UseTime:0.001302s ] mysql:host=127.0.0.1;dbname=mall;charset=utf8
[ sql ] [ SQL ] SHOW COLUMNS FROM `qy_cart` [ RunTime:0.033527s ]
[ sql ] [ SQL ] SELECT `c`.`id`,`c`.`attrid`,`c`.`flag`,`c`.`num`,`a`.`attr_0`,`a`.`attr_1`,`a`.`price`,`a`.`stock`,`p`.`mainimage`,`p`.`title` FROM `qy_cart` `c` INNER JOIN `qy_product_attr` `a` ON `a`.`id`=`c`.`attrid` INNER JOIN `qy_product` `p` ON `p`.`id`=`a`.`product_id` WHERE  `c`.`uid` = 1 ORDER BY `c`.`id` ASC [ RunTime:0.004025s ]
---------------------------------------------------------------
[ 2020-03-23T23:20:42+08:00 ] 127.0.0.1 OPTIONS www.mall.com/api/member/savecart
[运行时间：0.045460s] [吞吐率：22.00req/s] [内存消耗：1,759.09kb] [文件加载：44]
[ info ] [ LANG ] D:\phpStudy\WWW\mall\thinkphp\lang\zh-cn.php
[ info ] [ ROUTE ] array (
  'type' => 'module',
  'module' => 
  array (
    0 => 'api',
    1 => 'member',
    2 => 'savecart',
  ),
)
[ info ] [ HEADER ] array (
  'host' => 'www.mall.com',
  'access-control-request-method' => 'POST',
  'origin' => 'http://localhost:8080',
  'user-agent' => 'Mozilla/5.0 (iPhone; CPU iPhone OS 11_0 like Mac OS X) AppleWebKit/604.1.38 (KHTML, like Gecko) Version/11.0 Mobile/15A372 Safari/604.1',
  'access-control-request-headers' => 'content-type,token',
  'accept' => '*/*',
  'referer' => 'http://localhost:8080/',
  'accept-encoding' => 'gzip, deflate',
  'accept-language' => 'zh-CN,zh;q=0.9',
  'connection' => 'keep-alive',
)
[ info ] [ PARAM ] array (
)
[ info ] [ RUN ] app\Api\controller\Member->savecart[ D:\phpStudy\WWW\mall\application\Api\controller\Member.php ]
[ info ] [ LOG ] INIT File
---------------------------------------------------------------
[ 2020-03-23T23:20:42+08:00 ] 127.0.0.1 POST www.mall.com/api/member/savecart
[运行时间：0.097279s] [吞吐率：10.28req/s] [内存消耗：2,702.63kb] [文件加载：55]
[ info ] [ LANG ] D:\phpStudy\WWW\mall\thinkphp\lang\zh-cn.php
[ info ] [ ROUTE ] array (
  'type' => 'module',
  'module' => 
  array (
    0 => 'api',
    1 => 'member',
    2 => 'savecart',
  ),
)
[ info ] [ HEADER ] array (
  'host' => 'www.mall.com',
  'content-length' => '159',
  'origin' => 'http://localhost:8080',
  'user-agent' => 'Mozilla/5.0 (iPhone; CPU iPhone OS 11_0 like Mac OS X) AppleWebKit/604.1.38 (KHTML, like Gecko) Version/11.0 Mobile/15A372 Safari/604.1',
  'token' => 'eyJ0eXAiOiJKV1QiLCJhbGciOiJIUzI1NiJ9.eyJ1aWQiOjEsImV4cGlyZSI6MTU4NDk4MDIxMH0.Cx9jEHRbK6YwlDR7FimMhOzURo_6qS8OrQOVS7IfQdE',
  'content-type' => 'application/json',
  'accept' => '*/*',
  'referer' => 'http://localhost:8080/',
  'accept-encoding' => 'gzip, deflate',
  'accept-language' => 'zh-CN,zh;q=0.9',
  'connection' => 'keep-alive',
)
[ info ] [ PARAM ] array (
  'data' => '[{"num":"6","attrid":"79","flag":"1"},{"num":"7","attrid":"50","flag":"1"},{"num":"1","attrid":"71","flag":"1"}]',
)
[ info ] [ RUN ] app\Api\controller\Member->savecart[ D:\phpStudy\WWW\mall\application\Api\controller\Member.php ]
[ info ] [ CACHE ] INIT File
[ info ] [ DB ] INIT mysql
[ info ] [ LOG ] INIT File
[ sql ] [ DB ] CONNECT:[ UseTime:0.001487s ] mysql:host=127.0.0.1;dbname=mall;charset=utf8
[ sql ] [ SQL ] SHOW COLUMNS FROM `qy_cart` [ RunTime:0.016016s ]
[ sql ] [ SQL ] DELETE FROM `qy_cart`    WHERE  `uid` = '1' [ RunTime:0.028752s ]
[ sql ] [ SQL ] INSERT INTO `qy_cart` (`num` , `attrid` , `uid` , `flag`) VALUES ( '6','79',1,'1' ) , ( '7','50',1,'1' ) , ( '1','71',1,'1' ) [ RunTime:0.009193s ]
---------------------------------------------------------------
[ 2020-03-23T23:23:14+08:00 ] 127.0.0.1 OPTIONS www.mall.com/api/member/cartlist
[运行时间：0.042811s] [吞吐率：23.36req/s] [内存消耗：1,759.09kb] [文件加载：44]
[ info ] [ LANG ] D:\phpStudy\WWW\mall\thinkphp\lang\zh-cn.php
[ info ] [ ROUTE ] array (
  'type' => 'module',
  'module' => 
  array (
    0 => 'api',
    1 => 'member',
    2 => 'cartlist',
  ),
)
[ info ] [ HEADER ] array (
  'host' => 'www.mall.com',
  'access-control-request-method' => 'POST',
  'origin' => 'http://localhost:8080',
  'user-agent' => 'Mozilla/5.0 (iPhone; CPU iPhone OS 11_0 like Mac OS X) AppleWebKit/604.1.38 (KHTML, like Gecko) Version/11.0 Mobile/15A372 Safari/604.1',
  'access-control-request-headers' => 'content-type,token',
  'accept' => '*/*',
  'referer' => 'http://localhost:8080/',
  'accept-encoding' => 'gzip, deflate',
  'accept-language' => 'zh-CN,zh;q=0.9',
  'connection' => 'keep-alive',
)
[ info ] [ PARAM ] array (
)
[ info ] [ RUN ] app\Api\controller\Member->cartlist[ D:\phpStudy\WWW\mall\application\Api\controller\Member.php ]
[ info ] [ LOG ] INIT File
---------------------------------------------------------------
[ 2020-03-23T23:23:14+08:00 ] 127.0.0.1 POST www.mall.com/api/member/cartlist
[运行时间：0.033413s] [吞吐率：29.93req/s] [内存消耗：1,902.73kb] [文件加载：48]
[ info ] [ LANG ] D:\phpStudy\WWW\mall\thinkphp\lang\zh-cn.php
[ info ] [ ROUTE ] array (
  'type' => 'module',
  'module' => 
  array (
    0 => 'api',
    1 => 'member',
    2 => 'cartlist',
  ),
)
[ info ] [ HEADER ] array (
  'host' => 'www.mall.com',
  'content-length' => '0',
  'origin' => 'http://localhost:8080',
  'user-agent' => 'Mozilla/5.0 (iPhone; CPU iPhone OS 11_0 like Mac OS X) AppleWebKit/604.1.38 (KHTML, like Gecko) Version/11.0 Mobile/15A372 Safari/604.1',
  'token' => 'eyJ0eXAiOiJKV1QiLCJhbGciOiJIUzI1NiJ9.eyJ1aWQiOjEsImV4cGlyZSI6MTU4NDk4MDIxMH0.Cx9jEHRbK6YwlDR7FimMhOzURo_6qS8OrQOVS7IfQdE',
  'content-type' => 'application/json',
  'accept' => '*/*',
  'referer' => 'http://localhost:8080/',
  'accept-encoding' => 'gzip, deflate',
  'accept-language' => 'zh-CN,zh;q=0.9',
  'connection' => 'keep-alive',
)
[ info ] [ PARAM ] array (
)
[ info ] [ RUN ] app\Api\controller\Member->cartlist[ D:\phpStudy\WWW\mall\application\Api\controller\Member.php ]
[ info ] [ CACHE ] INIT File
[ info ] [ LOG ] INIT File
---------------------------------------------------------------
[ 2020-03-23T23:23:14+08:00 ] 127.0.0.1 POST www.mall.com/api/member/cartlist
[运行时间：0.070016s] [吞吐率：14.28req/s] [内存消耗：2,706.30kb] [文件加载：55]
[ info ] [ LANG ] D:\phpStudy\WWW\mall\thinkphp\lang\zh-cn.php
[ info ] [ ROUTE ] array (
  'type' => 'module',
  'module' => 
  array (
    0 => 'api',
    1 => 'member',
    2 => 'cartlist',
  ),
)
[ info ] [ HEADER ] array (
  'host' => 'www.mall.com',
  'content-length' => '0',
  'origin' => 'http://localhost:8080',
  'user-agent' => 'Mozilla/5.0 (iPhone; CPU iPhone OS 11_0 like Mac OS X) AppleWebKit/604.1.38 (KHTML, like Gecko) Version/11.0 Mobile/15A372 Safari/604.1',
  'token' => 'eyJ0eXAiOiJKV1QiLCJhbGciOiJIUzI1NiJ9.eyJ1aWQiOjEsImV4cGlyZSI6MTU4NDk4MDU5NH0.oNdMiZ1vY6Yyb2MrQPz4wB37dAHawjDbU10WWxHA5To',
  'content-type' => 'application/json',
  'accept' => '*/*',
  'referer' => 'http://localhost:8080/',
  'accept-encoding' => 'gzip, deflate',
  'accept-language' => 'zh-CN,zh;q=0.9',
  'connection' => 'keep-alive',
)
[ info ] [ PARAM ] array (
)
[ info ] [ RUN ] app\Api\controller\Member->cartlist[ D:\phpStudy\WWW\mall\application\Api\controller\Member.php ]
[ info ] [ CACHE ] INIT File
[ info ] [ DB ] INIT mysql
[ info ] [ LOG ] INIT File
[ sql ] [ DB ] CONNECT:[ UseTime:0.012007s ] mysql:host=127.0.0.1;dbname=mall;charset=utf8
[ sql ] [ SQL ] SHOW COLUMNS FROM `qy_cart` [ RunTime:0.016127s ]
[ sql ] [ SQL ] SELECT `c`.`id`,`c`.`attrid`,`c`.`flag`,`c`.`num`,`a`.`attr_0`,`a`.`attr_1`,`a`.`price`,`a`.`stock`,`p`.`mainimage`,`p`.`title` FROM `qy_cart` `c` INNER JOIN `qy_product_attr` `a` ON `a`.`id`=`c`.`attrid` INNER JOIN `qy_product` `p` ON `p`.`id`=`a`.`product_id` WHERE  `c`.`uid` = 1 ORDER BY `c`.`id` ASC [ RunTime:0.001075s ]
