---------------------------------------------------------------
[ 2019-11-12T17:44:48+08:00 ] 127.0.0.1 POST www.mall.com/admin/product/getattrbycateid.html
[运行时间：0.168957s] [吞吐率：5.92req/s] [内存消耗：2,551.82kb] [文件加载：52]
[ info ] [ LANG ] E:\phpstudy\PHPTutorial\WWW\mall\thinkphp\lang\zh-cn.php
[ info ] [ ROUTE ] array (
  'type' => 'module',
  'module' => 
  array (
    0 => 'admin',
    1 => 'product',
    2 => 'getattrbycateid',
  ),
)
[ info ] [ HEADER ] array (
  'host' => 'www.mall.com',
  'connection' => 'keep-alive',
  'content-length' => '8',
  'accept' => '*/*',
  'origin' => 'http://www.mall.com',
  'x-requested-with' => 'XMLHttpRequest',
  'user-agent' => 'Mozilla/5.0 (Windows NT 10.0; Win64; x64) AppleWebKit/537.36 (KHTML, like Gecko) Chrome/75.0.3770.100 Safari/537.36',
  'content-type' => 'application/x-www-form-urlencoded; charset=UTF-8',
  'referer' => 'http://www.mall.com/admin/product/add.html',
  'accept-encoding' => 'gzip, deflate',
  'accept-language' => 'zh-CN,zh;q=0.9,en;q=0.8',
  'cookie' => 'PHPSESSID=jas2eob1ck9c960ppp6l8uqaa5',
)
[ info ] [ PARAM ] array (
  'cateid' => '1',
)
[ info ] [ SESSION ] INIT array (
  'id' => '',
  'var_session_id' => '',
  'prefix' => 'think',
  'type' => '',
  'auto_start' => true,
)
[ info ] [ DB ] INIT mysql
[ info ] [ RUN ] app\admin\controller\Product->getAttrByCateId[ E:\phpstudy\PHPTutorial\WWW\mall\application\admin\controller\Product.php ]
[ info ] [ LOG ] INIT File
[ sql ] [ DB ] CONNECT:[ UseTime:0.001842s ] mysql:host=127.0.0.1;dbname=mall;charset=utf8
[ sql ] [ SQL ] SHOW COLUMNS FROM `qy_auth_group_access` [ RunTime:0.011495s ]
[ sql ] [ SQL ] SELECT `auth_group_access`.`uid`,`auth_group_access`.`group_id`,`auth_group`.`title`,`auth_group`.`rules` FROM `qy_auth_group_access` `auth_group_access` INNER JOIN `qy_auth_group` `auth_group` ON `auth_group_access`.`group_id`=`auth_group`.`id` WHERE  `status` = 1  AND `auth_group_access`.`uid` = 37 [ RunTime:0.001266s ]
[ sql ] [ SQL ] SHOW COLUMNS FROM `qy_auth_rule` [ RunTime:0.012945s ]
[ sql ] [ SQL ] SELECT `name` FROM `qy_auth_rule` WHERE  `id` = 32 LIMIT 1 [ RunTime:0.002463s ]
[ sql ] [ SQL ] SELECT `name` FROM `qy_auth_rule` WHERE  `id` = 33 LIMIT 1 [ RunTime:0.001220s ]
[ sql ] [ SQL ] SELECT `name` FROM `qy_auth_rule` WHERE  `id` = 34 LIMIT 1 [ RunTime:0.001051s ]
[ sql ] [ SQL ] SELECT `name` FROM `qy_auth_rule` WHERE  `id` = 35 LIMIT 1 [ RunTime:0.001005s ]
[ sql ] [ SQL ] SELECT `name` FROM `qy_auth_rule` WHERE  `id` = 3 LIMIT 1 [ RunTime:0.001180s ]
[ sql ] [ SQL ] SELECT `name` FROM `qy_auth_rule` WHERE  `id` = 4 LIMIT 1 [ RunTime:0.001544s ]
[ sql ] [ SQL ] SELECT `name` FROM `qy_auth_rule` WHERE  `id` = 5 LIMIT 1 [ RunTime:0.002435s ]
[ sql ] [ SQL ] SELECT `name` FROM `qy_auth_rule` WHERE  `id` = 6 LIMIT 1 [ RunTime:0.001513s ]
[ sql ] [ SQL ] SELECT `name` FROM `qy_auth_rule` WHERE  `id` = 79 LIMIT 1 [ RunTime:0.001082s ]
[ sql ] [ SQL ] SELECT `name` FROM `qy_auth_rule` WHERE  `id` = 8 LIMIT 1 [ RunTime:0.000968s ]
[ sql ] [ SQL ] SELECT `name` FROM `qy_auth_rule` WHERE  `id` = 9 LIMIT 1 [ RunTime:0.000919s ]
[ sql ] [ SQL ] SELECT `name` FROM `qy_auth_rule` WHERE  `id` = 10 LIMIT 1 [ RunTime:0.000971s ]
[ sql ] [ SQL ] SELECT `name` FROM `qy_auth_rule` WHERE  `id` = 11 LIMIT 1 [ RunTime:0.000854s ]
[ sql ] [ SQL ] SELECT `name` FROM `qy_auth_rule` WHERE  `id` = 13 LIMIT 1 [ RunTime:0.000928s ]
[ sql ] [ SQL ] SELECT `name` FROM `qy_auth_rule` WHERE  `id` = 14 LIMIT 1 [ RunTime:0.000974s ]
[ sql ] [ SQL ] SELECT `name` FROM `qy_auth_rule` WHERE  `id` = 15 LIMIT 1 [ RunTime:0.000922s ]
[ sql ] [ SQL ] SELECT `name` FROM `qy_auth_rule` WHERE  `id` = 16 LIMIT 1 [ RunTime:0.001053s ]
[ sql ] [ SQL ] SELECT `name` FROM `qy_auth_rule` WHERE  `id` = 78 LIMIT 1 [ RunTime:0.001292s ]
[ sql ] [ SQL ] SELECT `name` FROM `qy_auth_rule` WHERE  `id` = 19 LIMIT 1 [ RunTime:0.001106s ]
[ sql ] [ SQL ] SELECT `name` FROM `qy_auth_rule` WHERE  `id` = 20 LIMIT 1 [ RunTime:0.001264s ]
[ sql ] [ SQL ] SELECT `name` FROM `qy_auth_rule` WHERE  `id` = 21 LIMIT 1 [ RunTime:0.001403s ]
[ sql ] [ SQL ] SELECT `name` FROM `qy_auth_rule` WHERE  `id` = 22 LIMIT 1 [ RunTime:0.001013s ]
[ sql ] [ SQL ] SELECT `name` FROM `qy_auth_rule` WHERE  `id` = 25 LIMIT 1 [ RunTime:0.000923s ]
[ sql ] [ SQL ] SELECT `name` FROM `qy_auth_rule` WHERE  `id` = 27 LIMIT 1 [ RunTime:0.000907s ]
[ sql ] [ SQL ] SELECT `name` FROM `qy_auth_rule` WHERE  `id` = 28 LIMIT 1 [ RunTime:0.000959s ]
[ sql ] [ SQL ] SELECT `name` FROM `qy_auth_rule` WHERE  `id` = 31 LIMIT 1 [ RunTime:0.000948s ]
[ sql ] [ SQL ] SELECT `name` FROM `qy_auth_rule` WHERE  `id` = 26 LIMIT 1 [ RunTime:0.000906s ]
[ sql ] [ SQL ] SELECT `name` FROM `qy_auth_rule` WHERE  `id` = 36 LIMIT 1 [ RunTime:0.000905s ]
[ sql ] [ SQL ] SELECT `name` FROM `qy_auth_rule` WHERE  `id` = 37 LIMIT 1 [ RunTime:0.000947s ]
[ sql ] [ SQL ] SELECT `name` FROM `qy_auth_rule` WHERE  `id` = 38 LIMIT 1 [ RunTime:0.000907s ]
[ sql ] [ SQL ] SELECT `name` FROM `qy_auth_rule` WHERE  `id` = 43 LIMIT 1 [ RunTime:0.001068s ]
[ sql ] [ SQL ] SELECT `name` FROM `qy_auth_rule` WHERE  `id` = 44 LIMIT 1 [ RunTime:0.001621s ]
[ sql ] [ SQL ] SELECT `name` FROM `qy_auth_rule` WHERE  `id` = 45 LIMIT 1 [ RunTime:0.001775s ]
[ sql ] [ SQL ] SELECT `name` FROM `qy_auth_rule` WHERE  `id` = 46 LIMIT 1 [ RunTime:0.001348s ]
[ sql ] [ SQL ] SELECT `name` FROM `qy_auth_rule` WHERE  `id` = 47 LIMIT 1 [ RunTime:0.001227s ]
[ sql ] [ SQL ] SELECT `name` FROM `qy_auth_rule` WHERE  `id` = 49 LIMIT 1 [ RunTime:0.001068s ]
[ sql ] [ SQL ] SELECT `name` FROM `qy_auth_rule` WHERE  `id` = 50 LIMIT 1 [ RunTime:0.000914s ]
[ sql ] [ SQL ] SELECT `name` FROM `qy_auth_rule` WHERE  `id` = 51 LIMIT 1 [ RunTime:0.000884s ]
[ sql ] [ SQL ] SELECT `name` FROM `qy_auth_rule` WHERE  `id` = 52 LIMIT 1 [ RunTime:0.000936s ]
[ sql ] [ SQL ] SELECT `name` FROM `qy_auth_rule` WHERE  `id` = 54 LIMIT 1 [ RunTime:0.000962s ]
[ sql ] [ SQL ] SELECT `name` FROM `qy_auth_rule` WHERE  `id` = 56 LIMIT 1 [ RunTime:0.000855s ]
[ sql ] [ SQL ] SELECT `name` FROM `qy_auth_rule` WHERE  `id` = 57 LIMIT 1 [ RunTime:0.000955s ]
[ sql ] [ SQL ] SELECT `name` FROM `qy_auth_rule` WHERE  `id` = 58 LIMIT 1 [ RunTime:0.003541s ]
[ sql ] [ SQL ] SELECT `name` FROM `qy_auth_rule` WHERE  `id` = 59 LIMIT 1 [ RunTime:0.002474s ]
[ sql ] [ SQL ] SELECT `name` FROM `qy_auth_rule` WHERE  `id` = 61 LIMIT 1 [ RunTime:0.001634s ]
[ sql ] [ SQL ] SELECT `name` FROM `qy_auth_rule` WHERE  `id` = 62 LIMIT 1 [ RunTime:0.001225s ]
[ sql ] [ SQL ] SELECT `name` FROM `qy_auth_rule` WHERE  `id` = 63 LIMIT 1 [ RunTime:0.001062s ]
[ sql ] [ SQL ] SELECT `name` FROM `qy_auth_rule` WHERE  `id` = 64 LIMIT 1 [ RunTime:0.001041s ]
[ sql ] [ SQL ] SELECT `name` FROM `qy_auth_rule` WHERE  `id` = 66 LIMIT 1 [ RunTime:0.001107s ]
[ sql ] [ SQL ] SELECT `name` FROM `qy_auth_rule` WHERE  `id` = 67 LIMIT 1 [ RunTime:0.000938s ]
[ sql ] [ SQL ] SELECT `name` FROM `qy_auth_rule` WHERE  `id` = 68 LIMIT 1 [ RunTime:0.000906s ]
[ sql ] [ SQL ] SELECT `name` FROM `qy_auth_rule` WHERE  `id` = 69 LIMIT 1 [ RunTime:0.001179s ]
[ sql ] [ SQL ] SELECT `name` FROM `qy_auth_rule` WHERE  `id` = 70 LIMIT 1 [ RunTime:0.002510s ]
[ sql ] [ SQL ] SELECT `name` FROM `qy_auth_rule` WHERE  `id` = 71 LIMIT 1 [ RunTime:0.001944s ]
[ sql ] [ SQL ] SELECT `name` FROM `qy_auth_rule` WHERE  `id` = 72 LIMIT 1 [ RunTime:0.001503s ]
[ sql ] [ SQL ] SELECT `name` FROM `qy_auth_rule` WHERE  `id` = 74 LIMIT 1 [ RunTime:0.001179s ]
[ sql ] [ SQL ] SELECT `name` FROM `qy_auth_rule` WHERE  `id` = 75 LIMIT 1 [ RunTime:0.000984s ]
[ sql ] [ SQL ] SELECT `name` FROM `qy_auth_rule` WHERE  `id` = 76 LIMIT 1 [ RunTime:0.000881s ]
[ sql ] [ SQL ] SELECT `name` FROM `qy_auth_rule` WHERE  `id` = 77 LIMIT 1 [ RunTime:0.000904s ]
[ sql ] [ SQL ] SHOW COLUMNS FROM `qy_attr` [ RunTime:0.012102s ]
[ sql ] [ SQL ] SELECT * FROM `qy_attr` WHERE  `cateid` = 1 [ RunTime:0.001954s ]
---------------------------------------------------------------
[ 2019-11-12T17:51:17+08:00 ] 127.0.0.1 GET www.mall.com/admin/product/add.html
[运行时间：0.151387s] [吞吐率：6.61req/s] [内存消耗：2,798.41kb] [文件加载：56]
[ info ] [ LANG ] E:\phpstudy\PHPTutorial\WWW\mall\thinkphp\lang\zh-cn.php
[ info ] [ ROUTE ] array (
  'type' => 'module',
  'module' => 
  array (
    0 => 'admin',
    1 => 'product',
    2 => 'add',
  ),
)
[ info ] [ HEADER ] array (
  'host' => 'www.mall.com',
  'connection' => 'keep-alive',
  'cache-control' => 'max-age=0',
  'upgrade-insecure-requests' => '1',
  'user-agent' => 'Mozilla/5.0 (Windows NT 10.0; Win64; x64) AppleWebKit/537.36 (KHTML, like Gecko) Chrome/75.0.3770.100 Safari/537.36',
  'accept' => 'text/html,application/xhtml+xml,application/xml;q=0.9,image/webp,image/apng,*/*;q=0.8,application/signed-exchange;v=b3',
  'referer' => 'http://www.mall.com/admin/index/index.html',
  'accept-encoding' => 'gzip, deflate',
  'accept-language' => 'zh-CN,zh;q=0.9,en;q=0.8',
  'cookie' => 'PHPSESSID=jas2eob1ck9c960ppp6l8uqaa5',
)
[ info ] [ PARAM ] array (
)
[ info ] [ SESSION ] INIT array (
  'id' => '',
  'var_session_id' => '',
  'prefix' => 'think',
  'type' => '',
  'auto_start' => true,
)
[ info ] [ DB ] INIT mysql
[ info ] [ RUN ] app\admin\controller\Product->add[ E:\phpstudy\PHPTutorial\WWW\mall\application\admin\controller\Product.php ]
[ info ] [ VIEW ] E:\phpstudy\PHPTutorial\WWW\mall\public/../application/admin\view\product\product_add.html [ array (
  0 => 'rulesName',
  1 => 'cate',
) ]
[ info ] [ LOG ] INIT File
[ sql ] [ DB ] CONNECT:[ UseTime:0.012003s ] mysql:host=127.0.0.1;dbname=mall;charset=utf8
[ sql ] [ SQL ] SHOW COLUMNS FROM `qy_auth_group_access` [ RunTime:0.011225s ]
[ sql ] [ SQL ] SELECT `auth_group_access`.`uid`,`auth_group_access`.`group_id`,`auth_group`.`title`,`auth_group`.`rules` FROM `qy_auth_group_access` `auth_group_access` INNER JOIN `qy_auth_group` `auth_group` ON `auth_group_access`.`group_id`=`auth_group`.`id` WHERE  `status` = 1  AND `auth_group_access`.`uid` = 37 [ RunTime:0.001583s ]
[ sql ] [ SQL ] SHOW COLUMNS FROM `qy_auth_rule` [ RunTime:0.009930s ]
[ sql ] [ SQL ] SELECT `name` FROM `qy_auth_rule` WHERE  `id` = 32 LIMIT 1 [ RunTime:0.001026s ]
[ sql ] [ SQL ] SELECT `name` FROM `qy_auth_rule` WHERE  `id` = 33 LIMIT 1 [ RunTime:0.000772s ]
[ sql ] [ SQL ] SELECT `name` FROM `qy_auth_rule` WHERE  `id` = 34 LIMIT 1 [ RunTime:0.000737s ]
[ sql ] [ SQL ] SELECT `name` FROM `qy_auth_rule` WHERE  `id` = 35 LIMIT 1 [ RunTime:0.000769s ]
[ sql ] [ SQL ] SELECT `name` FROM `qy_auth_rule` WHERE  `id` = 3 LIMIT 1 [ RunTime:0.001084s ]
[ sql ] [ SQL ] SELECT `name` FROM `qy_auth_rule` WHERE  `id` = 4 LIMIT 1 [ RunTime:0.000929s ]
[ sql ] [ SQL ] SELECT `name` FROM `qy_auth_rule` WHERE  `id` = 5 LIMIT 1 [ RunTime:0.000801s ]
[ sql ] [ SQL ] SELECT `name` FROM `qy_auth_rule` WHERE  `id` = 6 LIMIT 1 [ RunTime:0.000770s ]
[ sql ] [ SQL ] SELECT `name` FROM `qy_auth_rule` WHERE  `id` = 79 LIMIT 1 [ RunTime:0.000728s ]
[ sql ] [ SQL ] SELECT `name` FROM `qy_auth_rule` WHERE  `id` = 8 LIMIT 1 [ RunTime:0.000770s ]
[ sql ] [ SQL ] SELECT `name` FROM `qy_auth_rule` WHERE  `id` = 9 LIMIT 1 [ RunTime:0.000707s ]
[ sql ] [ SQL ] SELECT `name` FROM `qy_auth_rule` WHERE  `id` = 10 LIMIT 1 [ RunTime:0.000718s ]
[ sql ] [ SQL ] SELECT `name` FROM `qy_auth_rule` WHERE  `id` = 11 LIMIT 1 [ RunTime:0.000750s ]
[ sql ] [ SQL ] SELECT `name` FROM `qy_auth_rule` WHERE  `id` = 13 LIMIT 1 [ RunTime:0.000708s ]
[ sql ] [ SQL ] SELECT `name` FROM `qy_auth_rule` WHERE  `id` = 14 LIMIT 1 [ RunTime:0.000753s ]
[ sql ] [ SQL ] SELECT `name` FROM `qy_auth_rule` WHERE  `id` = 15 LIMIT 1 [ RunTime:0.000712s ]
[ sql ] [ SQL ] SELECT `name` FROM `qy_auth_rule` WHERE  `id` = 16 LIMIT 1 [ RunTime:0.000751s ]
[ sql ] [ SQL ] SELECT `name` FROM `qy_auth_rule` WHERE  `id` = 78 LIMIT 1 [ RunTime:0.000750s ]
[ sql ] [ SQL ] SELECT `name` FROM `qy_auth_rule` WHERE  `id` = 19 LIMIT 1 [ RunTime:0.001099s ]
[ sql ] [ SQL ] SELECT `name` FROM `qy_auth_rule` WHERE  `id` = 20 LIMIT 1 [ RunTime:0.000805s ]
[ sql ] [ SQL ] SELECT `name` FROM `qy_auth_rule` WHERE  `id` = 21 LIMIT 1 [ RunTime:0.000777s ]
[ sql ] [ SQL ] SELECT `name` FROM `qy_auth_rule` WHERE  `id` = 22 LIMIT 1 [ RunTime:0.000808s ]
[ sql ] [ SQL ] SELECT `name` FROM `qy_auth_rule` WHERE  `id` = 25 LIMIT 1 [ RunTime:0.000867s ]
[ sql ] [ SQL ] SELECT `name` FROM `qy_auth_rule` WHERE  `id` = 27 LIMIT 1 [ RunTime:0.001100s ]
[ sql ] [ SQL ] SELECT `name` FROM `qy_auth_rule` WHERE  `id` = 28 LIMIT 1 [ RunTime:0.000762s ]
[ sql ] [ SQL ] SELECT `name` FROM `qy_auth_rule` WHERE  `id` = 31 LIMIT 1 [ RunTime:0.000744s ]
[ sql ] [ SQL ] SELECT `name` FROM `qy_auth_rule` WHERE  `id` = 26 LIMIT 1 [ RunTime:0.000752s ]
[ sql ] [ SQL ] SELECT `name` FROM `qy_auth_rule` WHERE  `id` = 36 LIMIT 1 [ RunTime:0.000737s ]
[ sql ] [ SQL ] SELECT `name` FROM `qy_auth_rule` WHERE  `id` = 37 LIMIT 1 [ RunTime:0.000723s ]
[ sql ] [ SQL ] SELECT `name` FROM `qy_auth_rule` WHERE  `id` = 38 LIMIT 1 [ RunTime:0.000720s ]
[ sql ] [ SQL ] SELECT `name` FROM `qy_auth_rule` WHERE  `id` = 43 LIMIT 1 [ RunTime:0.000707s ]
[ sql ] [ SQL ] SELECT `name` FROM `qy_auth_rule` WHERE  `id` = 44 LIMIT 1 [ RunTime:0.000752s ]
[ sql ] [ SQL ] SELECT `name` FROM `qy_auth_rule` WHERE  `id` = 45 LIMIT 1 [ RunTime:0.000833s ]
[ sql ] [ SQL ] SELECT `name` FROM `qy_auth_rule` WHERE  `id` = 46 LIMIT 1 [ RunTime:0.001165s ]
[ sql ] [ SQL ] SELECT `name` FROM `qy_auth_rule` WHERE  `id` = 47 LIMIT 1 [ RunTime:0.001335s ]
[ sql ] [ SQL ] SELECT `name` FROM `qy_auth_rule` WHERE  `id` = 49 LIMIT 1 [ RunTime:0.000934s ]
[ sql ] [ SQL ] SELECT `name` FROM `qy_auth_rule` WHERE  `id` = 50 LIMIT 1 [ RunTime:0.000768s ]
[ sql ] [ SQL ] SELECT `name` FROM `qy_auth_rule` WHERE  `id` = 51 LIMIT 1 [ RunTime:0.000845s ]
[ sql ] [ SQL ] SELECT `name` FROM `qy_auth_rule` WHERE  `id` = 52 LIMIT 1 [ RunTime:0.000903s ]
[ sql ] [ SQL ] SELECT `name` FROM `qy_auth_rule` WHERE  `id` = 54 LIMIT 1 [ RunTime:0.000752s ]
[ sql ] [ SQL ] SELECT `name` FROM `qy_auth_rule` WHERE  `id` = 56 LIMIT 1 [ RunTime:0.000784s ]
[ sql ] [ SQL ] SELECT `name` FROM `qy_auth_rule` WHERE  `id` = 57 LIMIT 1 [ RunTime:0.000757s ]
[ sql ] [ SQL ] SELECT `name` FROM `qy_auth_rule` WHERE  `id` = 58 LIMIT 1 [ RunTime:0.000738s ]
[ sql ] [ SQL ] SELECT `name` FROM `qy_auth_rule` WHERE  `id` = 59 LIMIT 1 [ RunTime:0.000733s ]
[ sql ] [ SQL ] SELECT `name` FROM `qy_auth_rule` WHERE  `id` = 61 LIMIT 1 [ RunTime:0.000786s ]
[ sql ] [ SQL ] SELECT `name` FROM `qy_auth_rule` WHERE  `id` = 62 LIMIT 1 [ RunTime:0.000826s ]
[ sql ] [ SQL ] SELECT `name` FROM `qy_auth_rule` WHERE  `id` = 63 LIMIT 1 [ RunTime:0.000732s ]
[ sql ] [ SQL ] SELECT `name` FROM `qy_auth_rule` WHERE  `id` = 64 LIMIT 1 [ RunTime:0.000726s ]
[ sql ] [ SQL ] SELECT `name` FROM `qy_auth_rule` WHERE  `id` = 66 LIMIT 1 [ RunTime:0.000724s ]
[ sql ] [ SQL ] SELECT `name` FROM `qy_auth_rule` WHERE  `id` = 67 LIMIT 1 [ RunTime:0.000728s ]
[ sql ] [ SQL ] SELECT `name` FROM `qy_auth_rule` WHERE  `id` = 68 LIMIT 1 [ RunTime:0.000725s ]
[ sql ] [ SQL ] SELECT `name` FROM `qy_auth_rule` WHERE  `id` = 69 LIMIT 1 [ RunTime:0.000875s ]
[ sql ] [ SQL ] SELECT `name` FROM `qy_auth_rule` WHERE  `id` = 70 LIMIT 1 [ RunTime:0.000904s ]
[ sql ] [ SQL ] SELECT `name` FROM `qy_auth_rule` WHERE  `id` = 71 LIMIT 1 [ RunTime:0.000771s ]
[ sql ] [ SQL ] SELECT `name` FROM `qy_auth_rule` WHERE  `id` = 72 LIMIT 1 [ RunTime:0.000766s ]
[ sql ] [ SQL ] SELECT `name` FROM `qy_auth_rule` WHERE  `id` = 74 LIMIT 1 [ RunTime:0.000742s ]
[ sql ] [ SQL ] SELECT `name` FROM `qy_auth_rule` WHERE  `id` = 75 LIMIT 1 [ RunTime:0.000767s ]
[ sql ] [ SQL ] SELECT `name` FROM `qy_auth_rule` WHERE  `id` = 76 LIMIT 1 [ RunTime:0.000969s ]
[ sql ] [ SQL ] SELECT `name` FROM `qy_auth_rule` WHERE  `id` = 77 LIMIT 1 [ RunTime:0.000713s ]
[ sql ] [ SQL ] SHOW COLUMNS FROM `qy_cate` [ RunTime:0.010096s ]
[ sql ] [ SQL ] SELECT * FROM `qy_cate` WHERE  `pid` = 0 [ RunTime:0.001936s ]
---------------------------------------------------------------
[ 2019-11-12T17:51:19+08:00 ] 127.0.0.1 POST www.mall.com/admin/product/getattrbycateid.html
[运行时间：0.125493s] [吞吐率：7.97req/s] [内存消耗：2,546.73kb] [文件加载：52]
[ info ] [ LANG ] E:\phpstudy\PHPTutorial\WWW\mall\thinkphp\lang\zh-cn.php
[ info ] [ ROUTE ] array (
  'type' => 'module',
  'module' => 
  array (
    0 => 'admin',
    1 => 'product',
    2 => 'getattrbycateid',
  ),
)
[ info ] [ HEADER ] array (
  'host' => 'www.mall.com',
  'connection' => 'keep-alive',
  'content-length' => '8',
  'accept' => '*/*',
  'origin' => 'http://www.mall.com',
  'x-requested-with' => 'XMLHttpRequest',
  'user-agent' => 'Mozilla/5.0 (Windows NT 10.0; Win64; x64) AppleWebKit/537.36 (KHTML, like Gecko) Chrome/75.0.3770.100 Safari/537.36',
  'content-type' => 'application/x-www-form-urlencoded; charset=UTF-8',
  'referer' => 'http://www.mall.com/admin/product/add.html',
  'accept-encoding' => 'gzip, deflate',
  'accept-language' => 'zh-CN,zh;q=0.9,en;q=0.8',
  'cookie' => 'PHPSESSID=jas2eob1ck9c960ppp6l8uqaa5',
)
[ info ] [ PARAM ] array (
  'cateid' => '1',
)
[ info ] [ SESSION ] INIT array (
  'id' => '',
  'var_session_id' => '',
  'prefix' => 'think',
  'type' => '',
  'auto_start' => true,
)
[ info ] [ DB ] INIT mysql
[ info ] [ RUN ] app\admin\controller\Product->getAttrByCateId[ E:\phpstudy\PHPTutorial\WWW\mall\application\admin\controller\Product.php ]
[ info ] [ LOG ] INIT File
[ sql ] [ DB ] CONNECT:[ UseTime:0.002052s ] mysql:host=127.0.0.1;dbname=mall;charset=utf8
[ sql ] [ SQL ] SHOW COLUMNS FROM `qy_auth_group_access` [ RunTime:0.012647s ]
[ sql ] [ SQL ] SELECT `auth_group_access`.`uid`,`auth_group_access`.`group_id`,`auth_group`.`title`,`auth_group`.`rules` FROM `qy_auth_group_access` `auth_group_access` INNER JOIN `qy_auth_group` `auth_group` ON `auth_group_access`.`group_id`=`auth_group`.`id` WHERE  `status` = 1  AND `auth_group_access`.`uid` = 37 [ RunTime:0.000947s ]
[ sql ] [ SQL ] SHOW COLUMNS FROM `qy_auth_rule` [ RunTime:0.012157s ]
[ sql ] [ SQL ] SELECT `name` FROM `qy_auth_rule` WHERE  `id` = 32 LIMIT 1 [ RunTime:0.001122s ]
[ sql ] [ SQL ] SELECT `name` FROM `qy_auth_rule` WHERE  `id` = 33 LIMIT 1 [ RunTime:0.000628s ]
[ sql ] [ SQL ] SELECT `name` FROM `qy_auth_rule` WHERE  `id` = 34 LIMIT 1 [ RunTime:0.000681s ]
[ sql ] [ SQL ] SELECT `name` FROM `qy_auth_rule` WHERE  `id` = 35 LIMIT 1 [ RunTime:0.000789s ]
[ sql ] [ SQL ] SELECT `name` FROM `qy_auth_rule` WHERE  `id` = 3 LIMIT 1 [ RunTime:0.000782s ]
[ sql ] [ SQL ] SELECT `name` FROM `qy_auth_rule` WHERE  `id` = 4 LIMIT 1 [ RunTime:0.000871s ]
[ sql ] [ SQL ] SELECT `name` FROM `qy_auth_rule` WHERE  `id` = 5 LIMIT 1 [ RunTime:0.000740s ]
[ sql ] [ SQL ] SELECT `name` FROM `qy_auth_rule` WHERE  `id` = 6 LIMIT 1 [ RunTime:0.000786s ]
[ sql ] [ SQL ] SELECT `name` FROM `qy_auth_rule` WHERE  `id` = 79 LIMIT 1 [ RunTime:0.000889s ]
[ sql ] [ SQL ] SELECT `name` FROM `qy_auth_rule` WHERE  `id` = 8 LIMIT 1 [ RunTime:0.001062s ]
[ sql ] [ SQL ] SELECT `name` FROM `qy_auth_rule` WHERE  `id` = 9 LIMIT 1 [ RunTime:0.000792s ]
[ sql ] [ SQL ] SELECT `name` FROM `qy_auth_rule` WHERE  `id` = 10 LIMIT 1 [ RunTime:0.000604s ]
[ sql ] [ SQL ] SELECT `name` FROM `qy_auth_rule` WHERE  `id` = 11 LIMIT 1 [ RunTime:0.000602s ]
[ sql ] [ SQL ] SELECT `name` FROM `qy_auth_rule` WHERE  `id` = 13 LIMIT 1 [ RunTime:0.000571s ]
[ sql ] [ SQL ] SELECT `name` FROM `qy_auth_rule` WHERE  `id` = 14 LIMIT 1 [ RunTime:0.000599s ]
[ sql ] [ SQL ] SELECT `name` FROM `qy_auth_rule` WHERE  `id` = 15 LIMIT 1 [ RunTime:0.000576s ]
[ sql ] [ SQL ] SELECT `name` FROM `qy_auth_rule` WHERE  `id` = 16 LIMIT 1 [ RunTime:0.000637s ]
[ sql ] [ SQL ] SELECT `name` FROM `qy_auth_rule` WHERE  `id` = 78 LIMIT 1 [ RunTime:0.000610s ]
[ sql ] [ SQL ] SELECT `name` FROM `qy_auth_rule` WHERE  `id` = 19 LIMIT 1 [ RunTime:0.000517s ]
[ sql ] [ SQL ] SELECT `name` FROM `qy_auth_rule` WHERE  `id` = 20 LIMIT 1 [ RunTime:0.000537s ]
[ sql ] [ SQL ] SELECT `name` FROM `qy_auth_rule` WHERE  `id` = 21 LIMIT 1 [ RunTime:0.000512s ]
[ sql ] [ SQL ] SELECT `name` FROM `qy_auth_rule` WHERE  `id` = 22 LIMIT 1 [ RunTime:0.000513s ]
[ sql ] [ SQL ] SELECT `name` FROM `qy_auth_rule` WHERE  `id` = 25 LIMIT 1 [ RunTime:0.000540s ]
[ sql ] [ SQL ] SELECT `name` FROM `qy_auth_rule` WHERE  `id` = 27 LIMIT 1 [ RunTime:0.000512s ]
[ sql ] [ SQL ] SELECT `name` FROM `qy_auth_rule` WHERE  `id` = 28 LIMIT 1 [ RunTime:0.000550s ]
[ sql ] [ SQL ] SELECT `name` FROM `qy_auth_rule` WHERE  `id` = 31 LIMIT 1 [ RunTime:0.000589s ]
[ sql ] [ SQL ] SELECT `name` FROM `qy_auth_rule` WHERE  `id` = 26 LIMIT 1 [ RunTime:0.000655s ]
[ sql ] [ SQL ] SELECT `name` FROM `qy_auth_rule` WHERE  `id` = 36 LIMIT 1 [ RunTime:0.000731s ]
[ sql ] [ SQL ] SELECT `name` FROM `qy_auth_rule` WHERE  `id` = 37 LIMIT 1 [ RunTime:0.000757s ]
[ sql ] [ SQL ] SELECT `name` FROM `qy_auth_rule` WHERE  `id` = 38 LIMIT 1 [ RunTime:0.001087s ]
[ sql ] [ SQL ] SELECT `name` FROM `qy_auth_rule` WHERE  `id` = 43 LIMIT 1 [ RunTime:0.000613s ]
[ sql ] [ SQL ] SELECT `name` FROM `qy_auth_rule` WHERE  `id` = 44 LIMIT 1 [ RunTime:0.000566s ]
[ sql ] [ SQL ] SELECT `name` FROM `qy_auth_rule` WHERE  `id` = 45 LIMIT 1 [ RunTime:0.000829s ]
[ sql ] [ SQL ] SELECT `name` FROM `qy_auth_rule` WHERE  `id` = 46 LIMIT 1 [ RunTime:0.000556s ]
[ sql ] [ SQL ] SELECT `name` FROM `qy_auth_rule` WHERE  `id` = 47 LIMIT 1 [ RunTime:0.000563s ]
[ sql ] [ SQL ] SELECT `name` FROM `qy_auth_rule` WHERE  `id` = 49 LIMIT 1 [ RunTime:0.000553s ]
[ sql ] [ SQL ] SELECT `name` FROM `qy_auth_rule` WHERE  `id` = 50 LIMIT 1 [ RunTime:0.000566s ]
[ sql ] [ SQL ] SELECT `name` FROM `qy_auth_rule` WHERE  `id` = 51 LIMIT 1 [ RunTime:0.000557s ]
[ sql ] [ SQL ] SELECT `name` FROM `qy_auth_rule` WHERE  `id` = 52 LIMIT 1 [ RunTime:0.000543s ]
[ sql ] [ SQL ] SELECT `name` FROM `qy_auth_rule` WHERE  `id` = 54 LIMIT 1 [ RunTime:0.000513s ]
[ sql ] [ SQL ] SELECT `name` FROM `qy_auth_rule` WHERE  `id` = 56 LIMIT 1 [ RunTime:0.000517s ]
[ sql ] [ SQL ] SELECT `name` FROM `qy_auth_rule` WHERE  `id` = 57 LIMIT 1 [ RunTime:0.000535s ]
[ sql ] [ SQL ] SELECT `name` FROM `qy_auth_rule` WHERE  `id` = 58 LIMIT 1 [ RunTime:0.000511s ]
[ sql ] [ SQL ] SELECT `name` FROM `qy_auth_rule` WHERE  `id` = 59 LIMIT 1 [ RunTime:0.000515s ]
[ sql ] [ SQL ] SELECT `name` FROM `qy_auth_rule` WHERE  `id` = 61 LIMIT 1 [ RunTime:0.000534s ]
[ sql ] [ SQL ] SELECT `name` FROM `qy_auth_rule` WHERE  `id` = 62 LIMIT 1 [ RunTime:0.000573s ]
[ sql ] [ SQL ] SELECT `name` FROM `qy_auth_rule` WHERE  `id` = 63 LIMIT 1 [ RunTime:0.000728s ]
[ sql ] [ SQL ] SELECT `name` FROM `qy_auth_rule` WHERE  `id` = 64 LIMIT 1 [ RunTime:0.000728s ]
[ sql ] [ SQL ] SELECT `name` FROM `qy_auth_rule` WHERE  `id` = 66 LIMIT 1 [ RunTime:0.000747s ]
[ sql ] [ SQL ] SELECT `name` FROM `qy_auth_rule` WHERE  `id` = 67 LIMIT 1 [ RunTime:0.000959s ]
[ sql ] [ SQL ] SELECT `name` FROM `qy_auth_rule` WHERE  `id` = 68 LIMIT 1 [ RunTime:0.000654s ]
[ sql ] [ SQL ] SELECT `name` FROM `qy_auth_rule` WHERE  `id` = 69 LIMIT 1 [ RunTime:0.000604s ]
[ sql ] [ SQL ] SELECT `name` FROM `qy_auth_rule` WHERE  `id` = 70 LIMIT 1 [ RunTime:0.000630s ]
[ sql ] [ SQL ] SELECT `name` FROM `qy_auth_rule` WHERE  `id` = 71 LIMIT 1 [ RunTime:0.000524s ]
[ sql ] [ SQL ] SELECT `name` FROM `qy_auth_rule` WHERE  `id` = 72 LIMIT 1 [ RunTime:0.000500s ]
[ sql ] [ SQL ] SELECT `name` FROM `qy_auth_rule` WHERE  `id` = 74 LIMIT 1 [ RunTime:0.000497s ]
[ sql ] [ SQL ] SELECT `name` FROM `qy_auth_rule` WHERE  `id` = 75 LIMIT 1 [ RunTime:0.000520s ]
[ sql ] [ SQL ] SELECT `name` FROM `qy_auth_rule` WHERE  `id` = 76 LIMIT 1 [ RunTime:0.000600s ]
[ sql ] [ SQL ] SELECT `name` FROM `qy_auth_rule` WHERE  `id` = 77 LIMIT 1 [ RunTime:0.000543s ]
[ sql ] [ SQL ] SHOW COLUMNS FROM `qy_attr` [ RunTime:0.010557s ]
[ sql ] [ SQL ] SELECT * FROM `qy_attr` WHERE  `cateid` = 1 [ RunTime:0.001167s ]
---------------------------------------------------------------
[ 2019-11-12T17:51:35+08:00 ] 127.0.0.1 POST www.mall.com/admin/product/add.html
[运行时间：0.175438s] [吞吐率：5.70req/s] [内存消耗：2,648.84kb] [文件加载：54]
[ info ] [ LANG ] E:\phpstudy\PHPTutorial\WWW\mall\thinkphp\lang\zh-cn.php
[ info ] [ ROUTE ] array (
  'type' => 'module',
  'module' => 
  array (
    0 => 'admin',
    1 => 'product',
    2 => 'add',
  ),
)
[ info ] [ HEADER ] array (
  'host' => 'www.mall.com',
  'connection' => 'keep-alive',
  'content-length' => '2613',
  'cache-control' => 'max-age=0',
  'origin' => 'http://www.mall.com',
  'upgrade-insecure-requests' => '1',
  'content-type' => 'multipart/form-data; boundary=----WebKitFormBoundaryD9byiV5LXB03pym4',
  'user-agent' => 'Mozilla/5.0 (Windows NT 10.0; Win64; x64) AppleWebKit/537.36 (KHTML, like Gecko) Chrome/75.0.3770.100 Safari/537.36',
  'accept' => 'text/html,application/xhtml+xml,application/xml;q=0.9,image/webp,image/apng,*/*;q=0.8,application/signed-exchange;v=b3',
  'referer' => 'http://www.mall.com/admin/product/add.html',
  'accept-encoding' => 'gzip, deflate',
  'accept-language' => 'zh-CN,zh;q=0.9,en;q=0.8',
  'cookie' => 'PHPSESSID=jas2eob1ck9c960ppp6l8uqaa5',
)
[ info ] [ PARAM ] array (
  'pid' => '1',
  'title' => '',
  'smalltitle' => '',
  'tag' => '1',
  'recommended' => '1',
  'summary' => '',
  'content' => '',
  'attr_0' => 
  array (
    0 => '1',
    1 => '2',
  ),
  'attr_1' => 
  array (
    0 => '1',
    1 => '2',
  ),
  'price' => 
  array (
    0 => '1',
    1 => '2',
  ),
  'stock' => 
  array (
    0 => '1',
    1 => '2',
  ),
  'num' => 
  array (
    0 => '1',
    1 => '2',
  ),
  'remark' => 
  array (
    0 => '1',
    1 => '2',
  ),
)
[ info ] [ SESSION ] INIT array (
  'id' => '',
  'var_session_id' => '',
  'prefix' => 'think',
  'type' => '',
  'auto_start' => true,
)
[ info ] [ DB ] INIT mysql
[ info ] [ RUN ] app\admin\controller\Product->add[ E:\phpstudy\PHPTutorial\WWW\mall\application\admin\controller\Product.php ]
[ info ] [ VIEW ] E:\phpstudy\PHPTutorial\WWW\mall\public/../application/admin\view\product\product_add.html [ array (
  0 => 'rulesName',
  1 => 'cate',
) ]
[ info ] [ LOG ] INIT File
[ sql ] [ DB ] CONNECT:[ UseTime:0.003170s ] mysql:host=127.0.0.1;dbname=mall;charset=utf8
[ sql ] [ SQL ] SHOW COLUMNS FROM `qy_auth_group_access` [ RunTime:0.011133s ]
[ sql ] [ SQL ] SELECT `auth_group_access`.`uid`,`auth_group_access`.`group_id`,`auth_group`.`title`,`auth_group`.`rules` FROM `qy_auth_group_access` `auth_group_access` INNER JOIN `qy_auth_group` `auth_group` ON `auth_group_access`.`group_id`=`auth_group`.`id` WHERE  `status` = 1  AND `auth_group_access`.`uid` = 37 [ RunTime:0.003485s ]
[ sql ] [ SQL ] SHOW COLUMNS FROM `qy_auth_rule` [ RunTime:0.010402s ]
[ sql ] [ SQL ] SELECT `name` FROM `qy_auth_rule` WHERE  `id` = 32 LIMIT 1 [ RunTime:0.002116s ]
[ sql ] [ SQL ] SELECT `name` FROM `qy_auth_rule` WHERE  `id` = 33 LIMIT 1 [ RunTime:0.001950s ]
[ sql ] [ SQL ] SELECT `name` FROM `qy_auth_rule` WHERE  `id` = 34 LIMIT 1 [ RunTime:0.002059s ]
[ sql ] [ SQL ] SELECT `name` FROM `qy_auth_rule` WHERE  `id` = 35 LIMIT 1 [ RunTime:0.001627s ]
[ sql ] [ SQL ] SELECT `name` FROM `qy_auth_rule` WHERE  `id` = 3 LIMIT 1 [ RunTime:0.001413s ]
[ sql ] [ SQL ] SELECT `name` FROM `qy_auth_rule` WHERE  `id` = 4 LIMIT 1 [ RunTime:0.001401s ]
[ sql ] [ SQL ] SELECT `name` FROM `qy_auth_rule` WHERE  `id` = 5 LIMIT 1 [ RunTime:0.001501s ]
[ sql ] [ SQL ] SELECT `name` FROM `qy_auth_rule` WHERE  `id` = 6 LIMIT 1 [ RunTime:0.001398s ]
[ sql ] [ SQL ] SELECT `name` FROM `qy_auth_rule` WHERE  `id` = 79 LIMIT 1 [ RunTime:0.001289s ]
[ sql ] [ SQL ] SELECT `name` FROM `qy_auth_rule` WHERE  `id` = 8 LIMIT 1 [ RunTime:0.001326s ]
[ sql ] [ SQL ] SELECT `name` FROM `qy_auth_rule` WHERE  `id` = 9 LIMIT 1 [ RunTime:0.001393s ]
[ sql ] [ SQL ] SELECT `name` FROM `qy_auth_rule` WHERE  `id` = 10 LIMIT 1 [ RunTime:0.001402s ]
[ sql ] [ SQL ] SELECT `name` FROM `qy_auth_rule` WHERE  `id` = 11 LIMIT 1 [ RunTime:0.001663s ]
[ sql ] [ SQL ] SELECT `name` FROM `qy_auth_rule` WHERE  `id` = 13 LIMIT 1 [ RunTime:0.001324s ]
[ sql ] [ SQL ] SELECT `name` FROM `qy_auth_rule` WHERE  `id` = 14 LIMIT 1 [ RunTime:0.001280s ]
[ sql ] [ SQL ] SELECT `name` FROM `qy_auth_rule` WHERE  `id` = 15 LIMIT 1 [ RunTime:0.001253s ]
[ sql ] [ SQL ] SELECT `name` FROM `qy_auth_rule` WHERE  `id` = 16 LIMIT 1 [ RunTime:0.001251s ]
[ sql ] [ SQL ] SELECT `name` FROM `qy_auth_rule` WHERE  `id` = 78 LIMIT 1 [ RunTime:0.001224s ]
[ sql ] [ SQL ] SELECT `name` FROM `qy_auth_rule` WHERE  `id` = 19 LIMIT 1 [ RunTime:0.001214s ]
[ sql ] [ SQL ] SELECT `name` FROM `qy_auth_rule` WHERE  `id` = 20 LIMIT 1 [ RunTime:0.001159s ]
[ sql ] [ SQL ] SELECT `name` FROM `qy_auth_rule` WHERE  `id` = 21 LIMIT 1 [ RunTime:0.001180s ]
[ sql ] [ SQL ] SELECT `name` FROM `qy_auth_rule` WHERE  `id` = 22 LIMIT 1 [ RunTime:0.001211s ]
[ sql ] [ SQL ] SELECT `name` FROM `qy_auth_rule` WHERE  `id` = 25 LIMIT 1 [ RunTime:0.001524s ]
[ sql ] [ SQL ] SELECT `name` FROM `qy_auth_rule` WHERE  `id` = 27 LIMIT 1 [ RunTime:0.001756s ]
[ sql ] [ SQL ] SELECT `name` FROM `qy_auth_rule` WHERE  `id` = 28 LIMIT 1 [ RunTime:0.001353s ]
[ sql ] [ SQL ] SELECT `name` FROM `qy_auth_rule` WHERE  `id` = 31 LIMIT 1 [ RunTime:0.001282s ]
[ sql ] [ SQL ] SELECT `name` FROM `qy_auth_rule` WHERE  `id` = 26 LIMIT 1 [ RunTime:0.001501s ]
[ sql ] [ SQL ] SELECT `name` FROM `qy_auth_rule` WHERE  `id` = 36 LIMIT 1 [ RunTime:0.001383s ]
[ sql ] [ SQL ] SELECT `name` FROM `qy_auth_rule` WHERE  `id` = 37 LIMIT 1 [ RunTime:0.001281s ]
[ sql ] [ SQL ] SELECT `name` FROM `qy_auth_rule` WHERE  `id` = 38 LIMIT 1 [ RunTime:0.001272s ]
[ sql ] [ SQL ] SELECT `name` FROM `qy_auth_rule` WHERE  `id` = 43 LIMIT 1 [ RunTime:0.001294s ]
[ sql ] [ SQL ] SELECT `name` FROM `qy_auth_rule` WHERE  `id` = 44 LIMIT 1 [ RunTime:0.001265s ]
[ sql ] [ SQL ] SELECT `name` FROM `qy_auth_rule` WHERE  `id` = 45 LIMIT 1 [ RunTime:0.001279s ]
[ sql ] [ SQL ] SELECT `name` FROM `qy_auth_rule` WHERE  `id` = 46 LIMIT 1 [ RunTime:0.001816s ]
[ sql ] [ SQL ] SELECT `name` FROM `qy_auth_rule` WHERE  `id` = 47 LIMIT 1 [ RunTime:0.001517s ]
[ sql ] [ SQL ] SELECT `name` FROM `qy_auth_rule` WHERE  `id` = 49 LIMIT 1 [ RunTime:0.001370s ]
[ sql ] [ SQL ] SELECT `name` FROM `qy_auth_rule` WHERE  `id` = 50 LIMIT 1 [ RunTime:0.001292s ]
[ sql ] [ SQL ] SELECT `name` FROM `qy_auth_rule` WHERE  `id` = 51 LIMIT 1 [ RunTime:0.001673s ]
[ sql ] [ SQL ] SELECT `name` FROM `qy_auth_rule` WHERE  `id` = 52 LIMIT 1 [ RunTime:0.001434s ]
[ sql ] [ SQL ] SELECT `name` FROM `qy_auth_rule` WHERE  `id` = 54 LIMIT 1 [ RunTime:0.001436s ]
[ sql ] [ SQL ] SELECT `name` FROM `qy_auth_rule` WHERE  `id` = 56 LIMIT 1 [ RunTime:0.001310s ]
[ sql ] [ SQL ] SELECT `name` FROM `qy_auth_rule` WHERE  `id` = 57 LIMIT 1 [ RunTime:0.001293s ]
[ sql ] [ SQL ] SELECT `name` FROM `qy_auth_rule` WHERE  `id` = 58 LIMIT 1 [ RunTime:0.001295s ]
[ sql ] [ SQL ] SELECT `name` FROM `qy_auth_rule` WHERE  `id` = 59 LIMIT 1 [ RunTime:0.001486s ]
[ sql ] [ SQL ] SELECT `name` FROM `qy_auth_rule` WHERE  `id` = 61 LIMIT 1 [ RunTime:0.001906s ]
[ sql ] [ SQL ] SELECT `name` FROM `qy_auth_rule` WHERE  `id` = 62 LIMIT 1 [ RunTime:0.001489s ]
[ sql ] [ SQL ] SELECT `name` FROM `qy_auth_rule` WHERE  `id` = 63 LIMIT 1 [ RunTime:0.001394s ]
[ sql ] [ SQL ] SELECT `name` FROM `qy_auth_rule` WHERE  `id` = 64 LIMIT 1 [ RunTime:0.001305s ]
[ sql ] [ SQL ] SELECT `name` FROM `qy_auth_rule` WHERE  `id` = 66 LIMIT 1 [ RunTime:0.001276s ]
[ sql ] [ SQL ] SELECT `name` FROM `qy_auth_rule` WHERE  `id` = 67 LIMIT 1 [ RunTime:0.001243s ]
[ sql ] [ SQL ] SELECT `name` FROM `qy_auth_rule` WHERE  `id` = 68 LIMIT 1 [ RunTime:0.001293s ]
[ sql ] [ SQL ] SELECT `name` FROM `qy_auth_rule` WHERE  `id` = 69 LIMIT 1 [ RunTime:0.001257s ]
[ sql ] [ SQL ] SELECT `name` FROM `qy_auth_rule` WHERE  `id` = 70 LIMIT 1 [ RunTime:0.001236s ]
[ sql ] [ SQL ] SELECT `name` FROM `qy_auth_rule` WHERE  `id` = 71 LIMIT 1 [ RunTime:0.001331s ]
[ sql ] [ SQL ] SELECT `name` FROM `qy_auth_rule` WHERE  `id` = 72 LIMIT 1 [ RunTime:0.001667s ]
[ sql ] [ SQL ] SELECT `name` FROM `qy_auth_rule` WHERE  `id` = 74 LIMIT 1 [ RunTime:0.001737s ]
[ sql ] [ SQL ] SELECT `name` FROM `qy_auth_rule` WHERE  `id` = 75 LIMIT 1 [ RunTime:0.001348s ]
[ sql ] [ SQL ] SELECT `name` FROM `qy_auth_rule` WHERE  `id` = 76 LIMIT 1 [ RunTime:0.001471s ]
[ sql ] [ SQL ] SELECT `name` FROM `qy_auth_rule` WHERE  `id` = 77 LIMIT 1 [ RunTime:0.001179s ]
[ sql ] [ SQL ] SHOW COLUMNS FROM `qy_cate` [ RunTime:0.011701s ]
[ sql ] [ SQL ] SELECT * FROM `qy_cate` WHERE  `pid` = 0 [ RunTime:0.003013s ]
---------------------------------------------------------------
[ 2019-11-12T17:59:14+08:00 ] 127.0.0.1 POST www.mall.com/admin/product/add.html
[运行时间：0.121286s] [吞吐率：8.24req/s] [内存消耗：2,650.34kb] [文件加载：54]
[ info ] [ LANG ] E:\phpstudy\PHPTutorial\WWW\mall\thinkphp\lang\zh-cn.php
[ info ] [ ROUTE ] array (
  'type' => 'module',
  'module' => 
  array (
    0 => 'admin',
    1 => 'product',
    2 => 'add',
  ),
)
[ info ] [ HEADER ] array (
  'host' => 'www.mall.com',
  'connection' => 'keep-alive',
  'content-length' => '2613',
  'cache-control' => 'max-age=0',
  'origin' => 'http://www.mall.com',
  'upgrade-insecure-requests' => '1',
  'content-type' => 'multipart/form-data; boundary=----WebKitFormBoundaryD9byiV5LXB03pym4',
  'user-agent' => 'Mozilla/5.0 (Windows NT 10.0; Win64; x64) AppleWebKit/537.36 (KHTML, like Gecko) Chrome/75.0.3770.100 Safari/537.36',
  'accept' => 'text/html,application/xhtml+xml,application/xml;q=0.9,image/webp,image/apng,*/*;q=0.8,application/signed-exchange;v=b3',
  'referer' => 'http://www.mall.com/admin/product/add.html',
  'accept-encoding' => 'gzip, deflate',
  'accept-language' => 'zh-CN,zh;q=0.9,en;q=0.8',
  'cookie' => 'PHPSESSID=jas2eob1ck9c960ppp6l8uqaa5',
)
[ info ] [ PARAM ] array (
  'pid' => '1',
  'title' => '',
  'smalltitle' => '',
  'tag' => '1',
  'recommended' => '1',
  'summary' => '',
  'content' => '',
  'attr_0' => 
  array (
    0 => '1',
    1 => '2',
  ),
  'attr_1' => 
  array (
    0 => '1',
    1 => '2',
  ),
  'price' => 
  array (
    0 => '1',
    1 => '2',
  ),
  'stock' => 
  array (
    0 => '1',
    1 => '2',
  ),
  'num' => 
  array (
    0 => '1',
    1 => '2',
  ),
  'remark' => 
  array (
    0 => '1',
    1 => '2',
  ),
)
[ info ] [ SESSION ] INIT array (
  'id' => '',
  'var_session_id' => '',
  'prefix' => 'think',
  'type' => '',
  'auto_start' => true,
)
[ info ] [ DB ] INIT mysql
[ info ] [ RUN ] app\admin\controller\Product->add[ E:\phpstudy\PHPTutorial\WWW\mall\application\admin\controller\Product.php ]
[ info ] [ VIEW ] E:\phpstudy\PHPTutorial\WWW\mall\public/../application/admin\view\product\product_add.html [ array (
  0 => 'rulesName',
  1 => 'cate',
) ]
[ info ] [ LOG ] INIT File
[ sql ] [ DB ] CONNECT:[ UseTime:0.001529s ] mysql:host=127.0.0.1;dbname=mall;charset=utf8
[ sql ] [ SQL ] SHOW COLUMNS FROM `qy_auth_group_access` [ RunTime:0.012040s ]
[ sql ] [ SQL ] SELECT `auth_group_access`.`uid`,`auth_group_access`.`group_id`,`auth_group`.`title`,`auth_group`.`rules` FROM `qy_auth_group_access` `auth_group_access` INNER JOIN `qy_auth_group` `auth_group` ON `auth_group_access`.`group_id`=`auth_group`.`id` WHERE  `status` = 1  AND `auth_group_access`.`uid` = 37 [ RunTime:0.000839s ]
[ sql ] [ SQL ] SHOW COLUMNS FROM `qy_auth_rule` [ RunTime:0.010246s ]
[ sql ] [ SQL ] SELECT `name` FROM `qy_auth_rule` WHERE  `id` = 32 LIMIT 1 [ RunTime:0.000779s ]
[ sql ] [ SQL ] SELECT `name` FROM `qy_auth_rule` WHERE  `id` = 33 LIMIT 1 [ RunTime:0.000518s ]
[ sql ] [ SQL ] SELECT `name` FROM `qy_auth_rule` WHERE  `id` = 34 LIMIT 1 [ RunTime:0.000530s ]
[ sql ] [ SQL ] SELECT `name` FROM `qy_auth_rule` WHERE  `id` = 35 LIMIT 1 [ RunTime:0.000627s ]
[ sql ] [ SQL ] SELECT `name` FROM `qy_auth_rule` WHERE  `id` = 3 LIMIT 1 [ RunTime:0.000537s ]
[ sql ] [ SQL ] SELECT `name` FROM `qy_auth_rule` WHERE  `id` = 4 LIMIT 1 [ RunTime:0.000532s ]
[ sql ] [ SQL ] SELECT `name` FROM `qy_auth_rule` WHERE  `id` = 5 LIMIT 1 [ RunTime:0.000523s ]
[ sql ] [ SQL ] SELECT `name` FROM `qy_auth_rule` WHERE  `id` = 6 LIMIT 1 [ RunTime:0.000513s ]
[ sql ] [ SQL ] SELECT `name` FROM `qy_auth_rule` WHERE  `id` = 79 LIMIT 1 [ RunTime:0.000528s ]
[ sql ] [ SQL ] SELECT `name` FROM `qy_auth_rule` WHERE  `id` = 8 LIMIT 1 [ RunTime:0.000492s ]
[ sql ] [ SQL ] SELECT `name` FROM `qy_auth_rule` WHERE  `id` = 9 LIMIT 1 [ RunTime:0.000489s ]
[ sql ] [ SQL ] SELECT `name` FROM `qy_auth_rule` WHERE  `id` = 10 LIMIT 1 [ RunTime:0.000522s ]
[ sql ] [ SQL ] SELECT `name` FROM `qy_auth_rule` WHERE  `id` = 11 LIMIT 1 [ RunTime:0.000530s ]
[ sql ] [ SQL ] SELECT `name` FROM `qy_auth_rule` WHERE  `id` = 13 LIMIT 1 [ RunTime:0.000520s ]
[ sql ] [ SQL ] SELECT `name` FROM `qy_auth_rule` WHERE  `id` = 14 LIMIT 1 [ RunTime:0.000520s ]
[ sql ] [ SQL ] SELECT `name` FROM `qy_auth_rule` WHERE  `id` = 15 LIMIT 1 [ RunTime:0.000522s ]
[ sql ] [ SQL ] SELECT `name` FROM `qy_auth_rule` WHERE  `id` = 16 LIMIT 1 [ RunTime:0.000508s ]
[ sql ] [ SQL ] SELECT `name` FROM `qy_auth_rule` WHERE  `id` = 78 LIMIT 1 [ RunTime:0.000490s ]
[ sql ] [ SQL ] SELECT `name` FROM `qy_auth_rule` WHERE  `id` = 19 LIMIT 1 [ RunTime:0.000524s ]
[ sql ] [ SQL ] SELECT `name` FROM `qy_auth_rule` WHERE  `id` = 20 LIMIT 1 [ RunTime:0.000521s ]
[ sql ] [ SQL ] SELECT `name` FROM `qy_auth_rule` WHERE  `id` = 21 LIMIT 1 [ RunTime:0.000522s ]
[ sql ] [ SQL ] SELECT `name` FROM `qy_auth_rule` WHERE  `id` = 22 LIMIT 1 [ RunTime:0.000523s ]
[ sql ] [ SQL ] SELECT `name` FROM `qy_auth_rule` WHERE  `id` = 25 LIMIT 1 [ RunTime:0.000517s ]
[ sql ] [ SQL ] SELECT `name` FROM `qy_auth_rule` WHERE  `id` = 27 LIMIT 1 [ RunTime:0.000498s ]
[ sql ] [ SQL ] SELECT `name` FROM `qy_auth_rule` WHERE  `id` = 28 LIMIT 1 [ RunTime:0.000488s ]
[ sql ] [ SQL ] SELECT `name` FROM `qy_auth_rule` WHERE  `id` = 31 LIMIT 1 [ RunTime:0.000524s ]
[ sql ] [ SQL ] SELECT `name` FROM `qy_auth_rule` WHERE  `id` = 26 LIMIT 1 [ RunTime:0.000590s ]
[ sql ] [ SQL ] SELECT `name` FROM `qy_auth_rule` WHERE  `id` = 36 LIMIT 1 [ RunTime:0.000638s ]
[ sql ] [ SQL ] SELECT `name` FROM `qy_auth_rule` WHERE  `id` = 37 LIMIT 1 [ RunTime:0.000538s ]
[ sql ] [ SQL ] SELECT `name` FROM `qy_auth_rule` WHERE  `id` = 38 LIMIT 1 [ RunTime:0.000532s ]
[ sql ] [ SQL ] SELECT `name` FROM `qy_auth_rule` WHERE  `id` = 43 LIMIT 1 [ RunTime:0.000523s ]
[ sql ] [ SQL ] SELECT `name` FROM `qy_auth_rule` WHERE  `id` = 44 LIMIT 1 [ RunTime:0.000523s ]
[ sql ] [ SQL ] SELECT `name` FROM `qy_auth_rule` WHERE  `id` = 45 LIMIT 1 [ RunTime:0.000536s ]
[ sql ] [ SQL ] SELECT `name` FROM `qy_auth_rule` WHERE  `id` = 46 LIMIT 1 [ RunTime:0.000527s ]
[ sql ] [ SQL ] SELECT `name` FROM `qy_auth_rule` WHERE  `id` = 47 LIMIT 1 [ RunTime:0.000703s ]
[ sql ] [ SQL ] SELECT `name` FROM `qy_auth_rule` WHERE  `id` = 49 LIMIT 1 [ RunTime:0.000580s ]
[ sql ] [ SQL ] SELECT `name` FROM `qy_auth_rule` WHERE  `id` = 50 LIMIT 1 [ RunTime:0.000548s ]
[ sql ] [ SQL ] SELECT `name` FROM `qy_auth_rule` WHERE  `id` = 51 LIMIT 1 [ RunTime:0.000540s ]
[ sql ] [ SQL ] SELECT `name` FROM `qy_auth_rule` WHERE  `id` = 52 LIMIT 1 [ RunTime:0.000570s ]
[ sql ] [ SQL ] SELECT `name` FROM `qy_auth_rule` WHERE  `id` = 54 LIMIT 1 [ RunTime:0.000563s ]
[ sql ] [ SQL ] SELECT `name` FROM `qy_auth_rule` WHERE  `id` = 56 LIMIT 1 [ RunTime:0.000560s ]
[ sql ] [ SQL ] SELECT `name` FROM `qy_auth_rule` WHERE  `id` = 57 LIMIT 1 [ RunTime:0.000544s ]
[ sql ] [ SQL ] SELECT `name` FROM `qy_auth_rule` WHERE  `id` = 58 LIMIT 1 [ RunTime:0.000527s ]
[ sql ] [ SQL ] SELECT `name` FROM `qy_auth_rule` WHERE  `id` = 59 LIMIT 1 [ RunTime:0.000541s ]
[ sql ] [ SQL ] SELECT `name` FROM `qy_auth_rule` WHERE  `id` = 61 LIMIT 1 [ RunTime:0.000555s ]
[ sql ] [ SQL ] SELECT `name` FROM `qy_auth_rule` WHERE  `id` = 62 LIMIT 1 [ RunTime:0.000532s ]
[ sql ] [ SQL ] SELECT `name` FROM `qy_auth_rule` WHERE  `id` = 63 LIMIT 1 [ RunTime:0.000529s ]
[ sql ] [ SQL ] SELECT `name` FROM `qy_auth_rule` WHERE  `id` = 64 LIMIT 1 [ RunTime:0.000522s ]
[ sql ] [ SQL ] SELECT `name` FROM `qy_auth_rule` WHERE  `id` = 66 LIMIT 1 [ RunTime:0.000529s ]
[ sql ] [ SQL ] SELECT `name` FROM `qy_auth_rule` WHERE  `id` = 67 LIMIT 1 [ RunTime:0.000525s ]
[ sql ] [ SQL ] SELECT `name` FROM `qy_auth_rule` WHERE  `id` = 68 LIMIT 1 [ RunTime:0.000528s ]
[ sql ] [ SQL ] SELECT `name` FROM `qy_auth_rule` WHERE  `id` = 69 LIMIT 1 [ RunTime:0.000537s ]
[ sql ] [ SQL ] SELECT `name` FROM `qy_auth_rule` WHERE  `id` = 70 LIMIT 1 [ RunTime:0.000524s ]
[ sql ] [ SQL ] SELECT `name` FROM `qy_auth_rule` WHERE  `id` = 71 LIMIT 1 [ RunTime:0.000521s ]
[ sql ] [ SQL ] SELECT `name` FROM `qy_auth_rule` WHERE  `id` = 72 LIMIT 1 [ RunTime:0.000524s ]
[ sql ] [ SQL ] SELECT `name` FROM `qy_auth_rule` WHERE  `id` = 74 LIMIT 1 [ RunTime:0.000522s ]
[ sql ] [ SQL ] SELECT `name` FROM `qy_auth_rule` WHERE  `id` = 75 LIMIT 1 [ RunTime:0.000538s ]
[ sql ] [ SQL ] SELECT `name` FROM `qy_auth_rule` WHERE  `id` = 76 LIMIT 1 [ RunTime:0.000654s ]
[ sql ] [ SQL ] SELECT `name` FROM `qy_auth_rule` WHERE  `id` = 77 LIMIT 1 [ RunTime:0.000649s ]
[ sql ] [ SQL ] SHOW COLUMNS FROM `qy_cate` [ RunTime:0.008890s ]
[ sql ] [ SQL ] SELECT * FROM `qy_cate` WHERE  `pid` = 0 [ RunTime:0.001118s ]
---------------------------------------------------------------
[ 2019-11-12T18:00:03+08:00 ] 127.0.0.1 GET www.mall.com/admin/product/add.html
[运行时间：0.168530s] [吞吐率：5.93req/s] [内存消耗：2,636.29kb] [文件加载：54]
[ info ] [ LANG ] E:\phpstudy\PHPTutorial\WWW\mall\thinkphp\lang\zh-cn.php
[ info ] [ ROUTE ] array (
  'type' => 'module',
  'module' => 
  array (
    0 => 'admin',
    1 => 'product',
    2 => 'add',
  ),
)
[ info ] [ HEADER ] array (
  'host' => 'www.mall.com',
  'connection' => 'keep-alive',
  'upgrade-insecure-requests' => '1',
  'user-agent' => 'Mozilla/5.0 (Windows NT 10.0; Win64; x64) AppleWebKit/537.36 (KHTML, like Gecko) Chrome/75.0.3770.100 Safari/537.36',
  'accept' => 'text/html,application/xhtml+xml,application/xml;q=0.9,image/webp,image/apng,*/*;q=0.8,application/signed-exchange;v=b3',
  'referer' => 'http://www.mall.com/admin/index/index.html',
  'accept-encoding' => 'gzip, deflate',
  'accept-language' => 'zh-CN,zh;q=0.9,en;q=0.8',
  'cookie' => 'PHPSESSID=jas2eob1ck9c960ppp6l8uqaa5',
)
[ info ] [ PARAM ] array (
)
[ info ] [ SESSION ] INIT array (
  'id' => '',
  'var_session_id' => '',
  'prefix' => 'think',
  'type' => '',
  'auto_start' => true,
)
[ info ] [ DB ] INIT mysql
[ info ] [ RUN ] app\admin\controller\Product->add[ E:\phpstudy\PHPTutorial\WWW\mall\application\admin\controller\Product.php ]
[ info ] [ VIEW ] E:\phpstudy\PHPTutorial\WWW\mall\public/../application/admin\view\product\product_add.html [ array (
  0 => 'rulesName',
  1 => 'cate',
) ]
[ info ] [ LOG ] INIT File
[ sql ] [ DB ] CONNECT:[ UseTime:0.011741s ] mysql:host=127.0.0.1;dbname=mall;charset=utf8
[ sql ] [ SQL ] SHOW COLUMNS FROM `qy_auth_group_access` [ RunTime:0.011258s ]
[ sql ] [ SQL ] SELECT `auth_group_access`.`uid`,`auth_group_access`.`group_id`,`auth_group`.`title`,`auth_group`.`rules` FROM `qy_auth_group_access` `auth_group_access` INNER JOIN `qy_auth_group` `auth_group` ON `auth_group_access`.`group_id`=`auth_group`.`id` WHERE  `status` = 1  AND `auth_group_access`.`uid` = 37 [ RunTime:0.001280s ]
[ sql ] [ SQL ] SHOW COLUMNS FROM `qy_auth_rule` [ RunTime:0.009848s ]
[ sql ] [ SQL ] SELECT `name` FROM `qy_auth_rule` WHERE  `id` = 32 LIMIT 1 [ RunTime:0.001084s ]
[ sql ] [ SQL ] SELECT `name` FROM `qy_auth_rule` WHERE  `id` = 33 LIMIT 1 [ RunTime:0.000955s ]
[ sql ] [ SQL ] SELECT `name` FROM `qy_auth_rule` WHERE  `id` = 34 LIMIT 1 [ RunTime:0.000975s ]
[ sql ] [ SQL ] SELECT `name` FROM `qy_auth_rule` WHERE  `id` = 35 LIMIT 1 [ RunTime:0.001089s ]
[ sql ] [ SQL ] SELECT `name` FROM `qy_auth_rule` WHERE  `id` = 3 LIMIT 1 [ RunTime:0.001061s ]
[ sql ] [ SQL ] SELECT `name` FROM `qy_auth_rule` WHERE  `id` = 4 LIMIT 1 [ RunTime:0.001176s ]
[ sql ] [ SQL ] SELECT `name` FROM `qy_auth_rule` WHERE  `id` = 5 LIMIT 1 [ RunTime:0.001305s ]
[ sql ] [ SQL ] SELECT `name` FROM `qy_auth_rule` WHERE  `id` = 6 LIMIT 1 [ RunTime:0.001434s ]
[ sql ] [ SQL ] SELECT `name` FROM `qy_auth_rule` WHERE  `id` = 79 LIMIT 1 [ RunTime:0.001389s ]
[ sql ] [ SQL ] SELECT `name` FROM `qy_auth_rule` WHERE  `id` = 8 LIMIT 1 [ RunTime:0.001134s ]
[ sql ] [ SQL ] SELECT `name` FROM `qy_auth_rule` WHERE  `id` = 9 LIMIT 1 [ RunTime:0.001482s ]
[ sql ] [ SQL ] SELECT `name` FROM `qy_auth_rule` WHERE  `id` = 10 LIMIT 1 [ RunTime:0.001301s ]
[ sql ] [ SQL ] SELECT `name` FROM `qy_auth_rule` WHERE  `id` = 11 LIMIT 1 [ RunTime:0.001096s ]
[ sql ] [ SQL ] SELECT `name` FROM `qy_auth_rule` WHERE  `id` = 13 LIMIT 1 [ RunTime:0.000973s ]
[ sql ] [ SQL ] SELECT `name` FROM `qy_auth_rule` WHERE  `id` = 14 LIMIT 1 [ RunTime:0.000926s ]
[ sql ] [ SQL ] SELECT `name` FROM `qy_auth_rule` WHERE  `id` = 15 LIMIT 1 [ RunTime:0.000900s ]
[ sql ] [ SQL ] SELECT `name` FROM `qy_auth_rule` WHERE  `id` = 16 LIMIT 1 [ RunTime:0.000873s ]
[ sql ] [ SQL ] SELECT `name` FROM `qy_auth_rule` WHERE  `id` = 78 LIMIT 1 [ RunTime:0.001201s ]
[ sql ] [ SQL ] SELECT `name` FROM `qy_auth_rule` WHERE  `id` = 19 LIMIT 1 [ RunTime:0.001900s ]
[ sql ] [ SQL ] SELECT `name` FROM `qy_auth_rule` WHERE  `id` = 20 LIMIT 1 [ RunTime:0.001345s ]
[ sql ] [ SQL ] SELECT `name` FROM `qy_auth_rule` WHERE  `id` = 21 LIMIT 1 [ RunTime:0.000974s ]
[ sql ] [ SQL ] SELECT `name` FROM `qy_auth_rule` WHERE  `id` = 22 LIMIT 1 [ RunTime:0.000986s ]
[ sql ] [ SQL ] SELECT `name` FROM `qy_auth_rule` WHERE  `id` = 25 LIMIT 1 [ RunTime:0.001030s ]
[ sql ] [ SQL ] SELECT `name` FROM `qy_auth_rule` WHERE  `id` = 27 LIMIT 1 [ RunTime:0.001342s ]
[ sql ] [ SQL ] SELECT `name` FROM `qy_auth_rule` WHERE  `id` = 28 LIMIT 1 [ RunTime:0.001216s ]
[ sql ] [ SQL ] SELECT `name` FROM `qy_auth_rule` WHERE  `id` = 31 LIMIT 1 [ RunTime:0.001209s ]
[ sql ] [ SQL ] SELECT `name` FROM `qy_auth_rule` WHERE  `id` = 26 LIMIT 1 [ RunTime:0.001270s ]
[ sql ] [ SQL ] SELECT `name` FROM `qy_auth_rule` WHERE  `id` = 36 LIMIT 1 [ RunTime:0.001041s ]
[ sql ] [ SQL ] SELECT `name` FROM `qy_auth_rule` WHERE  `id` = 37 LIMIT 1 [ RunTime:0.001103s ]
[ sql ] [ SQL ] SELECT `name` FROM `qy_auth_rule` WHERE  `id` = 38 LIMIT 1 [ RunTime:0.001531s ]
[ sql ] [ SQL ] SELECT `name` FROM `qy_auth_rule` WHERE  `id` = 43 LIMIT 1 [ RunTime:0.001628s ]
[ sql ] [ SQL ] SELECT `name` FROM `qy_auth_rule` WHERE  `id` = 44 LIMIT 1 [ RunTime:0.002322s ]
[ sql ] [ SQL ] SELECT `name` FROM `qy_auth_rule` WHERE  `id` = 45 LIMIT 1 [ RunTime:0.001469s ]
[ sql ] [ SQL ] SELECT `name` FROM `qy_auth_rule` WHERE  `id` = 46 LIMIT 1 [ RunTime:0.001247s ]
[ sql ] [ SQL ] SELECT `name` FROM `qy_auth_rule` WHERE  `id` = 47 LIMIT 1 [ RunTime:0.001013s ]
[ sql ] [ SQL ] SELECT `name` FROM `qy_auth_rule` WHERE  `id` = 49 LIMIT 1 [ RunTime:0.000905s ]
[ sql ] [ SQL ] SELECT `name` FROM `qy_auth_rule` WHERE  `id` = 50 LIMIT 1 [ RunTime:0.000901s ]
[ sql ] [ SQL ] SELECT `name` FROM `qy_auth_rule` WHERE  `id` = 51 LIMIT 1 [ RunTime:0.001058s ]
[ sql ] [ SQL ] SELECT `name` FROM `qy_auth_rule` WHERE  `id` = 52 LIMIT 1 [ RunTime:0.001206s ]
[ sql ] [ SQL ] SELECT `name` FROM `qy_auth_rule` WHERE  `id` = 54 LIMIT 1 [ RunTime:0.001054s ]
[ sql ] [ SQL ] SELECT `name` FROM `qy_auth_rule` WHERE  `id` = 56 LIMIT 1 [ RunTime:0.001290s ]
[ sql ] [ SQL ] SELECT `name` FROM `qy_auth_rule` WHERE  `id` = 57 LIMIT 1 [ RunTime:0.001278s ]
[ sql ] [ SQL ] SELECT `name` FROM `qy_auth_rule` WHERE  `id` = 58 LIMIT 1 [ RunTime:0.001720s ]
[ sql ] [ SQL ] SELECT `name` FROM `qy_auth_rule` WHERE  `id` = 59 LIMIT 1 [ RunTime:0.001012s ]
[ sql ] [ SQL ] SELECT `name` FROM `qy_auth_rule` WHERE  `id` = 61 LIMIT 1 [ RunTime:0.001103s ]
[ sql ] [ SQL ] SELECT `name` FROM `qy_auth_rule` WHERE  `id` = 62 LIMIT 1 [ RunTime:0.001004s ]
[ sql ] [ SQL ] SELECT `name` FROM `qy_auth_rule` WHERE  `id` = 63 LIMIT 1 [ RunTime:0.001007s ]
[ sql ] [ SQL ] SELECT `name` FROM `qy_auth_rule` WHERE  `id` = 64 LIMIT 1 [ RunTime:0.000981s ]
[ sql ] [ SQL ] SELECT `name` FROM `qy_auth_rule` WHERE  `id` = 66 LIMIT 1 [ RunTime:0.001055s ]
[ sql ] [ SQL ] SELECT `name` FROM `qy_auth_rule` WHERE  `id` = 67 LIMIT 1 [ RunTime:0.000940s ]
[ sql ] [ SQL ] SELECT `name` FROM `qy_auth_rule` WHERE  `id` = 68 LIMIT 1 [ RunTime:0.000940s ]
[ sql ] [ SQL ] SELECT `name` FROM `qy_auth_rule` WHERE  `id` = 69 LIMIT 1 [ RunTime:0.001097s ]
[ sql ] [ SQL ] SELECT `name` FROM `qy_auth_rule` WHERE  `id` = 70 LIMIT 1 [ RunTime:0.000985s ]
[ sql ] [ SQL ] SELECT `name` FROM `qy_auth_rule` WHERE  `id` = 71 LIMIT 1 [ RunTime:0.001184s ]
[ sql ] [ SQL ] SELECT `name` FROM `qy_auth_rule` WHERE  `id` = 72 LIMIT 1 [ RunTime:0.001509s ]
[ sql ] [ SQL ] SELECT `name` FROM `qy_auth_rule` WHERE  `id` = 74 LIMIT 1 [ RunTime:0.001724s ]
[ sql ] [ SQL ] SELECT `name` FROM `qy_auth_rule` WHERE  `id` = 75 LIMIT 1 [ RunTime:0.001096s ]
[ sql ] [ SQL ] SELECT `name` FROM `qy_auth_rule` WHERE  `id` = 76 LIMIT 1 [ RunTime:0.000947s ]
[ sql ] [ SQL ] SELECT `name` FROM `qy_auth_rule` WHERE  `id` = 77 LIMIT 1 [ RunTime:0.000901s ]
[ sql ] [ SQL ] SHOW COLUMNS FROM `qy_cate` [ RunTime:0.010905s ]
[ sql ] [ SQL ] SELECT * FROM `qy_cate` WHERE  `pid` = 0 [ RunTime:0.002389s ]
---------------------------------------------------------------
[ 2019-11-12T18:00:06+08:00 ] 127.0.0.1 POST www.mall.com/admin/product/getattrbycateid.html
[运行时间：0.114915s] [吞吐率：8.70req/s] [内存消耗：2,553.91kb] [文件加载：52]
[ info ] [ LANG ] E:\phpstudy\PHPTutorial\WWW\mall\thinkphp\lang\zh-cn.php
[ info ] [ ROUTE ] array (
  'type' => 'module',
  'module' => 
  array (
    0 => 'admin',
    1 => 'product',
    2 => 'getattrbycateid',
  ),
)
[ info ] [ HEADER ] array (
  'host' => 'www.mall.com',
  'connection' => 'keep-alive',
  'content-length' => '8',
  'accept' => '*/*',
  'origin' => 'http://www.mall.com',
  'x-requested-with' => 'XMLHttpRequest',
  'user-agent' => 'Mozilla/5.0 (Windows NT 10.0; Win64; x64) AppleWebKit/537.36 (KHTML, like Gecko) Chrome/75.0.3770.100 Safari/537.36',
  'content-type' => 'application/x-www-form-urlencoded; charset=UTF-8',
  'referer' => 'http://www.mall.com/admin/product/add.html',
  'accept-encoding' => 'gzip, deflate',
  'accept-language' => 'zh-CN,zh;q=0.9,en;q=0.8',
  'cookie' => 'PHPSESSID=jas2eob1ck9c960ppp6l8uqaa5',
)
[ info ] [ PARAM ] array (
  'cateid' => '1',
)
[ info ] [ SESSION ] INIT array (
  'id' => '',
  'var_session_id' => '',
  'prefix' => 'think',
  'type' => '',
  'auto_start' => true,
)
[ info ] [ DB ] INIT mysql
[ info ] [ RUN ] app\admin\controller\Product->getAttrByCateId[ E:\phpstudy\PHPTutorial\WWW\mall\application\admin\controller\Product.php ]
[ info ] [ LOG ] INIT File
[ sql ] [ DB ] CONNECT:[ UseTime:0.001139s ] mysql:host=127.0.0.1;dbname=mall;charset=utf8
[ sql ] [ SQL ] SHOW COLUMNS FROM `qy_auth_group_access` [ RunTime:0.011924s ]
[ sql ] [ SQL ] SELECT `auth_group_access`.`uid`,`auth_group_access`.`group_id`,`auth_group`.`title`,`auth_group`.`rules` FROM `qy_auth_group_access` `auth_group_access` INNER JOIN `qy_auth_group` `auth_group` ON `auth_group_access`.`group_id`=`auth_group`.`id` WHERE  `status` = 1  AND `auth_group_access`.`uid` = 37 [ RunTime:0.001065s ]
[ sql ] [ SQL ] SHOW COLUMNS FROM `qy_auth_rule` [ RunTime:0.011004s ]
[ sql ] [ SQL ] SELECT `name` FROM `qy_auth_rule` WHERE  `id` = 32 LIMIT 1 [ RunTime:0.001467s ]
[ sql ] [ SQL ] SELECT `name` FROM `qy_auth_rule` WHERE  `id` = 33 LIMIT 1 [ RunTime:0.001186s ]
[ sql ] [ SQL ] SELECT `name` FROM `qy_auth_rule` WHERE  `id` = 34 LIMIT 1 [ RunTime:0.000760s ]
[ sql ] [ SQL ] SELECT `name` FROM `qy_auth_rule` WHERE  `id` = 35 LIMIT 1 [ RunTime:0.000529s ]
[ sql ] [ SQL ] SELECT `name` FROM `qy_auth_rule` WHERE  `id` = 3 LIMIT 1 [ RunTime:0.000489s ]
[ sql ] [ SQL ] SELECT `name` FROM `qy_auth_rule` WHERE  `id` = 4 LIMIT 1 [ RunTime:0.000444s ]
[ sql ] [ SQL ] SELECT `name` FROM `qy_auth_rule` WHERE  `id` = 5 LIMIT 1 [ RunTime:0.000445s ]
[ sql ] [ SQL ] SELECT `name` FROM `qy_auth_rule` WHERE  `id` = 6 LIMIT 1 [ RunTime:0.000467s ]
[ sql ] [ SQL ] SELECT `name` FROM `qy_auth_rule` WHERE  `id` = 79 LIMIT 1 [ RunTime:0.000440s ]
[ sql ] [ SQL ] SELECT `name` FROM `qy_auth_rule` WHERE  `id` = 8 LIMIT 1 [ RunTime:0.000514s ]
[ sql ] [ SQL ] SELECT `name` FROM `qy_auth_rule` WHERE  `id` = 9 LIMIT 1 [ RunTime:0.000494s ]
[ sql ] [ SQL ] SELECT `name` FROM `qy_auth_rule` WHERE  `id` = 10 LIMIT 1 [ RunTime:0.000468s ]
[ sql ] [ SQL ] SELECT `name` FROM `qy_auth_rule` WHERE  `id` = 11 LIMIT 1 [ RunTime:0.000459s ]
[ sql ] [ SQL ] SELECT `name` FROM `qy_auth_rule` WHERE  `id` = 13 LIMIT 1 [ RunTime:0.000455s ]
[ sql ] [ SQL ] SELECT `name` FROM `qy_auth_rule` WHERE  `id` = 14 LIMIT 1 [ RunTime:0.000436s ]
[ sql ] [ SQL ] SELECT `name` FROM `qy_auth_rule` WHERE  `id` = 15 LIMIT 1 [ RunTime:0.000453s ]
[ sql ] [ SQL ] SELECT `name` FROM `qy_auth_rule` WHERE  `id` = 16 LIMIT 1 [ RunTime:0.000478s ]
[ sql ] [ SQL ] SELECT `name` FROM `qy_auth_rule` WHERE  `id` = 78 LIMIT 1 [ RunTime:0.000611s ]
[ sql ] [ SQL ] SELECT `name` FROM `qy_auth_rule` WHERE  `id` = 19 LIMIT 1 [ RunTime:0.000674s ]
[ sql ] [ SQL ] SELECT `name` FROM `qy_auth_rule` WHERE  `id` = 20 LIMIT 1 [ RunTime:0.000554s ]
[ sql ] [ SQL ] SELECT `name` FROM `qy_auth_rule` WHERE  `id` = 21 LIMIT 1 [ RunTime:0.000567s ]
[ sql ] [ SQL ] SELECT `name` FROM `qy_auth_rule` WHERE  `id` = 22 LIMIT 1 [ RunTime:0.000630s ]
[ sql ] [ SQL ] SELECT `name` FROM `qy_auth_rule` WHERE  `id` = 25 LIMIT 1 [ RunTime:0.000591s ]
[ sql ] [ SQL ] SELECT `name` FROM `qy_auth_rule` WHERE  `id` = 27 LIMIT 1 [ RunTime:0.000720s ]
[ sql ] [ SQL ] SELECT `name` FROM `qy_auth_rule` WHERE  `id` = 28 LIMIT 1 [ RunTime:0.000839s ]
[ sql ] [ SQL ] SELECT `name` FROM `qy_auth_rule` WHERE  `id` = 31 LIMIT 1 [ RunTime:0.000557s ]
[ sql ] [ SQL ] SELECT `name` FROM `qy_auth_rule` WHERE  `id` = 26 LIMIT 1 [ RunTime:0.000489s ]
[ sql ] [ SQL ] SELECT `name` FROM `qy_auth_rule` WHERE  `id` = 36 LIMIT 1 [ RunTime:0.000443s ]
[ sql ] [ SQL ] SELECT `name` FROM `qy_auth_rule` WHERE  `id` = 37 LIMIT 1 [ RunTime:0.000649s ]
[ sql ] [ SQL ] SELECT `name` FROM `qy_auth_rule` WHERE  `id` = 38 LIMIT 1 [ RunTime:0.000472s ]
[ sql ] [ SQL ] SELECT `name` FROM `qy_auth_rule` WHERE  `id` = 43 LIMIT 1 [ RunTime:0.000441s ]
[ sql ] [ SQL ] SELECT `name` FROM `qy_auth_rule` WHERE  `id` = 44 LIMIT 1 [ RunTime:0.000422s ]
[ sql ] [ SQL ] SELECT `name` FROM `qy_auth_rule` WHERE  `id` = 45 LIMIT 1 [ RunTime:0.000422s ]
[ sql ] [ SQL ] SELECT `name` FROM `qy_auth_rule` WHERE  `id` = 46 LIMIT 1 [ RunTime:0.000400s ]
[ sql ] [ SQL ] SELECT `name` FROM `qy_auth_rule` WHERE  `id` = 47 LIMIT 1 [ RunTime:0.000408s ]
[ sql ] [ SQL ] SELECT `name` FROM `qy_auth_rule` WHERE  `id` = 49 LIMIT 1 [ RunTime:0.000400s ]
[ sql ] [ SQL ] SELECT `name` FROM `qy_auth_rule` WHERE  `id` = 50 LIMIT 1 [ RunTime:0.000398s ]
[ sql ] [ SQL ] SELECT `name` FROM `qy_auth_rule` WHERE  `id` = 51 LIMIT 1 [ RunTime:0.000405s ]
[ sql ] [ SQL ] SELECT `name` FROM `qy_auth_rule` WHERE  `id` = 52 LIMIT 1 [ RunTime:0.000393s ]
[ sql ] [ SQL ] SELECT `name` FROM `qy_auth_rule` WHERE  `id` = 54 LIMIT 1 [ RunTime:0.000403s ]
[ sql ] [ SQL ] SELECT `name` FROM `qy_auth_rule` WHERE  `id` = 56 LIMIT 1 [ RunTime:0.000406s ]
[ sql ] [ SQL ] SELECT `name` FROM `qy_auth_rule` WHERE  `id` = 57 LIMIT 1 [ RunTime:0.000459s ]
[ sql ] [ SQL ] SELECT `name` FROM `qy_auth_rule` WHERE  `id` = 58 LIMIT 1 [ RunTime:0.000435s ]
[ sql ] [ SQL ] SELECT `name` FROM `qy_auth_rule` WHERE  `id` = 59 LIMIT 1 [ RunTime:0.000518s ]
[ sql ] [ SQL ] SELECT `name` FROM `qy_auth_rule` WHERE  `id` = 61 LIMIT 1 [ RunTime:0.000549s ]
[ sql ] [ SQL ] SELECT `name` FROM `qy_auth_rule` WHERE  `id` = 62 LIMIT 1 [ RunTime:0.000554s ]
[ sql ] [ SQL ] SELECT `name` FROM `qy_auth_rule` WHERE  `id` = 63 LIMIT 1 [ RunTime:0.000560s ]
[ sql ] [ SQL ] SELECT `name` FROM `qy_auth_rule` WHERE  `id` = 64 LIMIT 1 [ RunTime:0.000459s ]
[ sql ] [ SQL ] SELECT `name` FROM `qy_auth_rule` WHERE  `id` = 66 LIMIT 1 [ RunTime:0.000436s ]
[ sql ] [ SQL ] SELECT `name` FROM `qy_auth_rule` WHERE  `id` = 67 LIMIT 1 [ RunTime:0.000403s ]
[ sql ] [ SQL ] SELECT `name` FROM `qy_auth_rule` WHERE  `id` = 68 LIMIT 1 [ RunTime:0.000403s ]
[ sql ] [ SQL ] SELECT `name` FROM `qy_auth_rule` WHERE  `id` = 69 LIMIT 1 [ RunTime:0.000400s ]
[ sql ] [ SQL ] SELECT `name` FROM `qy_auth_rule` WHERE  `id` = 70 LIMIT 1 [ RunTime:0.000398s ]
[ sql ] [ SQL ] SELECT `name` FROM `qy_auth_rule` WHERE  `id` = 71 LIMIT 1 [ RunTime:0.000408s ]
[ sql ] [ SQL ] SELECT `name` FROM `qy_auth_rule` WHERE  `id` = 72 LIMIT 1 [ RunTime:0.000399s ]
[ sql ] [ SQL ] SELECT `name` FROM `qy_auth_rule` WHERE  `id` = 74 LIMIT 1 [ RunTime:0.000403s ]
[ sql ] [ SQL ] SELECT `name` FROM `qy_auth_rule` WHERE  `id` = 75 LIMIT 1 [ RunTime:0.000399s ]
[ sql ] [ SQL ] SELECT `name` FROM `qy_auth_rule` WHERE  `id` = 76 LIMIT 1 [ RunTime:0.000413s ]
[ sql ] [ SQL ] SELECT `name` FROM `qy_auth_rule` WHERE  `id` = 77 LIMIT 1 [ RunTime:0.000395s ]
[ sql ] [ SQL ] SHOW COLUMNS FROM `qy_attr` [ RunTime:0.010601s ]
[ sql ] [ SQL ] SELECT * FROM `qy_attr` WHERE  `cateid` = 1 [ RunTime:0.000992s ]
---------------------------------------------------------------
[ 2019-11-12T18:01:37+08:00 ] 127.0.0.1 POST www.mall.com/admin/product/add.html
[运行时间：0.242289s] [吞吐率：4.13req/s] [内存消耗：2,688.34kb] [文件加载：57]
[ info ] [ LANG ] E:\phpstudy\PHPTutorial\WWW\mall\thinkphp\lang\zh-cn.php
[ info ] [ ROUTE ] array (
  'type' => 'module',
  'module' => 
  array (
    0 => 'admin',
    1 => 'product',
    2 => 'add',
  ),
)
[ info ] [ HEADER ] array (
  'host' => 'www.mall.com',
  'connection' => 'keep-alive',
  'content-length' => '133293',
  'cache-control' => 'max-age=0',
  'origin' => 'http://www.mall.com',
  'upgrade-insecure-requests' => '1',
  'content-type' => 'multipart/form-data; boundary=----WebKitFormBoundaryAOr0kUpvTa0SYLjP',
  'user-agent' => 'Mozilla/5.0 (Windows NT 10.0; Win64; x64) AppleWebKit/537.36 (KHTML, like Gecko) Chrome/75.0.3770.100 Safari/537.36',
  'accept' => 'text/html,application/xhtml+xml,application/xml;q=0.9,image/webp,image/apng,*/*;q=0.8,application/signed-exchange;v=b3',
  'referer' => 'http://www.mall.com/admin/product/add.html',
  'accept-encoding' => 'gzip, deflate',
  'accept-language' => 'zh-CN,zh;q=0.9,en;q=0.8',
  'cookie' => 'PHPSESSID=jas2eob1ck9c960ppp6l8uqaa5',
)
[ info ] [ PARAM ] array (
  'pid' => '1',
  'title' => 'apple11',
  'smalltitle' => 'apple11促销',
  'tag' => '2',
  'recommended' => '2',
  'summary' => 'apple11是最新手机',
  'content' => '<p>123123123132</p>',
  'attr_0' => 
  array (
    0 => '1',
    1 => '1',
  ),
  'attr_1' => 
  array (
    0 => '1',
    1 => '1',
  ),
  'price' => 
  array (
    0 => '1',
    1 => '1',
  ),
  'stock' => 
  array (
    0 => '1',
    1 => '1',
  ),
  'num' => 
  array (
    0 => '1',
    1 => '1',
  ),
  'remark' => 
  array (
    0 => '1',
    1 => '1',
  ),
)
[ info ] [ SESSION ] INIT array (
  'id' => '',
  'var_session_id' => '',
  'prefix' => 'think',
  'type' => '',
  'auto_start' => true,
)
[ info ] [ DB ] INIT mysql
[ info ] [ RUN ] app\admin\controller\Product->add[ E:\phpstudy\PHPTutorial\WWW\mall\application\admin\controller\Product.php ]
[ info ] [ LOG ] INIT File
[ sql ] [ DB ] CONNECT:[ UseTime:0.001946s ] mysql:host=127.0.0.1;dbname=mall;charset=utf8
[ sql ] [ SQL ] SHOW COLUMNS FROM `qy_auth_group_access` [ RunTime:0.009336s ]
[ sql ] [ SQL ] SELECT `auth_group_access`.`uid`,`auth_group_access`.`group_id`,`auth_group`.`title`,`auth_group`.`rules` FROM `qy_auth_group_access` `auth_group_access` INNER JOIN `qy_auth_group` `auth_group` ON `auth_group_access`.`group_id`=`auth_group`.`id` WHERE  `status` = 1  AND `auth_group_access`.`uid` = 37 [ RunTime:0.002818s ]
[ sql ] [ SQL ] SHOW COLUMNS FROM `qy_auth_rule` [ RunTime:0.009505s ]
[ sql ] [ SQL ] SELECT `name` FROM `qy_auth_rule` WHERE  `id` = 32 LIMIT 1 [ RunTime:0.001770s ]
[ sql ] [ SQL ] SELECT `name` FROM `qy_auth_rule` WHERE  `id` = 33 LIMIT 1 [ RunTime:0.001553s ]
[ sql ] [ SQL ] SELECT `name` FROM `qy_auth_rule` WHERE  `id` = 34 LIMIT 1 [ RunTime:0.001741s ]
[ sql ] [ SQL ] SELECT `name` FROM `qy_auth_rule` WHERE  `id` = 35 LIMIT 1 [ RunTime:0.001290s ]
[ sql ] [ SQL ] SELECT `name` FROM `qy_auth_rule` WHERE  `id` = 3 LIMIT 1 [ RunTime:0.001163s ]
[ sql ] [ SQL ] SELECT `name` FROM `qy_auth_rule` WHERE  `id` = 4 LIMIT 1 [ RunTime:0.001116s ]
[ sql ] [ SQL ] SELECT `name` FROM `qy_auth_rule` WHERE  `id` = 5 LIMIT 1 [ RunTime:0.001061s ]
[ sql ] [ SQL ] SELECT `name` FROM `qy_auth_rule` WHERE  `id` = 6 LIMIT 1 [ RunTime:0.001063s ]
[ sql ] [ SQL ] SELECT `name` FROM `qy_auth_rule` WHERE  `id` = 79 LIMIT 1 [ RunTime:0.001015s ]
[ sql ] [ SQL ] SELECT `name` FROM `qy_auth_rule` WHERE  `id` = 8 LIMIT 1 [ RunTime:0.001002s ]
[ sql ] [ SQL ] SELECT `name` FROM `qy_auth_rule` WHERE  `id` = 9 LIMIT 1 [ RunTime:0.001021s ]
[ sql ] [ SQL ] SELECT `name` FROM `qy_auth_rule` WHERE  `id` = 10 LIMIT 1 [ RunTime:0.000991s ]
[ sql ] [ SQL ] SELECT `name` FROM `qy_auth_rule` WHERE  `id` = 11 LIMIT 1 [ RunTime:0.001032s ]
[ sql ] [ SQL ] SELECT `name` FROM `qy_auth_rule` WHERE  `id` = 13 LIMIT 1 [ RunTime:0.001000s ]
[ sql ] [ SQL ] SELECT `name` FROM `qy_auth_rule` WHERE  `id` = 14 LIMIT 1 [ RunTime:0.001099s ]
[ sql ] [ SQL ] SELECT `name` FROM `qy_auth_rule` WHERE  `id` = 15 LIMIT 1 [ RunTime:0.001433s ]
[ sql ] [ SQL ] SELECT `name` FROM `qy_auth_rule` WHERE  `id` = 16 LIMIT 1 [ RunTime:0.001222s ]
[ sql ] [ SQL ] SELECT `name` FROM `qy_auth_rule` WHERE  `id` = 78 LIMIT 1 [ RunTime:0.001074s ]
[ sql ] [ SQL ] SELECT `name` FROM `qy_auth_rule` WHERE  `id` = 19 LIMIT 1 [ RunTime:0.001061s ]
[ sql ] [ SQL ] SELECT `name` FROM `qy_auth_rule` WHERE  `id` = 20 LIMIT 1 [ RunTime:0.000983s ]
[ sql ] [ SQL ] SELECT `name` FROM `qy_auth_rule` WHERE  `id` = 21 LIMIT 1 [ RunTime:0.000986s ]
[ sql ] [ SQL ] SELECT `name` FROM `qy_auth_rule` WHERE  `id` = 22 LIMIT 1 [ RunTime:0.000973s ]
[ sql ] [ SQL ] SELECT `name` FROM `qy_auth_rule` WHERE  `id` = 25 LIMIT 1 [ RunTime:0.001234s ]
[ sql ] [ SQL ] SELECT `name` FROM `qy_auth_rule` WHERE  `id` = 27 LIMIT 1 [ RunTime:0.000993s ]
[ sql ] [ SQL ] SELECT `name` FROM `qy_auth_rule` WHERE  `id` = 28 LIMIT 1 [ RunTime:0.000951s ]
[ sql ] [ SQL ] SELECT `name` FROM `qy_auth_rule` WHERE  `id` = 31 LIMIT 1 [ RunTime:0.001061s ]
[ sql ] [ SQL ] SELECT `name` FROM `qy_auth_rule` WHERE  `id` = 26 LIMIT 1 [ RunTime:0.001015s ]
[ sql ] [ SQL ] SELECT `name` FROM `qy_auth_rule` WHERE  `id` = 36 LIMIT 1 [ RunTime:0.001064s ]
[ sql ] [ SQL ] SELECT `name` FROM `qy_auth_rule` WHERE  `id` = 37 LIMIT 1 [ RunTime:0.001307s ]
[ sql ] [ SQL ] SELECT `name` FROM `qy_auth_rule` WHERE  `id` = 38 LIMIT 1 [ RunTime:0.001452s ]
[ sql ] [ SQL ] SELECT `name` FROM `qy_auth_rule` WHERE  `id` = 43 LIMIT 1 [ RunTime:0.001080s ]
[ sql ] [ SQL ] SELECT `name` FROM `qy_auth_rule` WHERE  `id` = 44 LIMIT 1 [ RunTime:0.001076s ]
[ sql ] [ SQL ] SELECT `name` FROM `qy_auth_rule` WHERE  `id` = 45 LIMIT 1 [ RunTime:0.001124s ]
[ sql ] [ SQL ] SELECT `name` FROM `qy_auth_rule` WHERE  `id` = 46 LIMIT 1 [ RunTime:0.001031s ]
[ sql ] [ SQL ] SELECT `name` FROM `qy_auth_rule` WHERE  `id` = 47 LIMIT 1 [ RunTime:0.001025s ]
[ sql ] [ SQL ] SELECT `name` FROM `qy_auth_rule` WHERE  `id` = 49 LIMIT 1 [ RunTime:0.000983s ]
[ sql ] [ SQL ] SELECT `name` FROM `qy_auth_rule` WHERE  `id` = 50 LIMIT 1 [ RunTime:0.000983s ]
[ sql ] [ SQL ] SELECT `name` FROM `qy_auth_rule` WHERE  `id` = 51 LIMIT 1 [ RunTime:0.000978s ]
[ sql ] [ SQL ] SELECT `name` FROM `qy_auth_rule` WHERE  `id` = 52 LIMIT 1 [ RunTime:0.000976s ]
[ sql ] [ SQL ] SELECT `name` FROM `qy_auth_rule` WHERE  `id` = 54 LIMIT 1 [ RunTime:0.001003s ]
[ sql ] [ SQL ] SELECT `name` FROM `qy_auth_rule` WHERE  `id` = 56 LIMIT 1 [ RunTime:0.001171s ]
[ sql ] [ SQL ] SELECT `name` FROM `qy_auth_rule` WHERE  `id` = 57 LIMIT 1 [ RunTime:0.001349s ]
[ sql ] [ SQL ] SELECT `name` FROM `qy_auth_rule` WHERE  `id` = 58 LIMIT 1 [ RunTime:0.001581s ]
[ sql ] [ SQL ] SELECT `name` FROM `qy_auth_rule` WHERE  `id` = 59 LIMIT 1 [ RunTime:0.001327s ]
[ sql ] [ SQL ] SELECT `name` FROM `qy_auth_rule` WHERE  `id` = 61 LIMIT 1 [ RunTime:0.001211s ]
[ sql ] [ SQL ] SELECT `name` FROM `qy_auth_rule` WHERE  `id` = 62 LIMIT 1 [ RunTime:0.001146s ]
[ sql ] [ SQL ] SELECT `name` FROM `qy_auth_rule` WHERE  `id` = 63 LIMIT 1 [ RunTime:0.001094s ]
[ sql ] [ SQL ] SELECT `name` FROM `qy_auth_rule` WHERE  `id` = 64 LIMIT 1 [ RunTime:0.001087s ]
[ sql ] [ SQL ] SELECT `name` FROM `qy_auth_rule` WHERE  `id` = 66 LIMIT 1 [ RunTime:0.001193s ]
[ sql ] [ SQL ] SELECT `name` FROM `qy_auth_rule` WHERE  `id` = 67 LIMIT 1 [ RunTime:0.001091s ]
[ sql ] [ SQL ] SELECT `name` FROM `qy_auth_rule` WHERE  `id` = 68 LIMIT 1 [ RunTime:0.001160s ]
[ sql ] [ SQL ] SELECT `name` FROM `qy_auth_rule` WHERE  `id` = 69 LIMIT 1 [ RunTime:0.001084s ]
[ sql ] [ SQL ] SELECT `name` FROM `qy_auth_rule` WHERE  `id` = 70 LIMIT 1 [ RunTime:0.001098s ]
[ sql ] [ SQL ] SELECT `name` FROM `qy_auth_rule` WHERE  `id` = 71 LIMIT 1 [ RunTime:0.001379s ]
[ sql ] [ SQL ] SELECT `name` FROM `qy_auth_rule` WHERE  `id` = 72 LIMIT 1 [ RunTime:0.001214s ]
[ sql ] [ SQL ] SELECT `name` FROM `qy_auth_rule` WHERE  `id` = 74 LIMIT 1 [ RunTime:0.001297s ]
[ sql ] [ SQL ] SELECT `name` FROM `qy_auth_rule` WHERE  `id` = 75 LIMIT 1 [ RunTime:0.001521s ]
[ sql ] [ SQL ] SELECT `name` FROM `qy_auth_rule` WHERE  `id` = 76 LIMIT 1 [ RunTime:0.001597s ]
[ sql ] [ SQL ] SELECT `name` FROM `qy_auth_rule` WHERE  `id` = 77 LIMIT 1 [ RunTime:0.001620s ]
[ sql ] [ SQL ] SHOW COLUMNS FROM `qy_product` [ RunTime:0.012464s ]
[ sql ] [ SQL ] INSERT INTO `qy_product` (`pid` , `title` , `smalltitle` , `tag` , `recommended` , `summary` , `content` , `data` , `mainimage`) VALUES ('1' , 'apple11' , 'apple11促销' , '2' , 2 , 'apple11是最新手机' , '<p>123123123132</p>' , '1573552896' , 'product/20191112/4b20bdc818d30c97b446c2035f2edede.png') [ RunTime:0.002376s ]
[ sql ] [ SQL ] SHOW COLUMNS FROM `qy_product_image` [ RunTime:0.010300s ]
[ sql ] [ SQL ] INSERT INTO `qy_product_image` (`product_id` , `othermain`) VALUES ( '30','product/20191112/210cb7b9d9ab303deaf10a39a8c38188.png' ) , ( '30','product/20191112/cf01d4204a6190b57f45295c4bf5e3dc.png' ) [ RunTime:0.002613s ]
[ sql ] [ SQL ] SHOW COLUMNS FROM `qy_product_attr` [ RunTime:0.011115s ]
[ error ] [10501]SQLSTATE[23000]: Integrity constraint violation: 1062 Duplicate entry '30' for key 'PRIMARY'[E:\phpstudy\PHPTutorial\WWW\mall\thinkphp\library\think\db\Connection.php:453]
---------------------------------------------------------------
[ 2019-11-12T18:03:04+08:00 ] 127.0.0.1 GET www.mall.com/admin/product/add.html
[运行时间：0.116277s] [吞吐率：8.60req/s] [内存消耗：2,805.30kb] [文件加载：56]
[ info ] [ LANG ] E:\phpstudy\PHPTutorial\WWW\mall\thinkphp\lang\zh-cn.php
[ info ] [ ROUTE ] array (
  'type' => 'module',
  'module' => 
  array (
    0 => 'admin',
    1 => 'product',
    2 => 'add',
  ),
)
[ info ] [ HEADER ] array (
  'host' => 'www.mall.com',
  'connection' => 'keep-alive',
  'upgrade-insecure-requests' => '1',
  'user-agent' => 'Mozilla/5.0 (Windows NT 10.0; Win64; x64) AppleWebKit/537.36 (KHTML, like Gecko) Chrome/75.0.3770.100 Safari/537.36',
  'accept' => 'text/html,application/xhtml+xml,application/xml;q=0.9,image/webp,image/apng,*/*;q=0.8,application/signed-exchange;v=b3',
  'referer' => 'http://www.mall.com/admin/index/index.html',
  'accept-encoding' => 'gzip, deflate',
  'accept-language' => 'zh-CN,zh;q=0.9,en;q=0.8',
  'cookie' => 'PHPSESSID=jas2eob1ck9c960ppp6l8uqaa5',
)
[ info ] [ PARAM ] array (
)
[ info ] [ SESSION ] INIT array (
  'id' => '',
  'var_session_id' => '',
  'prefix' => 'think',
  'type' => '',
  'auto_start' => true,
)
[ info ] [ DB ] INIT mysql
[ info ] [ RUN ] app\admin\controller\Product->add[ E:\phpstudy\PHPTutorial\WWW\mall\application\admin\controller\Product.php ]
[ info ] [ VIEW ] E:\phpstudy\PHPTutorial\WWW\mall\public/../application/admin\view\product\product_add.html [ array (
  0 => 'rulesName',
  1 => 'cate',
) ]
[ info ] [ LOG ] INIT File
[ sql ] [ DB ] CONNECT:[ UseTime:0.001202s ] mysql:host=127.0.0.1;dbname=mall;charset=utf8
[ sql ] [ SQL ] SHOW COLUMNS FROM `qy_auth_group_access` [ RunTime:0.011368s ]
[ sql ] [ SQL ] SELECT `auth_group_access`.`uid`,`auth_group_access`.`group_id`,`auth_group`.`title`,`auth_group`.`rules` FROM `qy_auth_group_access` `auth_group_access` INNER JOIN `qy_auth_group` `auth_group` ON `auth_group_access`.`group_id`=`auth_group`.`id` WHERE  `status` = 1  AND `auth_group_access`.`uid` = 37 [ RunTime:0.000859s ]
[ sql ] [ SQL ] SHOW COLUMNS FROM `qy_auth_rule` [ RunTime:0.009858s ]
[ sql ] [ SQL ] SELECT `name` FROM `qy_auth_rule` WHERE  `id` = 32 LIMIT 1 [ RunTime:0.000666s ]
[ sql ] [ SQL ] SELECT `name` FROM `qy_auth_rule` WHERE  `id` = 33 LIMIT 1 [ RunTime:0.000423s ]
[ sql ] [ SQL ] SELECT `name` FROM `qy_auth_rule` WHERE  `id` = 34 LIMIT 1 [ RunTime:0.000465s ]
[ sql ] [ SQL ] SELECT `name` FROM `qy_auth_rule` WHERE  `id` = 35 LIMIT 1 [ RunTime:0.000433s ]
[ sql ] [ SQL ] SELECT `name` FROM `qy_auth_rule` WHERE  `id` = 3 LIMIT 1 [ RunTime:0.000426s ]
[ sql ] [ SQL ] SELECT `name` FROM `qy_auth_rule` WHERE  `id` = 4 LIMIT 1 [ RunTime:0.000380s ]
[ sql ] [ SQL ] SELECT `name` FROM `qy_auth_rule` WHERE  `id` = 5 LIMIT 1 [ RunTime:0.000342s ]
[ sql ] [ SQL ] SELECT `name` FROM `qy_auth_rule` WHERE  `id` = 6 LIMIT 1 [ RunTime:0.000343s ]
[ sql ] [ SQL ] SELECT `name` FROM `qy_auth_rule` WHERE  `id` = 79 LIMIT 1 [ RunTime:0.000396s ]
[ sql ] [ SQL ] SELECT `name` FROM `qy_auth_rule` WHERE  `id` = 8 LIMIT 1 [ RunTime:0.000535s ]
[ sql ] [ SQL ] SELECT `name` FROM `qy_auth_rule` WHERE  `id` = 9 LIMIT 1 [ RunTime:0.000442s ]
[ sql ] [ SQL ] SELECT `name` FROM `qy_auth_rule` WHERE  `id` = 10 LIMIT 1 [ RunTime:0.000461s ]
[ sql ] [ SQL ] SELECT `name` FROM `qy_auth_rule` WHERE  `id` = 11 LIMIT 1 [ RunTime:0.000380s ]
[ sql ] [ SQL ] SELECT `name` FROM `qy_auth_rule` WHERE  `id` = 13 LIMIT 1 [ RunTime:0.000307s ]
[ sql ] [ SQL ] SELECT `name` FROM `qy_auth_rule` WHERE  `id` = 14 LIMIT 1 [ RunTime:0.000299s ]
[ sql ] [ SQL ] SELECT `name` FROM `qy_auth_rule` WHERE  `id` = 15 LIMIT 1 [ RunTime:0.000296s ]
[ sql ] [ SQL ] SELECT `name` FROM `qy_auth_rule` WHERE  `id` = 16 LIMIT 1 [ RunTime:0.000289s ]
[ sql ] [ SQL ] SELECT `name` FROM `qy_auth_rule` WHERE  `id` = 78 LIMIT 1 [ RunTime:0.000341s ]
[ sql ] [ SQL ] SELECT `name` FROM `qy_auth_rule` WHERE  `id` = 19 LIMIT 1 [ RunTime:0.000338s ]
[ sql ] [ SQL ] SELECT `name` FROM `qy_auth_rule` WHERE  `id` = 20 LIMIT 1 [ RunTime:0.000439s ]
[ sql ] [ SQL ] SELECT `name` FROM `qy_auth_rule` WHERE  `id` = 21 LIMIT 1 [ RunTime:0.000427s ]
[ sql ] [ SQL ] SELECT `name` FROM `qy_auth_rule` WHERE  `id` = 22 LIMIT 1 [ RunTime:0.000385s ]
[ sql ] [ SQL ] SELECT `name` FROM `qy_auth_rule` WHERE  `id` = 25 LIMIT 1 [ RunTime:0.000375s ]
[ sql ] [ SQL ] SELECT `name` FROM `qy_auth_rule` WHERE  `id` = 27 LIMIT 1 [ RunTime:0.000363s ]
[ sql ] [ SQL ] SELECT `name` FROM `qy_auth_rule` WHERE  `id` = 28 LIMIT 1 [ RunTime:0.000377s ]
[ sql ] [ SQL ] SELECT `name` FROM `qy_auth_rule` WHERE  `id` = 31 LIMIT 1 [ RunTime:0.000356s ]
[ sql ] [ SQL ] SELECT `name` FROM `qy_auth_rule` WHERE  `id` = 26 LIMIT 1 [ RunTime:0.000357s ]
[ sql ] [ SQL ] SELECT `name` FROM `qy_auth_rule` WHERE  `id` = 36 LIMIT 1 [ RunTime:0.000354s ]
[ sql ] [ SQL ] SELECT `name` FROM `qy_auth_rule` WHERE  `id` = 37 LIMIT 1 [ RunTime:0.000364s ]
[ sql ] [ SQL ] SELECT `name` FROM `qy_auth_rule` WHERE  `id` = 38 LIMIT 1 [ RunTime:0.000296s ]
[ sql ] [ SQL ] SELECT `name` FROM `qy_auth_rule` WHERE  `id` = 43 LIMIT 1 [ RunTime:0.000294s ]
[ sql ] [ SQL ] SELECT `name` FROM `qy_auth_rule` WHERE  `id` = 44 LIMIT 1 [ RunTime:0.000294s ]
[ sql ] [ SQL ] SELECT `name` FROM `qy_auth_rule` WHERE  `id` = 45 LIMIT 1 [ RunTime:0.000293s ]
[ sql ] [ SQL ] SELECT `name` FROM `qy_auth_rule` WHERE  `id` = 46 LIMIT 1 [ RunTime:0.000300s ]
[ sql ] [ SQL ] SELECT `name` FROM `qy_auth_rule` WHERE  `id` = 47 LIMIT 1 [ RunTime:0.000294s ]
[ sql ] [ SQL ] SELECT `name` FROM `qy_auth_rule` WHERE  `id` = 49 LIMIT 1 [ RunTime:0.000301s ]
[ sql ] [ SQL ] SELECT `name` FROM `qy_auth_rule` WHERE  `id` = 50 LIMIT 1 [ RunTime:0.000377s ]
[ sql ] [ SQL ] SELECT `name` FROM `qy_auth_rule` WHERE  `id` = 51 LIMIT 1 [ RunTime:0.000330s ]
[ sql ] [ SQL ] SELECT `name` FROM `qy_auth_rule` WHERE  `id` = 52 LIMIT 1 [ RunTime:0.000300s ]
[ sql ] [ SQL ] SELECT `name` FROM `qy_auth_rule` WHERE  `id` = 54 LIMIT 1 [ RunTime:0.000339s ]
[ sql ] [ SQL ] SELECT `name` FROM `qy_auth_rule` WHERE  `id` = 56 LIMIT 1 [ RunTime:0.000344s ]
[ sql ] [ SQL ] SELECT `name` FROM `qy_auth_rule` WHERE  `id` = 57 LIMIT 1 [ RunTime:0.000365s ]
[ sql ] [ SQL ] SELECT `name` FROM `qy_auth_rule` WHERE  `id` = 58 LIMIT 1 [ RunTime:0.000318s ]
[ sql ] [ SQL ] SELECT `name` FROM `qy_auth_rule` WHERE  `id` = 59 LIMIT 1 [ RunTime:0.000361s ]
[ sql ] [ SQL ] SELECT `name` FROM `qy_auth_rule` WHERE  `id` = 61 LIMIT 1 [ RunTime:0.000376s ]
[ sql ] [ SQL ] SELECT `name` FROM `qy_auth_rule` WHERE  `id` = 62 LIMIT 1 [ RunTime:0.000413s ]
[ sql ] [ SQL ] SELECT `name` FROM `qy_auth_rule` WHERE  `id` = 63 LIMIT 1 [ RunTime:0.000422s ]
[ sql ] [ SQL ] SELECT `name` FROM `qy_auth_rule` WHERE  `id` = 64 LIMIT 1 [ RunTime:0.000430s ]
[ sql ] [ SQL ] SELECT `name` FROM `qy_auth_rule` WHERE  `id` = 66 LIMIT 1 [ RunTime:0.000401s ]
[ sql ] [ SQL ] SELECT `name` FROM `qy_auth_rule` WHERE  `id` = 67 LIMIT 1 [ RunTime:0.000369s ]
[ sql ] [ SQL ] SELECT `name` FROM `qy_auth_rule` WHERE  `id` = 68 LIMIT 1 [ RunTime:0.000331s ]
[ sql ] [ SQL ] SELECT `name` FROM `qy_auth_rule` WHERE  `id` = 69 LIMIT 1 [ RunTime:0.000316s ]
[ sql ] [ SQL ] SELECT `name` FROM `qy_auth_rule` WHERE  `id` = 70 LIMIT 1 [ RunTime:0.000341s ]
[ sql ] [ SQL ] SELECT `name` FROM `qy_auth_rule` WHERE  `id` = 71 LIMIT 1 [ RunTime:0.000368s ]
[ sql ] [ SQL ] SELECT `name` FROM `qy_auth_rule` WHERE  `id` = 72 LIMIT 1 [ RunTime:0.000726s ]
[ sql ] [ SQL ] SELECT `name` FROM `qy_auth_rule` WHERE  `id` = 74 LIMIT 1 [ RunTime:0.000349s ]
[ sql ] [ SQL ] SELECT `name` FROM `qy_auth_rule` WHERE  `id` = 75 LIMIT 1 [ RunTime:0.000335s ]
[ sql ] [ SQL ] SELECT `name` FROM `qy_auth_rule` WHERE  `id` = 76 LIMIT 1 [ RunTime:0.000336s ]
[ sql ] [ SQL ] SELECT `name` FROM `qy_auth_rule` WHERE  `id` = 77 LIMIT 1 [ RunTime:0.000325s ]
[ sql ] [ SQL ] SHOW COLUMNS FROM `qy_cate` [ RunTime:0.014121s ]
[ sql ] [ SQL ] SELECT * FROM `qy_cate` WHERE  `pid` = 0 [ RunTime:0.000821s ]
---------------------------------------------------------------
[ 2019-11-12T18:03:06+08:00 ] 127.0.0.1 POST www.mall.com/admin/product/getattrbycateid.html
[运行时间：0.145344s] [吞吐率：6.88req/s] [内存消耗：2,553.91kb] [文件加载：52]
[ info ] [ LANG ] E:\phpstudy\PHPTutorial\WWW\mall\thinkphp\lang\zh-cn.php
[ info ] [ ROUTE ] array (
  'type' => 'module',
  'module' => 
  array (
    0 => 'admin',
    1 => 'product',
    2 => 'getattrbycateid',
  ),
)
[ info ] [ HEADER ] array (
  'host' => 'www.mall.com',
  'connection' => 'keep-alive',
  'content-length' => '8',
  'accept' => '*/*',
  'origin' => 'http://www.mall.com',
  'x-requested-with' => 'XMLHttpRequest',
  'user-agent' => 'Mozilla/5.0 (Windows NT 10.0; Win64; x64) AppleWebKit/537.36 (KHTML, like Gecko) Chrome/75.0.3770.100 Safari/537.36',
  'content-type' => 'application/x-www-form-urlencoded; charset=UTF-8',
  'referer' => 'http://www.mall.com/admin/product/add.html',
  'accept-encoding' => 'gzip, deflate',
  'accept-language' => 'zh-CN,zh;q=0.9,en;q=0.8',
  'cookie' => 'PHPSESSID=jas2eob1ck9c960ppp6l8uqaa5',
)
[ info ] [ PARAM ] array (
  'cateid' => '1',
)
[ info ] [ SESSION ] INIT array (
  'id' => '',
  'var_session_id' => '',
  'prefix' => 'think',
  'type' => '',
  'auto_start' => true,
)
[ info ] [ DB ] INIT mysql
[ info ] [ RUN ] app\admin\controller\Product->getAttrByCateId[ E:\phpstudy\PHPTutorial\WWW\mall\application\admin\controller\Product.php ]
[ info ] [ LOG ] INIT File
[ sql ] [ DB ] CONNECT:[ UseTime:0.011472s ] mysql:host=127.0.0.1;dbname=mall;charset=utf8
[ sql ] [ SQL ] SHOW COLUMNS FROM `qy_auth_group_access` [ RunTime:0.013204s ]
[ sql ] [ SQL ] SELECT `auth_group_access`.`uid`,`auth_group_access`.`group_id`,`auth_group`.`title`,`auth_group`.`rules` FROM `qy_auth_group_access` `auth_group_access` INNER JOIN `qy_auth_group` `auth_group` ON `auth_group_access`.`group_id`=`auth_group`.`id` WHERE  `status` = 1  AND `auth_group_access`.`uid` = 37 [ RunTime:0.001283s ]
[ sql ] [ SQL ] SHOW COLUMNS FROM `qy_auth_rule` [ RunTime:0.009518s ]
[ sql ] [ SQL ] SELECT `name` FROM `qy_auth_rule` WHERE  `id` = 32 LIMIT 1 [ RunTime:0.001660s ]
[ sql ] [ SQL ] SELECT `name` FROM `qy_auth_rule` WHERE  `id` = 33 LIMIT 1 [ RunTime:0.001643s ]
[ sql ] [ SQL ] SELECT `name` FROM `qy_auth_rule` WHERE  `id` = 34 LIMIT 1 [ RunTime:0.001378s ]
[ sql ] [ SQL ] SELECT `name` FROM `qy_auth_rule` WHERE  `id` = 35 LIMIT 1 [ RunTime:0.001102s ]
[ sql ] [ SQL ] SELECT `name` FROM `qy_auth_rule` WHERE  `id` = 3 LIMIT 1 [ RunTime:0.000716s ]
[ sql ] [ SQL ] SELECT `name` FROM `qy_auth_rule` WHERE  `id` = 4 LIMIT 1 [ RunTime:0.000665s ]
[ sql ] [ SQL ] SELECT `name` FROM `qy_auth_rule` WHERE  `id` = 5 LIMIT 1 [ RunTime:0.000673s ]
[ sql ] [ SQL ] SELECT `name` FROM `qy_auth_rule` WHERE  `id` = 6 LIMIT 1 [ RunTime:0.000634s ]
[ sql ] [ SQL ] SELECT `name` FROM `qy_auth_rule` WHERE  `id` = 79 LIMIT 1 [ RunTime:0.000649s ]
[ sql ] [ SQL ] SELECT `name` FROM `qy_auth_rule` WHERE  `id` = 8 LIMIT 1 [ RunTime:0.000623s ]
[ sql ] [ SQL ] SELECT `name` FROM `qy_auth_rule` WHERE  `id` = 9 LIMIT 1 [ RunTime:0.000640s ]
[ sql ] [ SQL ] SELECT `name` FROM `qy_auth_rule` WHERE  `id` = 10 LIMIT 1 [ RunTime:0.000648s ]
[ sql ] [ SQL ] SELECT `name` FROM `qy_auth_rule` WHERE  `id` = 11 LIMIT 1 [ RunTime:0.000755s ]
[ sql ] [ SQL ] SELECT `name` FROM `qy_auth_rule` WHERE  `id` = 13 LIMIT 1 [ RunTime:0.000631s ]
[ sql ] [ SQL ] SELECT `name` FROM `qy_auth_rule` WHERE  `id` = 14 LIMIT 1 [ RunTime:0.000841s ]
[ sql ] [ SQL ] SELECT `name` FROM `qy_auth_rule` WHERE  `id` = 15 LIMIT 1 [ RunTime:0.000860s ]
[ sql ] [ SQL ] SELECT `name` FROM `qy_auth_rule` WHERE  `id` = 16 LIMIT 1 [ RunTime:0.001016s ]
[ sql ] [ SQL ] SELECT `name` FROM `qy_auth_rule` WHERE  `id` = 78 LIMIT 1 [ RunTime:0.000998s ]
[ sql ] [ SQL ] SELECT `name` FROM `qy_auth_rule` WHERE  `id` = 19 LIMIT 1 [ RunTime:0.000730s ]
[ sql ] [ SQL ] SELECT `name` FROM `qy_auth_rule` WHERE  `id` = 20 LIMIT 1 [ RunTime:0.000704s ]
[ sql ] [ SQL ] SELECT `name` FROM `qy_auth_rule` WHERE  `id` = 21 LIMIT 1 [ RunTime:0.000656s ]
[ sql ] [ SQL ] SELECT `name` FROM `qy_auth_rule` WHERE  `id` = 22 LIMIT 1 [ RunTime:0.000680s ]
[ sql ] [ SQL ] SELECT `name` FROM `qy_auth_rule` WHERE  `id` = 25 LIMIT 1 [ RunTime:0.000673s ]
[ sql ] [ SQL ] SELECT `name` FROM `qy_auth_rule` WHERE  `id` = 27 LIMIT 1 [ RunTime:0.000640s ]
[ sql ] [ SQL ] SELECT `name` FROM `qy_auth_rule` WHERE  `id` = 28 LIMIT 1 [ RunTime:0.000648s ]
[ sql ] [ SQL ] SELECT `name` FROM `qy_auth_rule` WHERE  `id` = 31 LIMIT 1 [ RunTime:0.000640s ]
[ sql ] [ SQL ] SELECT `name` FROM `qy_auth_rule` WHERE  `id` = 26 LIMIT 1 [ RunTime:0.000657s ]
[ sql ] [ SQL ] SELECT `name` FROM `qy_auth_rule` WHERE  `id` = 36 LIMIT 1 [ RunTime:0.000676s ]
[ sql ] [ SQL ] SELECT `name` FROM `qy_auth_rule` WHERE  `id` = 37 LIMIT 1 [ RunTime:0.000623s ]
[ sql ] [ SQL ] SELECT `name` FROM `qy_auth_rule` WHERE  `id` = 38 LIMIT 1 [ RunTime:0.000625s ]
[ sql ] [ SQL ] SELECT `name` FROM `qy_auth_rule` WHERE  `id` = 43 LIMIT 1 [ RunTime:0.000700s ]
[ sql ] [ SQL ] SELECT `name` FROM `qy_auth_rule` WHERE  `id` = 44 LIMIT 1 [ RunTime:0.000649s ]
[ sql ] [ SQL ] SELECT `name` FROM `qy_auth_rule` WHERE  `id` = 45 LIMIT 1 [ RunTime:0.000827s ]
[ sql ] [ SQL ] SELECT `name` FROM `qy_auth_rule` WHERE  `id` = 46 LIMIT 1 [ RunTime:0.000843s ]
[ sql ] [ SQL ] SELECT `name` FROM `qy_auth_rule` WHERE  `id` = 47 LIMIT 1 [ RunTime:0.000822s ]
[ sql ] [ SQL ] SELECT `name` FROM `qy_auth_rule` WHERE  `id` = 49 LIMIT 1 [ RunTime:0.001690s ]
[ sql ] [ SQL ] SELECT `name` FROM `qy_auth_rule` WHERE  `id` = 50 LIMIT 1 [ RunTime:0.001297s ]
[ sql ] [ SQL ] SELECT `name` FROM `qy_auth_rule` WHERE  `id` = 51 LIMIT 1 [ RunTime:0.000801s ]
[ sql ] [ SQL ] SELECT `name` FROM `qy_auth_rule` WHERE  `id` = 52 LIMIT 1 [ RunTime:0.000701s ]
[ sql ] [ SQL ] SELECT `name` FROM `qy_auth_rule` WHERE  `id` = 54 LIMIT 1 [ RunTime:0.000671s ]
[ sql ] [ SQL ] SELECT `name` FROM `qy_auth_rule` WHERE  `id` = 56 LIMIT 1 [ RunTime:0.000691s ]
[ sql ] [ SQL ] SELECT `name` FROM `qy_auth_rule` WHERE  `id` = 57 LIMIT 1 [ RunTime:0.000655s ]
[ sql ] [ SQL ] SELECT `name` FROM `qy_auth_rule` WHERE  `id` = 58 LIMIT 1 [ RunTime:0.000678s ]
[ sql ] [ SQL ] SELECT `name` FROM `qy_auth_rule` WHERE  `id` = 59 LIMIT 1 [ RunTime:0.000648s ]
[ sql ] [ SQL ] SELECT `name` FROM `qy_auth_rule` WHERE  `id` = 61 LIMIT 1 [ RunTime:0.000639s ]
[ sql ] [ SQL ] SELECT `name` FROM `qy_auth_rule` WHERE  `id` = 62 LIMIT 1 [ RunTime:0.000674s ]
[ sql ] [ SQL ] SELECT `name` FROM `qy_auth_rule` WHERE  `id` = 63 LIMIT 1 [ RunTime:0.000681s ]
[ sql ] [ SQL ] SELECT `name` FROM `qy_auth_rule` WHERE  `id` = 64 LIMIT 1 [ RunTime:0.000814s ]
[ sql ] [ SQL ] SELECT `name` FROM `qy_auth_rule` WHERE  `id` = 66 LIMIT 1 [ RunTime:0.000817s ]
[ sql ] [ SQL ] SELECT `name` FROM `qy_auth_rule` WHERE  `id` = 67 LIMIT 1 [ RunTime:0.000917s ]
[ sql ] [ SQL ] SELECT `name` FROM `qy_auth_rule` WHERE  `id` = 68 LIMIT 1 [ RunTime:0.000818s ]
[ sql ] [ SQL ] SELECT `name` FROM `qy_auth_rule` WHERE  `id` = 69 LIMIT 1 [ RunTime:0.000838s ]
[ sql ] [ SQL ] SELECT `name` FROM `qy_auth_rule` WHERE  `id` = 70 LIMIT 1 [ RunTime:0.000941s ]
[ sql ] [ SQL ] SELECT `name` FROM `qy_auth_rule` WHERE  `id` = 71 LIMIT 1 [ RunTime:0.000836s ]
[ sql ] [ SQL ] SELECT `name` FROM `qy_auth_rule` WHERE  `id` = 72 LIMIT 1 [ RunTime:0.000668s ]
[ sql ] [ SQL ] SELECT `name` FROM `qy_auth_rule` WHERE  `id` = 74 LIMIT 1 [ RunTime:0.000674s ]
[ sql ] [ SQL ] SELECT `name` FROM `qy_auth_rule` WHERE  `id` = 75 LIMIT 1 [ RunTime:0.000666s ]
[ sql ] [ SQL ] SELECT `name` FROM `qy_auth_rule` WHERE  `id` = 76 LIMIT 1 [ RunTime:0.000671s ]
[ sql ] [ SQL ] SELECT `name` FROM `qy_auth_rule` WHERE  `id` = 77 LIMIT 1 [ RunTime:0.000664s ]
[ sql ] [ SQL ] SHOW COLUMNS FROM `qy_attr` [ RunTime:0.011385s ]
[ sql ] [ SQL ] SELECT * FROM `qy_attr` WHERE  `cateid` = 1 [ RunTime:0.002099s ]
---------------------------------------------------------------
[ 2019-11-12T18:03:48+08:00 ] 127.0.0.1 POST www.mall.com/admin/product/add.html
[运行时间：0.186139s] [吞吐率：5.37req/s] [内存消耗：2,734.43kb] [文件加载：55]
[ info ] [ LANG ] E:\phpstudy\PHPTutorial\WWW\mall\thinkphp\lang\zh-cn.php
[ info ] [ ROUTE ] array (
  'type' => 'module',
  'module' => 
  array (
    0 => 'admin',
    1 => 'product',
    2 => 'add',
  ),
)
[ info ] [ HEADER ] array (
  'host' => 'www.mall.com',
  'connection' => 'keep-alive',
  'content-length' => '32173',
  'cache-control' => 'max-age=0',
  'origin' => 'http://www.mall.com',
  'upgrade-insecure-requests' => '1',
  'content-type' => 'multipart/form-data; boundary=----WebKitFormBoundary3dHWMY8qaGTtTAVe',
  'user-agent' => 'Mozilla/5.0 (Windows NT 10.0; Win64; x64) AppleWebKit/537.36 (KHTML, like Gecko) Chrome/75.0.3770.100 Safari/537.36',
  'accept' => 'text/html,application/xhtml+xml,application/xml;q=0.9,image/webp,image/apng,*/*;q=0.8,application/signed-exchange;v=b3',
  'referer' => 'http://www.mall.com/admin/product/add.html',
  'accept-encoding' => 'gzip, deflate',
  'accept-language' => 'zh-CN,zh;q=0.9,en;q=0.8',
  'cookie' => 'PHPSESSID=jas2eob1ck9c960ppp6l8uqaa5',
)
[ info ] [ PARAM ] array (
  'pid' => '1',
  'title' => '11',
  'smalltitle' => '11',
  'tag' => '2',
  'recommended' => '2',
  'summary' => '123123',
  'content' => '<p>123123</p>',
  'attr_0' => 
  array (
    0 => '红色',
    1 => '红色',
    2 => '蓝色',
    3 => '蓝色',
  ),
  'attr_1' => 
  array (
    0 => '16GB',
    1 => '32GB',
    2 => '16GB',
    3 => '32GB',
  ),
  'price' => 
  array (
    0 => '123',
    1 => '123',
    2 => '123',
    3 => '123',
  ),
  'stock' => 
  array (
    0 => '10',
    1 => '11',
    2 => '11',
    3 => '23',
  ),
  'num' => 
  array (
    0 => '1',
    1 => '1',
    2 => '1',
    3 => '1',
  ),
  'remark' => 
  array (
    0 => '1',
    1 => '1',
    2 => '2',
    3 => '2',
  ),
)
[ info ] [ SESSION ] INIT array (
  'id' => '',
  'var_session_id' => '',
  'prefix' => 'think',
  'type' => '',
  'auto_start' => true,
)
[ info ] [ DB ] INIT mysql
[ info ] [ RUN ] app\admin\controller\Product->add[ E:\phpstudy\PHPTutorial\WWW\mall\application\admin\controller\Product.php ]
[ info ] [ VIEW ] E:\phpstudy\PHPTutorial\WWW\mall\public/../application/admin\view\product\product_add.html [ array (
  0 => 'rulesName',
  1 => 'cate',
) ]
[ info ] [ LOG ] INIT File
[ sql ] [ DB ] CONNECT:[ UseTime:0.001700s ] mysql:host=127.0.0.1;dbname=mall;charset=utf8
[ sql ] [ SQL ] SHOW COLUMNS FROM `qy_auth_group_access` [ RunTime:0.011493s ]
[ sql ] [ SQL ] SELECT `auth_group_access`.`uid`,`auth_group_access`.`group_id`,`auth_group`.`title`,`auth_group`.`rules` FROM `qy_auth_group_access` `auth_group_access` INNER JOIN `qy_auth_group` `auth_group` ON `auth_group_access`.`group_id`=`auth_group`.`id` WHERE  `status` = 1  AND `auth_group_access`.`uid` = 37 [ RunTime:0.001298s ]
[ sql ] [ SQL ] SHOW COLUMNS FROM `qy_auth_rule` [ RunTime:0.012385s ]
[ sql ] [ SQL ] SELECT `name` FROM `qy_auth_rule` WHERE  `id` = 32 LIMIT 1 [ RunTime:0.001517s ]
[ sql ] [ SQL ] SELECT `name` FROM `qy_auth_rule` WHERE  `id` = 33 LIMIT 1 [ RunTime:0.000870s ]
[ sql ] [ SQL ] SELECT `name` FROM `qy_auth_rule` WHERE  `id` = 34 LIMIT 1 [ RunTime:0.000908s ]
[ sql ] [ SQL ] SELECT `name` FROM `qy_auth_rule` WHERE  `id` = 35 LIMIT 1 [ RunTime:0.001005s ]
[ sql ] [ SQL ] SELECT `name` FROM `qy_auth_rule` WHERE  `id` = 3 LIMIT 1 [ RunTime:0.000745s ]
[ sql ] [ SQL ] SELECT `name` FROM `qy_auth_rule` WHERE  `id` = 4 LIMIT 1 [ RunTime:0.000887s ]
[ sql ] [ SQL ] SELECT `name` FROM `qy_auth_rule` WHERE  `id` = 5 LIMIT 1 [ RunTime:0.000747s ]
[ sql ] [ SQL ] SELECT `name` FROM `qy_auth_rule` WHERE  `id` = 6 LIMIT 1 [ RunTime:0.000804s ]
[ sql ] [ SQL ] SELECT `name` FROM `qy_auth_rule` WHERE  `id` = 79 LIMIT 1 [ RunTime:0.000751s ]
[ sql ] [ SQL ] SELECT `name` FROM `qy_auth_rule` WHERE  `id` = 8 LIMIT 1 [ RunTime:0.000738s ]
[ sql ] [ SQL ] SELECT `name` FROM `qy_auth_rule` WHERE  `id` = 9 LIMIT 1 [ RunTime:0.000888s ]
[ sql ] [ SQL ] SELECT `name` FROM `qy_auth_rule` WHERE  `id` = 10 LIMIT 1 [ RunTime:0.000776s ]
[ sql ] [ SQL ] SELECT `name` FROM `qy_auth_rule` WHERE  `id` = 11 LIMIT 1 [ RunTime:0.000961s ]
[ sql ] [ SQL ] SELECT `name` FROM `qy_auth_rule` WHERE  `id` = 13 LIMIT 1 [ RunTime:0.000994s ]
[ sql ] [ SQL ] SELECT `name` FROM `qy_auth_rule` WHERE  `id` = 14 LIMIT 1 [ RunTime:0.001128s ]
[ sql ] [ SQL ] SELECT `name` FROM `qy_auth_rule` WHERE  `id` = 15 LIMIT 1 [ RunTime:0.001034s ]
[ sql ] [ SQL ] SELECT `name` FROM `qy_auth_rule` WHERE  `id` = 16 LIMIT 1 [ RunTime:0.000755s ]
[ sql ] [ SQL ] SELECT `name` FROM `qy_auth_rule` WHERE  `id` = 78 LIMIT 1 [ RunTime:0.000887s ]
[ sql ] [ SQL ] SELECT `name` FROM `qy_auth_rule` WHERE  `id` = 19 LIMIT 1 [ RunTime:0.000763s ]
[ sql ] [ SQL ] SELECT `name` FROM `qy_auth_rule` WHERE  `id` = 20 LIMIT 1 [ RunTime:0.000996s ]
[ sql ] [ SQL ] SELECT `name` FROM `qy_auth_rule` WHERE  `id` = 21 LIMIT 1 [ RunTime:0.000760s ]
[ sql ] [ SQL ] SELECT `name` FROM `qy_auth_rule` WHERE  `id` = 22 LIMIT 1 [ RunTime:0.000876s ]
[ sql ] [ SQL ] SELECT `name` FROM `qy_auth_rule` WHERE  `id` = 25 LIMIT 1 [ RunTime:0.000746s ]
[ sql ] [ SQL ] SELECT `name` FROM `qy_auth_rule` WHERE  `id` = 27 LIMIT 1 [ RunTime:0.000751s ]
[ sql ] [ SQL ] SELECT `name` FROM `qy_auth_rule` WHERE  `id` = 28 LIMIT 1 [ RunTime:0.000895s ]
[ sql ] [ SQL ] SELECT `name` FROM `qy_auth_rule` WHERE  `id` = 31 LIMIT 1 [ RunTime:0.000746s ]
[ sql ] [ SQL ] SELECT `name` FROM `qy_auth_rule` WHERE  `id` = 26 LIMIT 1 [ RunTime:0.000755s ]
[ sql ] [ SQL ] SELECT `name` FROM `qy_auth_rule` WHERE  `id` = 36 LIMIT 1 [ RunTime:0.000747s ]
[ sql ] [ SQL ] SELECT `name` FROM `qy_auth_rule` WHERE  `id` = 37 LIMIT 1 [ RunTime:0.000864s ]
[ sql ] [ SQL ] SELECT `name` FROM `qy_auth_rule` WHERE  `id` = 38 LIMIT 1 [ RunTime:0.001317s ]
[ sql ] [ SQL ] SELECT `name` FROM `qy_auth_rule` WHERE  `id` = 43 LIMIT 1 [ RunTime:0.000936s ]
[ sql ] [ SQL ] SELECT `name` FROM `qy_auth_rule` WHERE  `id` = 44 LIMIT 1 [ RunTime:0.000845s ]
[ sql ] [ SQL ] SELECT `name` FROM `qy_auth_rule` WHERE  `id` = 45 LIMIT 1 [ RunTime:0.000694s ]
[ sql ] [ SQL ] SELECT `name` FROM `qy_auth_rule` WHERE  `id` = 46 LIMIT 1 [ RunTime:0.000772s ]
[ sql ] [ SQL ] SELECT `name` FROM `qy_auth_rule` WHERE  `id` = 47 LIMIT 1 [ RunTime:0.000706s ]
[ sql ] [ SQL ] SELECT `name` FROM `qy_auth_rule` WHERE  `id` = 49 LIMIT 1 [ RunTime:0.000794s ]
[ sql ] [ SQL ] SELECT `name` FROM `qy_auth_rule` WHERE  `id` = 50 LIMIT 1 [ RunTime:0.000692s ]
[ sql ] [ SQL ] SELECT `name` FROM `qy_auth_rule` WHERE  `id` = 51 LIMIT 1 [ RunTime:0.000732s ]
[ sql ] [ SQL ] SELECT `name` FROM `qy_auth_rule` WHERE  `id` = 52 LIMIT 1 [ RunTime:0.000679s ]
[ sql ] [ SQL ] SELECT `name` FROM `qy_auth_rule` WHERE  `id` = 54 LIMIT 1 [ RunTime:0.000681s ]
[ sql ] [ SQL ] SELECT `name` FROM `qy_auth_rule` WHERE  `id` = 56 LIMIT 1 [ RunTime:0.000691s ]
[ sql ] [ SQL ] SELECT `name` FROM `qy_auth_rule` WHERE  `id` = 57 LIMIT 1 [ RunTime:0.000684s ]
[ sql ] [ SQL ] SELECT `name` FROM `qy_auth_rule` WHERE  `id` = 58 LIMIT 1 [ RunTime:0.000687s ]
[ sql ] [ SQL ] SELECT `name` FROM `qy_auth_rule` WHERE  `id` = 59 LIMIT 1 [ RunTime:0.000727s ]
[ sql ] [ SQL ] SELECT `name` FROM `qy_auth_rule` WHERE  `id` = 61 LIMIT 1 [ RunTime:0.000765s ]
[ sql ] [ SQL ] SELECT `name` FROM `qy_auth_rule` WHERE  `id` = 62 LIMIT 1 [ RunTime:0.000694s ]
[ sql ] [ SQL ] SELECT `name` FROM `qy_auth_rule` WHERE  `id` = 63 LIMIT 1 [ RunTime:0.000688s ]
[ sql ] [ SQL ] SELECT `name` FROM `qy_auth_rule` WHERE  `id` = 64 LIMIT 1 [ RunTime:0.000920s ]
[ sql ] [ SQL ] SELECT `name` FROM `qy_auth_rule` WHERE  `id` = 66 LIMIT 1 [ RunTime:0.000910s ]
[ sql ] [ SQL ] SELECT `name` FROM `qy_auth_rule` WHERE  `id` = 67 LIMIT 1 [ RunTime:0.000722s ]
[ sql ] [ SQL ] SELECT `name` FROM `qy_auth_rule` WHERE  `id` = 68 LIMIT 1 [ RunTime:0.000685s ]
[ sql ] [ SQL ] SELECT `name` FROM `qy_auth_rule` WHERE  `id` = 69 LIMIT 1 [ RunTime:0.000684s ]
[ sql ] [ SQL ] SELECT `name` FROM `qy_auth_rule` WHERE  `id` = 70 LIMIT 1 [ RunTime:0.000679s ]
[ sql ] [ SQL ] SELECT `name` FROM `qy_auth_rule` WHERE  `id` = 71 LIMIT 1 [ RunTime:0.000682s ]
[ sql ] [ SQL ] SELECT `name` FROM `qy_auth_rule` WHERE  `id` = 72 LIMIT 1 [ RunTime:0.000682s ]
[ sql ] [ SQL ] SELECT `name` FROM `qy_auth_rule` WHERE  `id` = 74 LIMIT 1 [ RunTime:0.000676s ]
[ sql ] [ SQL ] SELECT `name` FROM `qy_auth_rule` WHERE  `id` = 75 LIMIT 1 [ RunTime:0.000690s ]
[ sql ] [ SQL ] SELECT `name` FROM `qy_auth_rule` WHERE  `id` = 76 LIMIT 1 [ RunTime:0.000696s ]
[ sql ] [ SQL ] SELECT `name` FROM `qy_auth_rule` WHERE  `id` = 77 LIMIT 1 [ RunTime:0.000684s ]
[ sql ] [ SQL ] SHOW COLUMNS FROM `qy_product` [ RunTime:0.010575s ]
[ sql ] [ SQL ] INSERT INTO `qy_product` (`pid` , `title` , `smalltitle` , `tag` , `recommended` , `summary` , `content` , `data` , `mainimage`) VALUES ('1' , '11' , '11' , '2' , 2 , '123123' , '<p>123123</p>' , '1573553028' , 'product/20191112/ee4ba34596cd47053b29c72b063d6c47.png') [ RunTime:0.000837s ]
[ sql ] [ SQL ] SHOW COLUMNS FROM `qy_product_image` [ RunTime:0.010080s ]
[ sql ] [ SQL ] INSERT INTO `qy_product_image` (`product_id` , `othermain`) VALUES ( '31','product/20191112/dee183c72085b2a9a72a24fa116e8738.png' ) [ RunTime:0.001121s ]
[ sql ] [ SQL ] SHOW COLUMNS FROM `qy_product_attr` [ RunTime:0.009637s ]
[ sql ] [ SQL ] INSERT INTO `qy_product_attr` (`attr_0` , `attr_1` , `price` , `stock` , `remark` , `product_id`) VALUES ( '红色','16GB','123','10','1','31' ) , ( '红色','32GB','123','11','1','31' ) , ( '蓝色','16GB','123','11','2','31' ) , ( '蓝色','32GB','123','23','2','31' ) [ RunTime:0.001799s ]
[ sql ] [ SQL ] SHOW COLUMNS FROM `qy_cate` [ RunTime:0.009867s ]
[ sql ] [ SQL ] SELECT * FROM `qy_cate` WHERE  `pid` = 0 [ RunTime:0.001242s ]
