---------------------------------------------------------------
[ 2020-07-21T10:11:34+08:00 ] 127.0.0.1 GET www.mall.com/api/index
[运行时间：0.134823s] [吞吐率：7.42req/s] [内存消耗：2,603.63kb] [文件加载：48]
[ info ] [ LANG ] /Applications/MAMP/htdocs/mall/thinkphp/lang/zh-cn.php
[ info ] [ ROUTE ] array (
  'type' => 'module',
  'module' => 
  array (
    0 => 'api',
    1 => 'index',
    2 => NULL,
  ),
)
[ info ] [ HEADER ] array (
  'host' => 'www.mall.com',
  'connection' => 'keep-alive',
  'user-agent' => 'Mozilla/5.0 (Macintosh; Intel Mac OS X 10_15_4) AppleWebKit/537.36 (KHTML, like Gecko) Chrome/84.0.4147.89 Safari/537.36',
  'accept' => '*/*',
  'origin' => 'http://localhost:8080',
  'referer' => 'http://localhost:8080/',
  'accept-encoding' => 'gzip, deflate',
  'accept-language' => 'en-GB,en-US;q=0.9,en;q=0.8',
)
[ info ] [ PARAM ] array (
)
[ info ] [ RUN ] app\api\controller\Index->index[ /Applications/MAMP/htdocs/mall/application/api/controller/Index.php ]
[ info ] [ DB ] INIT mysql
[ info ] [ LOG ] INIT File
[ sql ] [ DB ] CONNECT:[ UseTime:0.006741s ] mysql:host=localhost:3306;dbname=mall;charset=utf8
[ sql ] [ SQL ] SHOW COLUMNS FROM `qy_banner` [ RunTime:0.012990s ]
[ sql ] [ SQL ] SELECT * FROM `qy_banner` [ RunTime:0.002790s ]
[ sql ] [ SQL ] SHOW COLUMNS FROM `qy_active` [ RunTime:0.002307s ]
[ sql ] [ SQL ] SELECT * FROM `qy_active` [ RunTime:0.000543s ]
[ sql ] [ SQL ] SHOW COLUMNS FROM `qy_icon` [ RunTime:0.001762s ]
[ sql ] [ SQL ] SELECT * FROM `qy_icon` [ RunTime:0.000396s ]
[ sql ] [ SQL ] SHOW COLUMNS FROM `qy_floor` [ RunTime:0.001211s ]
[ sql ] [ SQL ] SELECT * FROM `qy_floor` [ RunTime:0.000406s ]
[ sql ] [ SQL ] SHOW COLUMNS FROM `qy_cate` [ RunTime:0.000885s ]
[ sql ] [ SQL ] SELECT `id`,`catename` FROM `qy_cate` WHERE  `recommend` = 1 LIMIT 4 [ RunTime:0.004441s ]
[ sql ] [ SQL ] SHOW COLUMNS FROM `qy_cate_content` [ RunTime:0.001541s ]
[ sql ] [ SQL ] SELECT * FROM `qy_cate_content` WHERE  `cateid` = '1' [ RunTime:0.000270s ]
[ sql ] [ SQL ] SHOW COLUMNS FROM `qy_product` [ RunTime:0.001662s ]
[ sql ] [ SQL ] SELECT `id`,`smalltitle`,`mainimage`,`tag`,`summary`,`price` FROM `qy_product` WHERE  `recommended` = 1  AND `pid` = '1' LIMIT 6 [ RunTime:0.000761s ]
[ sql ] [ SQL ] SELECT * FROM `qy_cate_content` WHERE  `cateid` = '2' [ RunTime:0.000195s ]
[ sql ] [ SQL ] SELECT `id`,`smalltitle`,`mainimage`,`tag`,`summary`,`price` FROM `qy_product` WHERE  `recommended` = 1  AND `pid` = '2' LIMIT 6 [ RunTime:0.000238s ]
[ sql ] [ SQL ] SELECT * FROM `qy_cate_content` WHERE  `cateid` = '7' [ RunTime:0.000190s ]
[ sql ] [ SQL ] SELECT `id`,`smalltitle`,`mainimage`,`tag`,`summary`,`price` FROM `qy_product` WHERE  `recommended` = 1  AND `pid` = '7' LIMIT 6 [ RunTime:0.000292s ]
[ sql ] [ SQL ] SELECT * FROM `qy_cate_content` WHERE  `cateid` = '8' [ RunTime:0.000193s ]
[ sql ] [ SQL ] SELECT `id`,`smalltitle`,`mainimage`,`tag`,`summary`,`price` FROM `qy_product` WHERE  `recommended` = 1  AND `pid` = '8' LIMIT 6 [ RunTime:0.000203s ]
---------------------------------------------------------------
[ 2020-07-21T10:12:27+08:00 ] 127.0.0.1 GET www.mall.com/api/index
[运行时间：0.064709s] [吞吐率：15.45req/s] [内存消耗：2,603.80kb] [文件加载：48]
[ info ] [ LANG ] /Applications/MAMP/htdocs/mall/thinkphp/lang/zh-cn.php
[ info ] [ ROUTE ] array (
  'type' => 'module',
  'module' => 
  array (
    0 => 'api',
    1 => 'index',
    2 => NULL,
  ),
)
[ info ] [ HEADER ] array (
  'host' => 'www.mall.com',
  'connection' => 'keep-alive',
  'user-agent' => 'Mozilla/5.0 (iPhone; CPU iPhone OS 13_2_3 like Mac OS X) AppleWebKit/605.1.15 (KHTML, like Gecko) Version/13.0.3 Mobile/15E148 Safari/604.1',
  'accept' => '*/*',
  'origin' => 'http://localhost:8080',
  'referer' => 'http://localhost:8080/',
  'accept-encoding' => 'gzip, deflate',
  'accept-language' => 'en-GB,en-US;q=0.9,en;q=0.8',
)
[ info ] [ PARAM ] array (
)
[ info ] [ RUN ] app\api\controller\Index->index[ /Applications/MAMP/htdocs/mall/application/api/controller/Index.php ]
[ info ] [ DB ] INIT mysql
[ info ] [ LOG ] INIT File
[ sql ] [ DB ] CONNECT:[ UseTime:0.001257s ] mysql:host=localhost:3306;dbname=mall;charset=utf8
[ sql ] [ SQL ] SHOW COLUMNS FROM `qy_banner` [ RunTime:0.000778s ]
[ sql ] [ SQL ] SELECT * FROM `qy_banner` [ RunTime:0.000508s ]
[ sql ] [ SQL ] SHOW COLUMNS FROM `qy_active` [ RunTime:0.000566s ]
[ sql ] [ SQL ] SELECT * FROM `qy_active` [ RunTime:0.000464s ]
[ sql ] [ SQL ] SHOW COLUMNS FROM `qy_icon` [ RunTime:0.000555s ]
[ sql ] [ SQL ] SELECT * FROM `qy_icon` [ RunTime:0.000478s ]
[ sql ] [ SQL ] SHOW COLUMNS FROM `qy_floor` [ RunTime:0.000524s ]
[ sql ] [ SQL ] SELECT * FROM `qy_floor` [ RunTime:0.000439s ]
[ sql ] [ SQL ] SHOW COLUMNS FROM `qy_cate` [ RunTime:0.000462s ]
[ sql ] [ SQL ] SELECT `id`,`catename` FROM `qy_cate` WHERE  `recommend` = 1 LIMIT 4 [ RunTime:0.000326s ]
[ sql ] [ SQL ] SHOW COLUMNS FROM `qy_cate_content` [ RunTime:0.000629s ]
[ sql ] [ SQL ] SELECT * FROM `qy_cate_content` WHERE  `cateid` = '1' [ RunTime:0.000313s ]
[ sql ] [ SQL ] SHOW COLUMNS FROM `qy_product` [ RunTime:0.000645s ]
[ sql ] [ SQL ] SELECT `id`,`smalltitle`,`mainimage`,`tag`,`summary`,`price` FROM `qy_product` WHERE  `recommended` = 1  AND `pid` = '1' LIMIT 6 [ RunTime:0.000295s ]
[ sql ] [ SQL ] SELECT * FROM `qy_cate_content` WHERE  `cateid` = '2' [ RunTime:0.000257s ]
[ sql ] [ SQL ] SELECT `id`,`smalltitle`,`mainimage`,`tag`,`summary`,`price` FROM `qy_product` WHERE  `recommended` = 1  AND `pid` = '2' LIMIT 6 [ RunTime:0.000298s ]
[ sql ] [ SQL ] SELECT * FROM `qy_cate_content` WHERE  `cateid` = '7' [ RunTime:0.000339s ]
[ sql ] [ SQL ] SELECT `id`,`smalltitle`,`mainimage`,`tag`,`summary`,`price` FROM `qy_product` WHERE  `recommended` = 1  AND `pid` = '7' LIMIT 6 [ RunTime:0.000349s ]
[ sql ] [ SQL ] SELECT * FROM `qy_cate_content` WHERE  `cateid` = '8' [ RunTime:0.000283s ]
[ sql ] [ SQL ] SELECT `id`,`smalltitle`,`mainimage`,`tag`,`summary`,`price` FROM `qy_product` WHERE  `recommended` = 1  AND `pid` = '8' LIMIT 6 [ RunTime:0.000325s ]
---------------------------------------------------------------
[ 2020-07-21T10:12:42+08:00 ] 127.0.0.1 GET www.mall.com/api/index/cate
[运行时间：0.062390s] [吞吐率：16.03req/s] [内存消耗：2,588.66kb] [文件加载：48]
[ info ] [ LANG ] /Applications/MAMP/htdocs/mall/thinkphp/lang/zh-cn.php
[ info ] [ ROUTE ] array (
  'type' => 'module',
  'module' => 
  array (
    0 => 'api',
    1 => 'index',
    2 => 'cate',
  ),
)
[ info ] [ HEADER ] array (
  'host' => 'www.mall.com',
  'connection' => 'keep-alive',
  'user-agent' => 'Mozilla/5.0 (iPhone; CPU iPhone OS 13_2_3 like Mac OS X) AppleWebKit/605.1.15 (KHTML, like Gecko) Version/13.0.3 Mobile/15E148 Safari/604.1',
  'accept' => '*/*',
  'origin' => 'http://localhost:8080',
  'referer' => 'http://localhost:8080/',
  'accept-encoding' => 'gzip, deflate',
  'accept-language' => 'en-GB,en-US;q=0.9,en;q=0.8',
)
[ info ] [ PARAM ] array (
)
[ info ] [ RUN ] app\api\controller\Index->cate[ /Applications/MAMP/htdocs/mall/application/api/controller/Index.php ]
[ info ] [ DB ] INIT mysql
[ info ] [ LOG ] INIT File
[ sql ] [ DB ] CONNECT:[ UseTime:0.001342s ] mysql:host=localhost:3306;dbname=mall;charset=utf8
[ sql ] [ SQL ] SHOW COLUMNS FROM `qy_cate` [ RunTime:0.000750s ]
[ sql ] [ SQL ] SELECT * FROM `qy_cate` [ RunTime:0.000346s ]
[ sql ] [ SQL ] SHOW COLUMNS FROM `qy_product` [ RunTime:0.000536s ]
[ sql ] [ SQL ] SELECT `id`,`smalltitle`,`mainimage`,`price`,`sale` FROM `qy_product` WHERE  `pid` = '1' LIMIT 5 [ RunTime:0.000268s ]
[ sql ] [ SQL ] SELECT `id`,`smalltitle`,`mainimage`,`price`,`sale` FROM `qy_product` WHERE  `pid` = '2' LIMIT 5 [ RunTime:0.000250s ]
[ sql ] [ SQL ] SELECT `id`,`smalltitle`,`mainimage`,`price`,`sale` FROM `qy_product` WHERE  `pid` = '7' LIMIT 5 [ RunTime:0.000228s ]
[ sql ] [ SQL ] SELECT `id`,`smalltitle`,`mainimage`,`price`,`sale` FROM `qy_product` WHERE  `pid` = '8' LIMIT 5 [ RunTime:0.000198s ]
[ sql ] [ SQL ] SELECT `id`,`smalltitle`,`mainimage`,`price`,`sale` FROM `qy_product` WHERE  `pid` = '29' LIMIT 5 [ RunTime:0.000248s ]
[ sql ] [ SQL ] SELECT `id`,`smalltitle`,`mainimage`,`price`,`sale` FROM `qy_product` WHERE  `pid` = '30' LIMIT 5 [ RunTime:0.000216s ]
[ sql ] [ SQL ] SELECT `id`,`smalltitle`,`mainimage`,`price`,`sale` FROM `qy_product` WHERE  `pid` = '31' LIMIT 5 [ RunTime:0.000228s ]
[ sql ] [ SQL ] SELECT `id`,`smalltitle`,`mainimage`,`price`,`sale` FROM `qy_product` WHERE  `pid` = '32' LIMIT 5 [ RunTime:0.000201s ]
[ sql ] [ SQL ] SELECT `id`,`smalltitle`,`mainimage`,`price`,`sale` FROM `qy_product` WHERE  `pid` = '33' LIMIT 5 [ RunTime:0.000301s ]
[ sql ] [ SQL ] SELECT `id`,`smalltitle`,`mainimage`,`price`,`sale` FROM `qy_product` WHERE  `pid` = '34' LIMIT 5 [ RunTime:0.000236s ]
[ sql ] [ SQL ] SELECT `id`,`smalltitle`,`mainimage`,`price`,`sale` FROM `qy_product` WHERE  `pid` = '35' LIMIT 5 [ RunTime:0.000217s ]
[ sql ] [ SQL ] SELECT `id`,`smalltitle`,`mainimage`,`price`,`sale` FROM `qy_product` WHERE  `pid` = '36' LIMIT 5 [ RunTime:0.000288s ]
[ sql ] [ SQL ] SELECT `id`,`smalltitle`,`mainimage`,`price`,`sale` FROM `qy_product` WHERE  `pid` = '37' LIMIT 5 [ RunTime:0.000258s ]
[ sql ] [ SQL ] SELECT `id`,`smalltitle`,`mainimage`,`price`,`sale` FROM `qy_product` WHERE  `pid` = '38' LIMIT 5 [ RunTime:0.000230s ]
[ sql ] [ SQL ] SELECT `id`,`smalltitle`,`mainimage`,`price`,`sale` FROM `qy_product` WHERE  `pid` = '39' LIMIT 5 [ RunTime:0.000215s ]
---------------------------------------------------------------
[ 2020-07-21T10:12:57+08:00 ] 127.0.0.1 GET www.mall.com/api/index/detail/id/38
[运行时间：0.066362s] [吞吐率：15.07req/s] [内存消耗：2,595.52kb] [文件加载：48]
[ info ] [ LANG ] /Applications/MAMP/htdocs/mall/thinkphp/lang/zh-cn.php
[ info ] [ ROUTE ] array (
  'type' => 'module',
  'module' => 
  array (
    0 => 'api',
    1 => 'index',
    2 => 'detail',
  ),
)
[ info ] [ HEADER ] array (
  'host' => 'www.mall.com',
  'connection' => 'keep-alive',
  'user-agent' => 'Mozilla/5.0 (iPhone; CPU iPhone OS 13_2_3 like Mac OS X) AppleWebKit/605.1.15 (KHTML, like Gecko) Version/13.0.3 Mobile/15E148 Safari/604.1',
  'accept' => '*/*',
  'origin' => 'http://localhost:8080',
  'referer' => 'http://localhost:8080/',
  'accept-encoding' => 'gzip, deflate',
  'accept-language' => 'en-GB,en-US;q=0.9,en;q=0.8',
)
[ info ] [ PARAM ] array (
  'id' => '38',
)
[ info ] [ RUN ] app\api\controller\Index->detail[ /Applications/MAMP/htdocs/mall/application/api/controller/Index.php ]
[ info ] [ DB ] INIT mysql
[ info ] [ LOG ] INIT File
[ sql ] [ DB ] CONNECT:[ UseTime:0.001314s ] mysql:host=localhost:3306;dbname=mall;charset=utf8
[ sql ] [ SQL ] SHOW COLUMNS FROM `qy_product` [ RunTime:0.000788s ]
[ sql ] [ SQL ] SELECT * FROM `qy_product` WHERE  `id` = 38 LIMIT 1 [ RunTime:0.002289s ]
[ sql ] [ SQL ] SHOW COLUMNS FROM `qy_product_attr` [ RunTime:0.003168s ]
[ sql ] [ SQL ] SELECT * FROM `qy_product_attr` WHERE  `product_id` = 38 [ RunTime:0.000608s ]
[ sql ] [ SQL ] SHOW COLUMNS FROM `qy_product_image` [ RunTime:0.001589s ]
[ sql ] [ SQL ] SELECT othermain as image FROM `qy_product_image` WHERE  `product_id` = 38 [ RunTime:0.001354s ]
[ sql ] [ SQL ] SHOW COLUMNS FROM `qy_product_spec` [ RunTime:0.001932s ]
[ sql ] [ SQL ] SELECT * FROM `qy_product_spec` WHERE  `product_id` = '38' [ RunTime:0.000482s ]
[ sql ] [ SQL ] SHOW COLUMNS FROM `qy_attr` [ RunTime:0.002175s ]
[ sql ] [ SQL ] SELECT `attrname` FROM `qy_attr` WHERE  `id` = 5 LIMIT 1 [ RunTime:0.000509s ]
[ sql ] [ SQL ] SELECT `attrname` FROM `qy_attr` WHERE  `id` = 2 LIMIT 1 [ RunTime:0.000195s ]
[ sql ] [ SQL ] SHOW COLUMNS FROM `qy_product_service` [ RunTime:0.001298s ]
[ sql ] [ SQL ] SELECT * FROM `qy_product_service` WHERE  `id` IN (1,3,5) [ RunTime:0.002306s ]
