---------------------------------------------------------------
[ 2020-04-06T20:40:23+08:00 ] 127.0.0.1 GET www.mall.com/
[运行时间：0.162887s] [吞吐率：6.14req/s] [内存消耗：1,627.86kb] [文件加载：42]
[ info ] [ LANG ] D:\phpStudy\WWW\mall\thinkphp\lang\zh-cn.php
[ info ] [ ROUTE ] array (
  'type' => 'module',
  'module' => 
  array (
    0 => '',
    1 => NULL,
    2 => NULL,
  ),
)
[ info ] [ HEADER ] array (
  'host' => 'www.mall.com',
  'connection' => 'keep-alive',
  'upgrade-insecure-requests' => '1',
  'user-agent' => 'Mozilla/5.0 (Windows NT 10.0; WOW64) AppleWebKit/537.36 (KHTML, like Gecko) Chrome/63.0.3239.132 Safari/537.36',
  'accept' => 'text/html,application/xhtml+xml,application/xml;q=0.9,image/webp,image/apng,*/*;q=0.8',
  'accept-encoding' => 'gzip, deflate',
  'accept-language' => 'zh-CN,zh;q=0.9',
)
[ info ] [ PARAM ] array (
)
[ info ] [ RUN ] app\index\controller\Index->index[ D:\phpStudy\WWW\mall\application\index\controller\Index.php ]
[ info ] [ LOG ] INIT File
---------------------------------------------------------------
[ 2020-04-06T20:40:28+08:00 ] 127.0.0.1 GET www.mall.com/admin
[运行时间：0.125356s] [吞吐率：7.98req/s] [内存消耗：1,727.60kb] [文件加载：46]
[ info ] [ LANG ] D:\phpStudy\WWW\mall\thinkphp\lang\zh-cn.php
[ info ] [ ROUTE ] array (
  'type' => 'module',
  'module' => 
  array (
    0 => 'admin',
    1 => NULL,
    2 => NULL,
  ),
)
[ info ] [ HEADER ] array (
  'host' => 'www.mall.com',
  'connection' => 'keep-alive',
  'upgrade-insecure-requests' => '1',
  'user-agent' => 'Mozilla/5.0 (Windows NT 10.0; WOW64) AppleWebKit/537.36 (KHTML, like Gecko) Chrome/63.0.3239.132 Safari/537.36',
  'accept' => 'text/html,application/xhtml+xml,application/xml;q=0.9,image/webp,image/apng,*/*;q=0.8',
  'accept-encoding' => 'gzip, deflate',
  'accept-language' => 'zh-CN,zh;q=0.9',
)
[ info ] [ PARAM ] array (
)
[ info ] [ SESSION ] INIT array (
  'id' => '',
  'var_session_id' => '',
  'prefix' => 'think',
  'type' => '',
  'auto_start' => true,
)
[ info ] [ VIEW ] D:\phpStudy\WWW\mall\thinkphp\tpl\dispatch_jump.tpl [ array (
  0 => 'code',
  1 => 'msg',
  2 => 'data',
  3 => 'url',
  4 => 'wait',
) ]
[ info ] [ LOG ] INIT File
---------------------------------------------------------------
[ 2020-04-06T20:40:30+08:00 ] 127.0.0.1 GET www.mall.com/admin/login/index.html
[运行时间：0.490639s] [吞吐率：2.04req/s] [内存消耗：1,710.92kb] [文件加载：45]
[ info ] [ LANG ] D:\phpStudy\WWW\mall\thinkphp\lang\zh-cn.php
[ info ] [ ROUTE ] array (
  'type' => 'module',
  'module' => 
  array (
    0 => 'admin',
    1 => 'login',
    2 => 'index',
  ),
)
[ info ] [ HEADER ] array (
  'host' => 'www.mall.com',
  'connection' => 'keep-alive',
  'upgrade-insecure-requests' => '1',
  'user-agent' => 'Mozilla/5.0 (Windows NT 10.0; WOW64) AppleWebKit/537.36 (KHTML, like Gecko) Chrome/63.0.3239.132 Safari/537.36',
  'accept' => 'text/html,application/xhtml+xml,application/xml;q=0.9,image/webp,image/apng,*/*;q=0.8',
  'referer' => 'http://www.mall.com/admin',
  'accept-encoding' => 'gzip, deflate',
  'accept-language' => 'zh-CN,zh;q=0.9',
  'cookie' => 'PHPSESSID=bq03hs89am9dmqi7qvfrp55l70',
)
[ info ] [ PARAM ] array (
)
[ info ] [ RUN ] app\admin\controller\Login->index[ D:\phpStudy\WWW\mall\application\admin\controller\Login.php ]
[ info ] [ VIEW ] D:\phpStudy\WWW\mall\public/../application/admin\view\login\login.html [ array (
) ]
[ info ] [ LOG ] INIT File
---------------------------------------------------------------
[ 2020-04-06T20:40:31+08:00 ] 127.0.0.1 GET www.mall.com/captcha.html
[运行时间：0.163712s] [吞吐率：6.11req/s] [内存消耗：1,409.17kb] [文件加载：37]
[ info ] [ LANG ] D:\phpStudy\WWW\mall\thinkphp\lang\zh-cn.php
[ info ] [ ROUTE ] array (
  'type' => 'method',
  'method' => 
  array (
    0 => '\\think\\captcha\\CaptchaController',
    1 => 'index',
  ),
  'var' => 
  array (
  ),
)
[ info ] [ HEADER ] array (
  'host' => 'www.mall.com',
  'connection' => 'keep-alive',
  'user-agent' => 'Mozilla/5.0 (Windows NT 10.0; WOW64) AppleWebKit/537.36 (KHTML, like Gecko) Chrome/63.0.3239.132 Safari/537.36',
  'accept' => 'image/webp,image/apng,image/*,*/*;q=0.8',
  'referer' => 'http://www.mall.com/admin/login/index.html',
  'accept-encoding' => 'gzip, deflate',
  'accept-language' => 'zh-CN,zh;q=0.9',
  'cookie' => 'PHPSESSID=bq03hs89am9dmqi7qvfrp55l70',
)
[ info ] [ PARAM ] array (
  'id' => NULL,
)
[ info ] [ RUN ] think\captcha\CaptchaController->index[ D:\phpStudy\WWW\mall\vendor\topthink\think-captcha\src\CaptchaController.php ]
[ info ] [ SESSION ] INIT array (
  'id' => '',
  'var_session_id' => '',
  'prefix' => 'think',
  'type' => '',
  'auto_start' => true,
)
[ info ] [ LOG ] INIT File
---------------------------------------------------------------
[ 2020-04-06T20:40:39+08:00 ] 127.0.0.1 POST www.mall.com/admin/login/ajaxlogin.html
[运行时间：0.146750s] [吞吐率：6.81req/s] [内存消耗：2,502.46kb] [文件加载：51]
[ info ] [ LANG ] D:\phpStudy\WWW\mall\thinkphp\lang\zh-cn.php
[ info ] [ ROUTE ] array (
  'type' => 'module',
  'module' => 
  array (
    0 => 'admin',
    1 => 'login',
    2 => 'ajaxlogin',
  ),
)
[ info ] [ HEADER ] array (
  'host' => 'www.mall.com',
  'connection' => 'keep-alive',
  'content-length' => '40',
  'accept' => 'application/json, text/javascript, */*; q=0.01',
  'origin' => 'http://www.mall.com',
  'x-requested-with' => 'XMLHttpRequest',
  'user-agent' => 'Mozilla/5.0 (Windows NT 10.0; WOW64) AppleWebKit/537.36 (KHTML, like Gecko) Chrome/63.0.3239.132 Safari/537.36',
  'content-type' => 'application/x-www-form-urlencoded; charset=UTF-8',
  'referer' => 'http://www.mall.com/admin/login/index.html',
  'accept-encoding' => 'gzip, deflate',
  'accept-language' => 'zh-CN,zh;q=0.9',
  'cookie' => 'PHPSESSID=bq03hs89am9dmqi7qvfrp55l70',
)
[ info ] [ PARAM ] array (
  'username' => 'admin',
  'password' => '123456',
  'code' => '27bp',
)
[ info ] [ RUN ] app\admin\controller\Login->ajaxLogin[ D:\phpStudy\WWW\mall\application\admin\controller\Login.php ]
[ info ] [ SESSION ] INIT array (
  'id' => '',
  'var_session_id' => '',
  'prefix' => 'think',
  'type' => '',
  'auto_start' => true,
)
[ info ] [ DB ] INIT mysql
[ info ] [ LOG ] INIT File
[ sql ] [ DB ] CONNECT:[ UseTime:0.014551s ] mysql:host=127.0.0.1;dbname=mall;charset=utf8
[ sql ] [ SQL ] SHOW COLUMNS FROM `qy_admin` [ RunTime:0.061127s ]
[ sql ] [ SQL ] SELECT * FROM `qy_admin` WHERE  `username` = 'admin' LIMIT 1 [ RunTime:0.001725s ]
---------------------------------------------------------------
[ 2020-04-06T20:40:39+08:00 ] 127.0.0.1 GET www.mall.com/admin/index/index.html
[运行时间：0.231431s] [吞吐率：4.32req/s] [内存消耗：2,606.25kb] [文件加载：54]
[ info ] [ LANG ] D:\phpStudy\WWW\mall\thinkphp\lang\zh-cn.php
[ info ] [ ROUTE ] array (
  'type' => 'module',
  'module' => 
  array (
    0 => 'admin',
    1 => 'index',
    2 => 'index',
  ),
)
[ info ] [ HEADER ] array (
  'host' => 'www.mall.com',
  'connection' => 'keep-alive',
  'upgrade-insecure-requests' => '1',
  'user-agent' => 'Mozilla/5.0 (Windows NT 10.0; WOW64) AppleWebKit/537.36 (KHTML, like Gecko) Chrome/63.0.3239.132 Safari/537.36',
  'accept' => 'text/html,application/xhtml+xml,application/xml;q=0.9,image/webp,image/apng,*/*;q=0.8',
  'referer' => 'http://www.mall.com/admin/login/index.html',
  'accept-encoding' => 'gzip, deflate',
  'accept-language' => 'zh-CN,zh;q=0.9',
  'cookie' => 'PHPSESSID=bq03hs89am9dmqi7qvfrp55l70',
)
[ info ] [ PARAM ] array (
)
[ info ] [ SESSION ] INIT array (
  'id' => '',
  'var_session_id' => '',
  'prefix' => 'think',
  'type' => '',
  'auto_start' => true,
)
[ info ] [ DB ] INIT mysql
[ info ] [ RUN ] app\admin\controller\Index->index[ D:\phpStudy\WWW\mall\application\admin\controller\Index.php ]
[ info ] [ VIEW ] D:\phpStudy\WWW\mall\public/../application/admin\view\index\index.html [ array (
  0 => 'rulesName',
  1 => 'username',
  2 => 'userid',
) ]
[ info ] [ LOG ] INIT File
[ sql ] [ DB ] CONNECT:[ UseTime:0.002136s ] mysql:host=127.0.0.1;dbname=mall;charset=utf8
[ sql ] [ SQL ] SHOW COLUMNS FROM `qy_auth_group_access` [ RunTime:0.023569s ]
[ sql ] [ SQL ] SELECT `auth_group_access`.`uid`,`auth_group_access`.`group_id`,`auth_group`.`title`,`auth_group`.`rules` FROM `qy_auth_group_access` `auth_group_access` INNER JOIN `qy_auth_group` `auth_group` ON `auth_group_access`.`group_id`=`auth_group`.`id` WHERE  `status` = 1  AND `auth_group_access`.`uid` = 37 [ RunTime:0.004493s ]
[ sql ] [ SQL ] SHOW COLUMNS FROM `qy_auth_rule` [ RunTime:0.024141s ]
[ sql ] [ SQL ] SELECT `name` FROM `qy_auth_rule` WHERE  `id` = 32 LIMIT 1 [ RunTime:0.001034s ]
[ sql ] [ SQL ] SELECT `name` FROM `qy_auth_rule` WHERE  `id` = 33 LIMIT 1 [ RunTime:0.000690s ]
[ sql ] [ SQL ] SELECT `name` FROM `qy_auth_rule` WHERE  `id` = 34 LIMIT 1 [ RunTime:0.000692s ]
[ sql ] [ SQL ] SELECT `name` FROM `qy_auth_rule` WHERE  `id` = 35 LIMIT 1 [ RunTime:0.000678s ]
[ sql ] [ SQL ] SELECT `name` FROM `qy_auth_rule` WHERE  `id` = 3 LIMIT 1 [ RunTime:0.000906s ]
[ sql ] [ SQL ] SELECT `name` FROM `qy_auth_rule` WHERE  `id` = 4 LIMIT 1 [ RunTime:0.000622s ]
[ sql ] [ SQL ] SELECT `name` FROM `qy_auth_rule` WHERE  `id` = 5 LIMIT 1 [ RunTime:0.000624s ]
[ sql ] [ SQL ] SELECT `name` FROM `qy_auth_rule` WHERE  `id` = 6 LIMIT 1 [ RunTime:0.000801s ]
[ sql ] [ SQL ] SELECT `name` FROM `qy_auth_rule` WHERE  `id` = 79 LIMIT 1 [ RunTime:0.001398s ]
[ sql ] [ SQL ] SELECT `name` FROM `qy_auth_rule` WHERE  `id` = 8 LIMIT 1 [ RunTime:0.001906s ]
[ sql ] [ SQL ] SELECT `name` FROM `qy_auth_rule` WHERE  `id` = 9 LIMIT 1 [ RunTime:0.000847s ]
[ sql ] [ SQL ] SELECT `name` FROM `qy_auth_rule` WHERE  `id` = 10 LIMIT 1 [ RunTime:0.000633s ]
[ sql ] [ SQL ] SELECT `name` FROM `qy_auth_rule` WHERE  `id` = 11 LIMIT 1 [ RunTime:0.000600s ]
[ sql ] [ SQL ] SELECT `name` FROM `qy_auth_rule` WHERE  `id` = 13 LIMIT 1 [ RunTime:0.000690s ]
[ sql ] [ SQL ] SELECT `name` FROM `qy_auth_rule` WHERE  `id` = 14 LIMIT 1 [ RunTime:0.000684s ]
[ sql ] [ SQL ] SELECT `name` FROM `qy_auth_rule` WHERE  `id` = 15 LIMIT 1 [ RunTime:0.000668s ]
[ sql ] [ SQL ] SELECT `name` FROM `qy_auth_rule` WHERE  `id` = 16 LIMIT 1 [ RunTime:0.000658s ]
[ sql ] [ SQL ] SELECT `name` FROM `qy_auth_rule` WHERE  `id` = 78 LIMIT 1 [ RunTime:0.000591s ]
[ sql ] [ SQL ] SELECT `name` FROM `qy_auth_rule` WHERE  `id` = 19 LIMIT 1 [ RunTime:0.000635s ]
[ sql ] [ SQL ] SELECT `name` FROM `qy_auth_rule` WHERE  `id` = 20 LIMIT 1 [ RunTime:0.000620s ]
[ sql ] [ SQL ] SELECT `name` FROM `qy_auth_rule` WHERE  `id` = 21 LIMIT 1 [ RunTime:0.000643s ]
[ sql ] [ SQL ] SELECT `name` FROM `qy_auth_rule` WHERE  `id` = 22 LIMIT 1 [ RunTime:0.000696s ]
[ sql ] [ SQL ] SELECT `name` FROM `qy_auth_rule` WHERE  `id` = 25 LIMIT 1 [ RunTime:0.000670s ]
[ sql ] [ SQL ] SELECT `name` FROM `qy_auth_rule` WHERE  `id` = 27 LIMIT 1 [ RunTime:0.000561s ]
[ sql ] [ SQL ] SELECT `name` FROM `qy_auth_rule` WHERE  `id` = 28 LIMIT 1 [ RunTime:0.000612s ]
[ sql ] [ SQL ] SELECT `name` FROM `qy_auth_rule` WHERE  `id` = 31 LIMIT 1 [ RunTime:0.001622s ]
[ sql ] [ SQL ] SELECT `name` FROM `qy_auth_rule` WHERE  `id` = 26 LIMIT 1 [ RunTime:0.000627s ]
[ sql ] [ SQL ] SELECT `name` FROM `qy_auth_rule` WHERE  `id` = 36 LIMIT 1 [ RunTime:0.000598s ]
[ sql ] [ SQL ] SELECT `name` FROM `qy_auth_rule` WHERE  `id` = 37 LIMIT 1 [ RunTime:0.000585s ]
[ sql ] [ SQL ] SELECT `name` FROM `qy_auth_rule` WHERE  `id` = 38 LIMIT 1 [ RunTime:0.000585s ]
[ sql ] [ SQL ] SELECT `name` FROM `qy_auth_rule` WHERE  `id` = 43 LIMIT 1 [ RunTime:0.000594s ]
[ sql ] [ SQL ] SELECT `name` FROM `qy_auth_rule` WHERE  `id` = 44 LIMIT 1 [ RunTime:0.000579s ]
[ sql ] [ SQL ] SELECT `name` FROM `qy_auth_rule` WHERE  `id` = 45 LIMIT 1 [ RunTime:0.000501s ]
[ sql ] [ SQL ] SELECT `name` FROM `qy_auth_rule` WHERE  `id` = 46 LIMIT 1 [ RunTime:0.000611s ]
[ sql ] [ SQL ] SELECT `name` FROM `qy_auth_rule` WHERE  `id` = 47 LIMIT 1 [ RunTime:0.000615s ]
[ sql ] [ SQL ] SELECT `name` FROM `qy_auth_rule` WHERE  `id` = 49 LIMIT 1 [ RunTime:0.000608s ]
[ sql ] [ SQL ] SELECT `name` FROM `qy_auth_rule` WHERE  `id` = 50 LIMIT 1 [ RunTime:0.000594s ]
[ sql ] [ SQL ] SELECT `name` FROM `qy_auth_rule` WHERE  `id` = 51 LIMIT 1 [ RunTime:0.000611s ]
[ sql ] [ SQL ] SELECT `name` FROM `qy_auth_rule` WHERE  `id` = 52 LIMIT 1 [ RunTime:0.000628s ]
[ sql ] [ SQL ] SELECT `name` FROM `qy_auth_rule` WHERE  `id` = 54 LIMIT 1 [ RunTime:0.000625s ]
[ sql ] [ SQL ] SELECT `name` FROM `qy_auth_rule` WHERE  `id` = 56 LIMIT 1 [ RunTime:0.000678s ]
[ sql ] [ SQL ] SELECT `name` FROM `qy_auth_rule` WHERE  `id` = 57 LIMIT 1 [ RunTime:0.000662s ]
[ sql ] [ SQL ] SELECT `name` FROM `qy_auth_rule` WHERE  `id` = 58 LIMIT 1 [ RunTime:0.000615s ]
[ sql ] [ SQL ] SELECT `name` FROM `qy_auth_rule` WHERE  `id` = 59 LIMIT 1 [ RunTime:0.000642s ]
[ sql ] [ SQL ] SELECT `name` FROM `qy_auth_rule` WHERE  `id` = 61 LIMIT 1 [ RunTime:0.000669s ]
[ sql ] [ SQL ] SELECT `name` FROM `qy_auth_rule` WHERE  `id` = 62 LIMIT 1 [ RunTime:0.000607s ]
[ sql ] [ SQL ] SELECT `name` FROM `qy_auth_rule` WHERE  `id` = 63 LIMIT 1 [ RunTime:0.000837s ]
[ sql ] [ SQL ] SELECT `name` FROM `qy_auth_rule` WHERE  `id` = 64 LIMIT 1 [ RunTime:0.000797s ]
[ sql ] [ SQL ] SELECT `name` FROM `qy_auth_rule` WHERE  `id` = 66 LIMIT 1 [ RunTime:0.001530s ]
[ sql ] [ SQL ] SELECT `name` FROM `qy_auth_rule` WHERE  `id` = 67 LIMIT 1 [ RunTime:0.000619s ]
[ sql ] [ SQL ] SELECT `name` FROM `qy_auth_rule` WHERE  `id` = 68 LIMIT 1 [ RunTime:0.000619s ]
[ sql ] [ SQL ] SELECT `name` FROM `qy_auth_rule` WHERE  `id` = 69 LIMIT 1 [ RunTime:0.000579s ]
[ sql ] [ SQL ] SELECT `name` FROM `qy_auth_rule` WHERE  `id` = 70 LIMIT 1 [ RunTime:0.000622s ]
[ sql ] [ SQL ] SELECT `name` FROM `qy_auth_rule` WHERE  `id` = 71 LIMIT 1 [ RunTime:0.000637s ]
[ sql ] [ SQL ] SELECT `name` FROM `qy_auth_rule` WHERE  `id` = 72 LIMIT 1 [ RunTime:0.000626s ]
[ sql ] [ SQL ] SELECT `name` FROM `qy_auth_rule` WHERE  `id` = 74 LIMIT 1 [ RunTime:0.000621s ]
[ sql ] [ SQL ] SELECT `name` FROM `qy_auth_rule` WHERE  `id` = 75 LIMIT 1 [ RunTime:0.000627s ]
[ sql ] [ SQL ] SELECT `name` FROM `qy_auth_rule` WHERE  `id` = 76 LIMIT 1 [ RunTime:0.000566s ]
[ sql ] [ SQL ] SELECT `name` FROM `qy_auth_rule` WHERE  `id` = 77 LIMIT 1 [ RunTime:0.000610s ]
---------------------------------------------------------------
[ 2020-04-06T20:40:40+08:00 ] 127.0.0.1 GET www.mall.com/admin/index/console.html
[运行时间：0.225266s] [吞吐率：4.44req/s] [内存消耗：2,567.43kb] [文件加载：54]
[ info ] [ LANG ] D:\phpStudy\WWW\mall\thinkphp\lang\zh-cn.php
[ info ] [ ROUTE ] array (
  'type' => 'module',
  'module' => 
  array (
    0 => 'admin',
    1 => 'index',
    2 => 'console',
  ),
)
[ info ] [ HEADER ] array (
  'host' => 'www.mall.com',
  'connection' => 'keep-alive',
  'upgrade-insecure-requests' => '1',
  'user-agent' => 'Mozilla/5.0 (Windows NT 10.0; WOW64) AppleWebKit/537.36 (KHTML, like Gecko) Chrome/63.0.3239.132 Safari/537.36',
  'accept' => 'text/html,application/xhtml+xml,application/xml;q=0.9,image/webp,image/apng,*/*;q=0.8',
  'referer' => 'http://www.mall.com/admin/index/index.html',
  'accept-encoding' => 'gzip, deflate',
  'accept-language' => 'zh-CN,zh;q=0.9',
  'cookie' => 'PHPSESSID=bq03hs89am9dmqi7qvfrp55l70',
)
[ info ] [ PARAM ] array (
)
[ info ] [ SESSION ] INIT array (
  'id' => '',
  'var_session_id' => '',
  'prefix' => 'think',
  'type' => '',
  'auto_start' => true,
)
[ info ] [ DB ] INIT mysql
[ info ] [ RUN ] app\admin\controller\Index->console[ D:\phpStudy\WWW\mall\application\admin\controller\Index.php ]
[ info ] [ VIEW ] D:\phpStudy\WWW\mall\public/../application/admin\view\index\console.html [ array (
  0 => 'rulesName',
  1 => 'articleNum',
  2 => 'todayArticle',
  3 => 'productNum',
  4 => 'todayProduct',
) ]
[ info ] [ LOG ] INIT File
[ sql ] [ DB ] CONNECT:[ UseTime:0.003371s ] mysql:host=127.0.0.1;dbname=mall;charset=utf8
[ sql ] [ SQL ] SHOW COLUMNS FROM `qy_auth_group_access` [ RunTime:0.020263s ]
[ sql ] [ SQL ] SELECT `auth_group_access`.`uid`,`auth_group_access`.`group_id`,`auth_group`.`title`,`auth_group`.`rules` FROM `qy_auth_group_access` `auth_group_access` INNER JOIN `qy_auth_group` `auth_group` ON `auth_group_access`.`group_id`=`auth_group`.`id` WHERE  `status` = 1  AND `auth_group_access`.`uid` = 37 [ RunTime:0.000643s ]
[ sql ] [ SQL ] SHOW COLUMNS FROM `qy_auth_rule` [ RunTime:0.021017s ]
[ sql ] [ SQL ] SELECT `name` FROM `qy_auth_rule` WHERE  `id` = 32 LIMIT 1 [ RunTime:0.000619s ]
[ sql ] [ SQL ] SELECT `name` FROM `qy_auth_rule` WHERE  `id` = 33 LIMIT 1 [ RunTime:0.000547s ]
[ sql ] [ SQL ] SELECT `name` FROM `qy_auth_rule` WHERE  `id` = 34 LIMIT 1 [ RunTime:0.001602s ]
[ sql ] [ SQL ] SELECT `name` FROM `qy_auth_rule` WHERE  `id` = 35 LIMIT 1 [ RunTime:0.002988s ]
[ sql ] [ SQL ] SELECT `name` FROM `qy_auth_rule` WHERE  `id` = 3 LIMIT 1 [ RunTime:0.000638s ]
[ sql ] [ SQL ] SELECT `name` FROM `qy_auth_rule` WHERE  `id` = 4 LIMIT 1 [ RunTime:0.000673s ]
[ sql ] [ SQL ] SELECT `name` FROM `qy_auth_rule` WHERE  `id` = 5 LIMIT 1 [ RunTime:0.000470s ]
[ sql ] [ SQL ] SELECT `name` FROM `qy_auth_rule` WHERE  `id` = 6 LIMIT 1 [ RunTime:0.000423s ]
[ sql ] [ SQL ] SELECT `name` FROM `qy_auth_rule` WHERE  `id` = 79 LIMIT 1 [ RunTime:0.000409s ]
[ sql ] [ SQL ] SELECT `name` FROM `qy_auth_rule` WHERE  `id` = 8 LIMIT 1 [ RunTime:0.000412s ]
[ sql ] [ SQL ] SELECT `name` FROM `qy_auth_rule` WHERE  `id` = 9 LIMIT 1 [ RunTime:0.000406s ]
[ sql ] [ SQL ] SELECT `name` FROM `qy_auth_rule` WHERE  `id` = 10 LIMIT 1 [ RunTime:0.000450s ]
[ sql ] [ SQL ] SELECT `name` FROM `qy_auth_rule` WHERE  `id` = 11 LIMIT 1 [ RunTime:0.000423s ]
[ sql ] [ SQL ] SELECT `name` FROM `qy_auth_rule` WHERE  `id` = 13 LIMIT 1 [ RunTime:0.000426s ]
[ sql ] [ SQL ] SELECT `name` FROM `qy_auth_rule` WHERE  `id` = 14 LIMIT 1 [ RunTime:0.000417s ]
[ sql ] [ SQL ] SELECT `name` FROM `qy_auth_rule` WHERE  `id` = 15 LIMIT 1 [ RunTime:0.000499s ]
[ sql ] [ SQL ] SELECT `name` FROM `qy_auth_rule` WHERE  `id` = 16 LIMIT 1 [ RunTime:0.000435s ]
[ sql ] [ SQL ] SELECT `name` FROM `qy_auth_rule` WHERE  `id` = 78 LIMIT 1 [ RunTime:0.000473s ]
[ sql ] [ SQL ] SELECT `name` FROM `qy_auth_rule` WHERE  `id` = 19 LIMIT 1 [ RunTime:0.000415s ]
[ sql ] [ SQL ] SELECT `name` FROM `qy_auth_rule` WHERE  `id` = 20 LIMIT 1 [ RunTime:0.000426s ]
[ sql ] [ SQL ] SELECT `name` FROM `qy_auth_rule` WHERE  `id` = 21 LIMIT 1 [ RunTime:0.000474s ]
[ sql ] [ SQL ] SELECT `name` FROM `qy_auth_rule` WHERE  `id` = 22 LIMIT 1 [ RunTime:0.000426s ]
[ sql ] [ SQL ] SELECT `name` FROM `qy_auth_rule` WHERE  `id` = 25 LIMIT 1 [ RunTime:0.000482s ]
[ sql ] [ SQL ] SELECT `name` FROM `qy_auth_rule` WHERE  `id` = 27 LIMIT 1 [ RunTime:0.002809s ]
[ sql ] [ SQL ] SELECT `name` FROM `qy_auth_rule` WHERE  `id` = 28 LIMIT 1 [ RunTime:0.002706s ]
[ sql ] [ SQL ] SELECT `name` FROM `qy_auth_rule` WHERE  `id` = 31 LIMIT 1 [ RunTime:0.000691s ]
[ sql ] [ SQL ] SELECT `name` FROM `qy_auth_rule` WHERE  `id` = 26 LIMIT 1 [ RunTime:0.000710s ]
[ sql ] [ SQL ] SELECT `name` FROM `qy_auth_rule` WHERE  `id` = 36 LIMIT 1 [ RunTime:0.000602s ]
[ sql ] [ SQL ] SELECT `name` FROM `qy_auth_rule` WHERE  `id` = 37 LIMIT 1 [ RunTime:0.000433s ]
[ sql ] [ SQL ] SELECT `name` FROM `qy_auth_rule` WHERE  `id` = 38 LIMIT 1 [ RunTime:0.000504s ]
[ sql ] [ SQL ] SELECT `name` FROM `qy_auth_rule` WHERE  `id` = 43 LIMIT 1 [ RunTime:0.000551s ]
[ sql ] [ SQL ] SELECT `name` FROM `qy_auth_rule` WHERE  `id` = 44 LIMIT 1 [ RunTime:0.000447s ]
[ sql ] [ SQL ] SELECT `name` FROM `qy_auth_rule` WHERE  `id` = 45 LIMIT 1 [ RunTime:0.000433s ]
[ sql ] [ SQL ] SELECT `name` FROM `qy_auth_rule` WHERE  `id` = 46 LIMIT 1 [ RunTime:0.000531s ]
[ sql ] [ SQL ] SELECT `name` FROM `qy_auth_rule` WHERE  `id` = 47 LIMIT 1 [ RunTime:0.000445s ]
[ sql ] [ SQL ] SELECT `name` FROM `qy_auth_rule` WHERE  `id` = 49 LIMIT 1 [ RunTime:0.000425s ]
[ sql ] [ SQL ] SELECT `name` FROM `qy_auth_rule` WHERE  `id` = 50 LIMIT 1 [ RunTime:0.000421s ]
[ sql ] [ SQL ] SELECT `name` FROM `qy_auth_rule` WHERE  `id` = 51 LIMIT 1 [ RunTime:0.000419s ]
[ sql ] [ SQL ] SELECT `name` FROM `qy_auth_rule` WHERE  `id` = 52 LIMIT 1 [ RunTime:0.000413s ]
[ sql ] [ SQL ] SELECT `name` FROM `qy_auth_rule` WHERE  `id` = 54 LIMIT 1 [ RunTime:0.000513s ]
[ sql ] [ SQL ] SELECT `name` FROM `qy_auth_rule` WHERE  `id` = 56 LIMIT 1 [ RunTime:0.001627s ]
[ sql ] [ SQL ] SELECT `name` FROM `qy_auth_rule` WHERE  `id` = 57 LIMIT 1 [ RunTime:0.003229s ]
[ sql ] [ SQL ] SELECT `name` FROM `qy_auth_rule` WHERE  `id` = 58 LIMIT 1 [ RunTime:0.000604s ]
[ sql ] [ SQL ] SELECT `name` FROM `qy_auth_rule` WHERE  `id` = 59 LIMIT 1 [ RunTime:0.000479s ]
[ sql ] [ SQL ] SELECT `name` FROM `qy_auth_rule` WHERE  `id` = 61 LIMIT 1 [ RunTime:0.000425s ]
[ sql ] [ SQL ] SELECT `name` FROM `qy_auth_rule` WHERE  `id` = 62 LIMIT 1 [ RunTime:0.000419s ]
[ sql ] [ SQL ] SELECT `name` FROM `qy_auth_rule` WHERE  `id` = 63 LIMIT 1 [ RunTime:0.000413s ]
[ sql ] [ SQL ] SELECT `name` FROM `qy_auth_rule` WHERE  `id` = 64 LIMIT 1 [ RunTime:0.000409s ]
[ sql ] [ SQL ] SELECT `name` FROM `qy_auth_rule` WHERE  `id` = 66 LIMIT 1 [ RunTime:0.000412s ]
[ sql ] [ SQL ] SELECT `name` FROM `qy_auth_rule` WHERE  `id` = 67 LIMIT 1 [ RunTime:0.000410s ]
[ sql ] [ SQL ] SELECT `name` FROM `qy_auth_rule` WHERE  `id` = 68 LIMIT 1 [ RunTime:0.000416s ]
[ sql ] [ SQL ] SELECT `name` FROM `qy_auth_rule` WHERE  `id` = 69 LIMIT 1 [ RunTime:0.000409s ]
[ sql ] [ SQL ] SELECT `name` FROM `qy_auth_rule` WHERE  `id` = 70 LIMIT 1 [ RunTime:0.000407s ]
[ sql ] [ SQL ] SELECT `name` FROM `qy_auth_rule` WHERE  `id` = 71 LIMIT 1 [ RunTime:0.000411s ]
[ sql ] [ SQL ] SELECT `name` FROM `qy_auth_rule` WHERE  `id` = 72 LIMIT 1 [ RunTime:0.000412s ]
[ sql ] [ SQL ] SELECT `name` FROM `qy_auth_rule` WHERE  `id` = 74 LIMIT 1 [ RunTime:0.000406s ]
[ sql ] [ SQL ] SELECT `name` FROM `qy_auth_rule` WHERE  `id` = 75 LIMIT 1 [ RunTime:0.000422s ]
[ sql ] [ SQL ] SELECT `name` FROM `qy_auth_rule` WHERE  `id` = 76 LIMIT 1 [ RunTime:0.000419s ]
[ sql ] [ SQL ] SELECT `name` FROM `qy_auth_rule` WHERE  `id` = 77 LIMIT 1 [ RunTime:0.000412s ]
[ sql ] [ SQL ] SHOW COLUMNS FROM `qy_article` [ RunTime:0.026473s ]
[ sql ] [ SQL ] SELECT COUNT(*) AS tp_count FROM `qy_article` LIMIT 1 [ RunTime:0.000718s ]
[ sql ] [ SQL ] SELECT COUNT(*) AS tp_count FROM `qy_article` WHERE  `data` BETWEEN '1586102400' AND '1586188800' LIMIT 1 [ RunTime:0.001007s ]
[ sql ] [ SQL ] SHOW COLUMNS FROM `qy_product` [ RunTime:0.020220s ]
[ sql ] [ SQL ] SELECT COUNT(*) AS tp_count FROM `qy_product` LIMIT 1 [ RunTime:0.000505s ]
[ sql ] [ SQL ] SELECT COUNT(*) AS tp_count FROM `qy_product` WHERE  `data` BETWEEN '1586102400' AND '1586188800' LIMIT 1 [ RunTime:0.000688s ]
---------------------------------------------------------------
[ 2020-04-06T20:40:42+08:00 ] 127.0.0.1 GET www.mall.com/admin/admin/index.html
[运行时间：0.239851s] [吞吐率：4.17req/s] [内存消耗：2,733.93kb] [文件加载：58]
[ info ] [ LANG ] D:\phpStudy\WWW\mall\thinkphp\lang\zh-cn.php
[ info ] [ ROUTE ] array (
  'type' => 'module',
  'module' => 
  array (
    0 => 'admin',
    1 => 'admin',
    2 => 'index',
  ),
)
[ info ] [ HEADER ] array (
  'host' => 'www.mall.com',
  'connection' => 'keep-alive',
  'upgrade-insecure-requests' => '1',
  'user-agent' => 'Mozilla/5.0 (Windows NT 10.0; WOW64) AppleWebKit/537.36 (KHTML, like Gecko) Chrome/63.0.3239.132 Safari/537.36',
  'accept' => 'text/html,application/xhtml+xml,application/xml;q=0.9,image/webp,image/apng,*/*;q=0.8',
  'referer' => 'http://www.mall.com/admin/index/index.html',
  'accept-encoding' => 'gzip, deflate',
  'accept-language' => 'zh-CN,zh;q=0.9',
  'cookie' => 'PHPSESSID=bq03hs89am9dmqi7qvfrp55l70',
)
[ info ] [ PARAM ] array (
)
[ info ] [ SESSION ] INIT array (
  'id' => '',
  'var_session_id' => '',
  'prefix' => 'think',
  'type' => '',
  'auto_start' => true,
)
[ info ] [ DB ] INIT mysql
[ info ] [ RUN ] app\admin\controller\Admin->index[ D:\phpStudy\WWW\mall\application\admin\controller\Admin.php ]
[ info ] [ VIEW ] D:\phpStudy\WWW\mall\public/../application/admin\view\admin\admin_list.html [ array (
  0 => 'rulesName',
  1 => 'admin',
) ]
[ info ] [ LOG ] INIT File
[ sql ] [ DB ] CONNECT:[ UseTime:0.006540s ] mysql:host=127.0.0.1;dbname=mall;charset=utf8
[ sql ] [ SQL ] SHOW COLUMNS FROM `qy_auth_group_access` [ RunTime:0.024186s ]
[ sql ] [ SQL ] SELECT `auth_group_access`.`uid`,`auth_group_access`.`group_id`,`auth_group`.`title`,`auth_group`.`rules` FROM `qy_auth_group_access` `auth_group_access` INNER JOIN `qy_auth_group` `auth_group` ON `auth_group_access`.`group_id`=`auth_group`.`id` WHERE  `status` = 1  AND `auth_group_access`.`uid` = 37 [ RunTime:0.001329s ]
[ sql ] [ SQL ] SHOW COLUMNS FROM `qy_auth_rule` [ RunTime:0.023396s ]
[ sql ] [ SQL ] SELECT `name` FROM `qy_auth_rule` WHERE  `id` = 32 LIMIT 1 [ RunTime:0.001056s ]
[ sql ] [ SQL ] SELECT `name` FROM `qy_auth_rule` WHERE  `id` = 33 LIMIT 1 [ RunTime:0.000947s ]
[ sql ] [ SQL ] SELECT `name` FROM `qy_auth_rule` WHERE  `id` = 34 LIMIT 1 [ RunTime:0.000806s ]
[ sql ] [ SQL ] SELECT `name` FROM `qy_auth_rule` WHERE  `id` = 35 LIMIT 1 [ RunTime:0.000910s ]
[ sql ] [ SQL ] SELECT `name` FROM `qy_auth_rule` WHERE  `id` = 3 LIMIT 1 [ RunTime:0.000840s ]
[ sql ] [ SQL ] SELECT `name` FROM `qy_auth_rule` WHERE  `id` = 4 LIMIT 1 [ RunTime:0.002110s ]
[ sql ] [ SQL ] SELECT `name` FROM `qy_auth_rule` WHERE  `id` = 5 LIMIT 1 [ RunTime:0.001026s ]
[ sql ] [ SQL ] SELECT `name` FROM `qy_auth_rule` WHERE  `id` = 6 LIMIT 1 [ RunTime:0.001075s ]
[ sql ] [ SQL ] SELECT `name` FROM `qy_auth_rule` WHERE  `id` = 79 LIMIT 1 [ RunTime:0.001151s ]
[ sql ] [ SQL ] SELECT `name` FROM `qy_auth_rule` WHERE  `id` = 8 LIMIT 1 [ RunTime:0.000852s ]
[ sql ] [ SQL ] SELECT `name` FROM `qy_auth_rule` WHERE  `id` = 9 LIMIT 1 [ RunTime:0.001061s ]
[ sql ] [ SQL ] SELECT `name` FROM `qy_auth_rule` WHERE  `id` = 10 LIMIT 1 [ RunTime:0.000727s ]
[ sql ] [ SQL ] SELECT `name` FROM `qy_auth_rule` WHERE  `id` = 11 LIMIT 1 [ RunTime:0.000823s ]
[ sql ] [ SQL ] SELECT `name` FROM `qy_auth_rule` WHERE  `id` = 13 LIMIT 1 [ RunTime:0.000669s ]
[ sql ] [ SQL ] SELECT `name` FROM `qy_auth_rule` WHERE  `id` = 14 LIMIT 1 [ RunTime:0.000655s ]
[ sql ] [ SQL ] SELECT `name` FROM `qy_auth_rule` WHERE  `id` = 15 LIMIT 1 [ RunTime:0.000667s ]
[ sql ] [ SQL ] SELECT `name` FROM `qy_auth_rule` WHERE  `id` = 16 LIMIT 1 [ RunTime:0.000713s ]
[ sql ] [ SQL ] SELECT `name` FROM `qy_auth_rule` WHERE  `id` = 78 LIMIT 1 [ RunTime:0.000682s ]
[ sql ] [ SQL ] SELECT `name` FROM `qy_auth_rule` WHERE  `id` = 19 LIMIT 1 [ RunTime:0.000832s ]
[ sql ] [ SQL ] SELECT `name` FROM `qy_auth_rule` WHERE  `id` = 20 LIMIT 1 [ RunTime:0.000839s ]
[ sql ] [ SQL ] SELECT `name` FROM `qy_auth_rule` WHERE  `id` = 21 LIMIT 1 [ RunTime:0.000876s ]
[ sql ] [ SQL ] SELECT `name` FROM `qy_auth_rule` WHERE  `id` = 22 LIMIT 1 [ RunTime:0.000886s ]
[ sql ] [ SQL ] SELECT `name` FROM `qy_auth_rule` WHERE  `id` = 25 LIMIT 1 [ RunTime:0.001234s ]
[ sql ] [ SQL ] SELECT `name` FROM `qy_auth_rule` WHERE  `id` = 27 LIMIT 1 [ RunTime:0.001179s ]
[ sql ] [ SQL ] SELECT `name` FROM `qy_auth_rule` WHERE  `id` = 28 LIMIT 1 [ RunTime:0.003164s ]
[ sql ] [ SQL ] SELECT `name` FROM `qy_auth_rule` WHERE  `id` = 31 LIMIT 1 [ RunTime:0.000960s ]
[ sql ] [ SQL ] SELECT `name` FROM `qy_auth_rule` WHERE  `id` = 26 LIMIT 1 [ RunTime:0.000708s ]
[ sql ] [ SQL ] SELECT `name` FROM `qy_auth_rule` WHERE  `id` = 36 LIMIT 1 [ RunTime:0.000657s ]
[ sql ] [ SQL ] SELECT `name` FROM `qy_auth_rule` WHERE  `id` = 37 LIMIT 1 [ RunTime:0.000715s ]
[ sql ] [ SQL ] SELECT `name` FROM `qy_auth_rule` WHERE  `id` = 38 LIMIT 1 [ RunTime:0.000787s ]
[ sql ] [ SQL ] SELECT `name` FROM `qy_auth_rule` WHERE  `id` = 43 LIMIT 1 [ RunTime:0.001181s ]
[ sql ] [ SQL ] SELECT `name` FROM `qy_auth_rule` WHERE  `id` = 44 LIMIT 1 [ RunTime:0.000859s ]
[ sql ] [ SQL ] SELECT `name` FROM `qy_auth_rule` WHERE  `id` = 45 LIMIT 1 [ RunTime:0.000788s ]
[ sql ] [ SQL ] SELECT `name` FROM `qy_auth_rule` WHERE  `id` = 46 LIMIT 1 [ RunTime:0.000799s ]
[ sql ] [ SQL ] SELECT `name` FROM `qy_auth_rule` WHERE  `id` = 47 LIMIT 1 [ RunTime:0.002231s ]
[ sql ] [ SQL ] SELECT `name` FROM `qy_auth_rule` WHERE  `id` = 49 LIMIT 1 [ RunTime:0.000864s ]
[ sql ] [ SQL ] SELECT `name` FROM `qy_auth_rule` WHERE  `id` = 50 LIMIT 1 [ RunTime:0.007066s ]
[ sql ] [ SQL ] SELECT `name` FROM `qy_auth_rule` WHERE  `id` = 51 LIMIT 1 [ RunTime:0.000965s ]
[ sql ] [ SQL ] SELECT `name` FROM `qy_auth_rule` WHERE  `id` = 52 LIMIT 1 [ RunTime:0.000836s ]
[ sql ] [ SQL ] SELECT `name` FROM `qy_auth_rule` WHERE  `id` = 54 LIMIT 1 [ RunTime:0.000841s ]
[ sql ] [ SQL ] SELECT `name` FROM `qy_auth_rule` WHERE  `id` = 56 LIMIT 1 [ RunTime:0.000835s ]
[ sql ] [ SQL ] SELECT `name` FROM `qy_auth_rule` WHERE  `id` = 57 LIMIT 1 [ RunTime:0.000803s ]
[ sql ] [ SQL ] SELECT `name` FROM `qy_auth_rule` WHERE  `id` = 58 LIMIT 1 [ RunTime:0.002383s ]
[ sql ] [ SQL ] SELECT `name` FROM `qy_auth_rule` WHERE  `id` = 59 LIMIT 1 [ RunTime:0.001473s ]
[ sql ] [ SQL ] SELECT `name` FROM `qy_auth_rule` WHERE  `id` = 61 LIMIT 1 [ RunTime:0.001065s ]
[ sql ] [ SQL ] SELECT `name` FROM `qy_auth_rule` WHERE  `id` = 62 LIMIT 1 [ RunTime:0.002171s ]
[ sql ] [ SQL ] SELECT `name` FROM `qy_auth_rule` WHERE  `id` = 63 LIMIT 1 [ RunTime:0.000802s ]
[ sql ] [ SQL ] SELECT `name` FROM `qy_auth_rule` WHERE  `id` = 64 LIMIT 1 [ RunTime:0.000795s ]
[ sql ] [ SQL ] SELECT `name` FROM `qy_auth_rule` WHERE  `id` = 66 LIMIT 1 [ RunTime:0.000852s ]
[ sql ] [ SQL ] SELECT `name` FROM `qy_auth_rule` WHERE  `id` = 67 LIMIT 1 [ RunTime:0.000792s ]
[ sql ] [ SQL ] SELECT `name` FROM `qy_auth_rule` WHERE  `id` = 68 LIMIT 1 [ RunTime:0.000894s ]
[ sql ] [ SQL ] SELECT `name` FROM `qy_auth_rule` WHERE  `id` = 69 LIMIT 1 [ RunTime:0.000768s ]
[ sql ] [ SQL ] SELECT `name` FROM `qy_auth_rule` WHERE  `id` = 70 LIMIT 1 [ RunTime:0.001079s ]
[ sql ] [ SQL ] SELECT `name` FROM `qy_auth_rule` WHERE  `id` = 71 LIMIT 1 [ RunTime:0.000951s ]
[ sql ] [ SQL ] SELECT `name` FROM `qy_auth_rule` WHERE  `id` = 72 LIMIT 1 [ RunTime:0.001000s ]
[ sql ] [ SQL ] SELECT `name` FROM `qy_auth_rule` WHERE  `id` = 74 LIMIT 1 [ RunTime:0.002946s ]
[ sql ] [ SQL ] SELECT `name` FROM `qy_auth_rule` WHERE  `id` = 75 LIMIT 1 [ RunTime:0.000886s ]
[ sql ] [ SQL ] SELECT `name` FROM `qy_auth_rule` WHERE  `id` = 76 LIMIT 1 [ RunTime:0.001893s ]
[ sql ] [ SQL ] SELECT `name` FROM `qy_auth_rule` WHERE  `id` = 77 LIMIT 1 [ RunTime:0.000835s ]
[ sql ] [ SQL ] SHOW COLUMNS FROM `qy_admin` [ RunTime:0.017605s ]
[ sql ] [ SQL ] SELECT COUNT(*) AS tp_count FROM `qy_admin` LIMIT 1 [ RunTime:0.001130s ]
[ sql ] [ SQL ] SELECT * FROM `qy_admin` LIMIT 0,10 [ RunTime:0.000725s ]
---------------------------------------------------------------
[ 2020-04-06T20:40:58+08:00 ] 127.0.0.1 GET www.mall.com/admin/member/index.html
[运行时间：0.230382s] [吞吐率：4.34req/s] [内存消耗：2,726.70kb] [文件加载：58]
[ info ] [ LANG ] D:\phpStudy\WWW\mall\thinkphp\lang\zh-cn.php
[ info ] [ ROUTE ] array (
  'type' => 'module',
  'module' => 
  array (
    0 => 'admin',
    1 => 'member',
    2 => 'index',
  ),
)
[ info ] [ HEADER ] array (
  'host' => 'www.mall.com',
  'connection' => 'keep-alive',
  'upgrade-insecure-requests' => '1',
  'user-agent' => 'Mozilla/5.0 (Windows NT 10.0; WOW64) AppleWebKit/537.36 (KHTML, like Gecko) Chrome/63.0.3239.132 Safari/537.36',
  'accept' => 'text/html,application/xhtml+xml,application/xml;q=0.9,image/webp,image/apng,*/*;q=0.8',
  'referer' => 'http://www.mall.com/admin/index/index.html',
  'accept-encoding' => 'gzip, deflate',
  'accept-language' => 'zh-CN,zh;q=0.9',
  'cookie' => 'PHPSESSID=bq03hs89am9dmqi7qvfrp55l70',
)
[ info ] [ PARAM ] array (
)
[ info ] [ SESSION ] INIT array (
  'id' => '',
  'var_session_id' => '',
  'prefix' => 'think',
  'type' => '',
  'auto_start' => true,
)
[ info ] [ DB ] INIT mysql
[ info ] [ RUN ] app\admin\controller\Member->index[ D:\phpStudy\WWW\mall\application\admin\controller\Member.php ]
[ info ] [ VIEW ] D:\phpStudy\WWW\mall\public/../application/admin\view\member\member_list.html [ array (
  0 => 'rulesName',
  1 => 'admin',
) ]
[ info ] [ LOG ] INIT File
[ sql ] [ DB ] CONNECT:[ UseTime:0.001073s ] mysql:host=127.0.0.1;dbname=mall;charset=utf8
[ sql ] [ SQL ] SHOW COLUMNS FROM `qy_auth_group_access` [ RunTime:0.025416s ]
[ sql ] [ SQL ] SELECT `auth_group_access`.`uid`,`auth_group_access`.`group_id`,`auth_group`.`title`,`auth_group`.`rules` FROM `qy_auth_group_access` `auth_group_access` INNER JOIN `qy_auth_group` `auth_group` ON `auth_group_access`.`group_id`=`auth_group`.`id` WHERE  `status` = 1  AND `auth_group_access`.`uid` = 37 [ RunTime:0.001984s ]
[ sql ] [ SQL ] SHOW COLUMNS FROM `qy_auth_rule` [ RunTime:0.019337s ]
[ sql ] [ SQL ] SELECT `name` FROM `qy_auth_rule` WHERE  `id` = 32 LIMIT 1 [ RunTime:0.000628s ]
[ sql ] [ SQL ] SELECT `name` FROM `qy_auth_rule` WHERE  `id` = 33 LIMIT 1 [ RunTime:0.000547s ]
[ sql ] [ SQL ] SELECT `name` FROM `qy_auth_rule` WHERE  `id` = 34 LIMIT 1 [ RunTime:0.000536s ]
[ sql ] [ SQL ] SELECT `name` FROM `qy_auth_rule` WHERE  `id` = 35 LIMIT 1 [ RunTime:0.000538s ]
[ sql ] [ SQL ] SELECT `name` FROM `qy_auth_rule` WHERE  `id` = 3 LIMIT 1 [ RunTime:0.000545s ]
[ sql ] [ SQL ] SELECT `name` FROM `qy_auth_rule` WHERE  `id` = 4 LIMIT 1 [ RunTime:0.000536s ]
[ sql ] [ SQL ] SELECT `name` FROM `qy_auth_rule` WHERE  `id` = 5 LIMIT 1 [ RunTime:0.000496s ]
[ sql ] [ SQL ] SELECT `name` FROM `qy_auth_rule` WHERE  `id` = 6 LIMIT 1 [ RunTime:0.000484s ]
[ sql ] [ SQL ] SELECT `name` FROM `qy_auth_rule` WHERE  `id` = 79 LIMIT 1 [ RunTime:0.000574s ]
[ sql ] [ SQL ] SELECT `name` FROM `qy_auth_rule` WHERE  `id` = 8 LIMIT 1 [ RunTime:0.001241s ]
[ sql ] [ SQL ] SELECT `name` FROM `qy_auth_rule` WHERE  `id` = 9 LIMIT 1 [ RunTime:0.000539s ]
[ sql ] [ SQL ] SELECT `name` FROM `qy_auth_rule` WHERE  `id` = 10 LIMIT 1 [ RunTime:0.000527s ]
[ sql ] [ SQL ] SELECT `name` FROM `qy_auth_rule` WHERE  `id` = 11 LIMIT 1 [ RunTime:0.000505s ]
[ sql ] [ SQL ] SELECT `name` FROM `qy_auth_rule` WHERE  `id` = 13 LIMIT 1 [ RunTime:0.000489s ]
[ sql ] [ SQL ] SELECT `name` FROM `qy_auth_rule` WHERE  `id` = 14 LIMIT 1 [ RunTime:0.000551s ]
[ sql ] [ SQL ] SELECT `name` FROM `qy_auth_rule` WHERE  `id` = 15 LIMIT 1 [ RunTime:0.000532s ]
[ sql ] [ SQL ] SELECT `name` FROM `qy_auth_rule` WHERE  `id` = 16 LIMIT 1 [ RunTime:0.002052s ]
[ sql ] [ SQL ] SELECT `name` FROM `qy_auth_rule` WHERE  `id` = 78 LIMIT 1 [ RunTime:0.000482s ]
[ sql ] [ SQL ] SELECT `name` FROM `qy_auth_rule` WHERE  `id` = 19 LIMIT 1 [ RunTime:0.000463s ]
[ sql ] [ SQL ] SELECT `name` FROM `qy_auth_rule` WHERE  `id` = 20 LIMIT 1 [ RunTime:0.000387s ]
[ sql ] [ SQL ] SELECT `name` FROM `qy_auth_rule` WHERE  `id` = 21 LIMIT 1 [ RunTime:0.000394s ]
[ sql ] [ SQL ] SELECT `name` FROM `qy_auth_rule` WHERE  `id` = 22 LIMIT 1 [ RunTime:0.000399s ]
[ sql ] [ SQL ] SELECT `name` FROM `qy_auth_rule` WHERE  `id` = 25 LIMIT 1 [ RunTime:0.000389s ]
[ sql ] [ SQL ] SELECT `name` FROM `qy_auth_rule` WHERE  `id` = 27 LIMIT 1 [ RunTime:0.000403s ]
[ sql ] [ SQL ] SELECT `name` FROM `qy_auth_rule` WHERE  `id` = 28 LIMIT 1 [ RunTime:0.000362s ]
[ sql ] [ SQL ] SELECT `name` FROM `qy_auth_rule` WHERE  `id` = 31 LIMIT 1 [ RunTime:0.000391s ]
[ sql ] [ SQL ] SELECT `name` FROM `qy_auth_rule` WHERE  `id` = 26 LIMIT 1 [ RunTime:0.000366s ]
[ sql ] [ SQL ] SELECT `name` FROM `qy_auth_rule` WHERE  `id` = 36 LIMIT 1 [ RunTime:0.000400s ]
[ sql ] [ SQL ] SELECT `name` FROM `qy_auth_rule` WHERE  `id` = 37 LIMIT 1 [ RunTime:0.000375s ]
[ sql ] [ SQL ] SELECT `name` FROM `qy_auth_rule` WHERE  `id` = 38 LIMIT 1 [ RunTime:0.000417s ]
[ sql ] [ SQL ] SELECT `name` FROM `qy_auth_rule` WHERE  `id` = 43 LIMIT 1 [ RunTime:0.000407s ]
[ sql ] [ SQL ] SELECT `name` FROM `qy_auth_rule` WHERE  `id` = 44 LIMIT 1 [ RunTime:0.000455s ]
[ sql ] [ SQL ] SELECT `name` FROM `qy_auth_rule` WHERE  `id` = 45 LIMIT 1 [ RunTime:0.000521s ]
[ sql ] [ SQL ] SELECT `name` FROM `qy_auth_rule` WHERE  `id` = 46 LIMIT 1 [ RunTime:0.001178s ]
[ sql ] [ SQL ] SELECT `name` FROM `qy_auth_rule` WHERE  `id` = 47 LIMIT 1 [ RunTime:0.000472s ]
[ sql ] [ SQL ] SELECT `name` FROM `qy_auth_rule` WHERE  `id` = 49 LIMIT 1 [ RunTime:0.000456s ]
[ sql ] [ SQL ] SELECT `name` FROM `qy_auth_rule` WHERE  `id` = 50 LIMIT 1 [ RunTime:0.000538s ]
[ sql ] [ SQL ] SELECT `name` FROM `qy_auth_rule` WHERE  `id` = 51 LIMIT 1 [ RunTime:0.000596s ]
[ sql ] [ SQL ] SELECT `name` FROM `qy_auth_rule` WHERE  `id` = 52 LIMIT 1 [ RunTime:0.000515s ]
[ sql ] [ SQL ] SELECT `name` FROM `qy_auth_rule` WHERE  `id` = 54 LIMIT 1 [ RunTime:0.000421s ]
[ sql ] [ SQL ] SELECT `name` FROM `qy_auth_rule` WHERE  `id` = 56 LIMIT 1 [ RunTime:0.000515s ]
[ sql ] [ SQL ] SELECT `name` FROM `qy_auth_rule` WHERE  `id` = 57 LIMIT 1 [ RunTime:0.000588s ]
[ sql ] [ SQL ] SELECT `name` FROM `qy_auth_rule` WHERE  `id` = 58 LIMIT 1 [ RunTime:0.001442s ]
[ sql ] [ SQL ] SELECT `name` FROM `qy_auth_rule` WHERE  `id` = 59 LIMIT 1 [ RunTime:0.000693s ]
[ sql ] [ SQL ] SELECT `name` FROM `qy_auth_rule` WHERE  `id` = 61 LIMIT 1 [ RunTime:0.000400s ]
[ sql ] [ SQL ] SELECT `name` FROM `qy_auth_rule` WHERE  `id` = 62 LIMIT 1 [ RunTime:0.000412s ]
[ sql ] [ SQL ] SELECT `name` FROM `qy_auth_rule` WHERE  `id` = 63 LIMIT 1 [ RunTime:0.000374s ]
[ sql ] [ SQL ] SELECT `name` FROM `qy_auth_rule` WHERE  `id` = 64 LIMIT 1 [ RunTime:0.000406s ]
[ sql ] [ SQL ] SELECT `name` FROM `qy_auth_rule` WHERE  `id` = 66 LIMIT 1 [ RunTime:0.000376s ]
[ sql ] [ SQL ] SELECT `name` FROM `qy_auth_rule` WHERE  `id` = 67 LIMIT 1 [ RunTime:0.000406s ]
[ sql ] [ SQL ] SELECT `name` FROM `qy_auth_rule` WHERE  `id` = 68 LIMIT 1 [ RunTime:0.000405s ]
[ sql ] [ SQL ] SELECT `name` FROM `qy_auth_rule` WHERE  `id` = 69 LIMIT 1 [ RunTime:0.000414s ]
[ sql ] [ SQL ] SELECT `name` FROM `qy_auth_rule` WHERE  `id` = 70 LIMIT 1 [ RunTime:0.000414s ]
[ sql ] [ SQL ] SELECT `name` FROM `qy_auth_rule` WHERE  `id` = 71 LIMIT 1 [ RunTime:0.000414s ]
[ sql ] [ SQL ] SELECT `name` FROM `qy_auth_rule` WHERE  `id` = 72 LIMIT 1 [ RunTime:0.000419s ]
[ sql ] [ SQL ] SELECT `name` FROM `qy_auth_rule` WHERE  `id` = 74 LIMIT 1 [ RunTime:0.000519s ]
[ sql ] [ SQL ] SELECT `name` FROM `qy_auth_rule` WHERE  `id` = 75 LIMIT 1 [ RunTime:0.001564s ]
[ sql ] [ SQL ] SELECT `name` FROM `qy_auth_rule` WHERE  `id` = 76 LIMIT 1 [ RunTime:0.000551s ]
[ sql ] [ SQL ] SELECT `name` FROM `qy_auth_rule` WHERE  `id` = 77 LIMIT 1 [ RunTime:0.000521s ]
[ sql ] [ SQL ] SHOW COLUMNS FROM `qy_member` [ RunTime:0.057197s ]
[ sql ] [ SQL ] SELECT COUNT(*) AS tp_count FROM `qy_member` LIMIT 1 [ RunTime:0.000544s ]
[ sql ] [ SQL ] SELECT * FROM `qy_member` LIMIT 0,10 [ RunTime:0.000531s ]
---------------------------------------------------------------
[ 2020-04-06T20:41:00+08:00 ] 127.0.0.1 GET www.mall.com/admin/banner/index.html
[运行时间：0.204709s] [吞吐率：4.88req/s] [内存消耗：2,745.12kb] [文件加载：58]
[ info ] [ LANG ] D:\phpStudy\WWW\mall\thinkphp\lang\zh-cn.php
[ info ] [ ROUTE ] array (
  'type' => 'module',
  'module' => 
  array (
    0 => 'admin',
    1 => 'banner',
    2 => 'index',
  ),
)
[ info ] [ HEADER ] array (
  'host' => 'www.mall.com',
  'connection' => 'keep-alive',
  'upgrade-insecure-requests' => '1',
  'user-agent' => 'Mozilla/5.0 (Windows NT 10.0; WOW64) AppleWebKit/537.36 (KHTML, like Gecko) Chrome/63.0.3239.132 Safari/537.36',
  'accept' => 'text/html,application/xhtml+xml,application/xml;q=0.9,image/webp,image/apng,*/*;q=0.8',
  'referer' => 'http://www.mall.com/admin/index/index.html',
  'accept-encoding' => 'gzip, deflate',
  'accept-language' => 'zh-CN,zh;q=0.9',
  'cookie' => 'PHPSESSID=bq03hs89am9dmqi7qvfrp55l70',
)
[ info ] [ PARAM ] array (
)
[ info ] [ SESSION ] INIT array (
  'id' => '',
  'var_session_id' => '',
  'prefix' => 'think',
  'type' => '',
  'auto_start' => true,
)
[ info ] [ DB ] INIT mysql
[ info ] [ RUN ] app\admin\controller\Banner->index[ D:\phpStudy\WWW\mall\application\admin\controller\Banner.php ]
[ info ] [ VIEW ] D:\phpStudy\WWW\mall\public/../application/admin\view\banner\banner_list.html [ array (
  0 => 'rulesName',
  1 => 'banner',
) ]
[ info ] [ LOG ] INIT File
[ sql ] [ DB ] CONNECT:[ UseTime:0.013831s ] mysql:host=127.0.0.1;dbname=mall;charset=utf8
[ sql ] [ SQL ] SHOW COLUMNS FROM `qy_auth_group_access` [ RunTime:0.028374s ]
[ sql ] [ SQL ] SELECT `auth_group_access`.`uid`,`auth_group_access`.`group_id`,`auth_group`.`title`,`auth_group`.`rules` FROM `qy_auth_group_access` `auth_group_access` INNER JOIN `qy_auth_group` `auth_group` ON `auth_group_access`.`group_id`=`auth_group`.`id` WHERE  `status` = 1  AND `auth_group_access`.`uid` = 37 [ RunTime:0.002027s ]
[ sql ] [ SQL ] SHOW COLUMNS FROM `qy_auth_rule` [ RunTime:0.018065s ]
[ sql ] [ SQL ] SELECT `name` FROM `qy_auth_rule` WHERE  `id` = 32 LIMIT 1 [ RunTime:0.000695s ]
[ sql ] [ SQL ] SELECT `name` FROM `qy_auth_rule` WHERE  `id` = 33 LIMIT 1 [ RunTime:0.000572s ]
[ sql ] [ SQL ] SELECT `name` FROM `qy_auth_rule` WHERE  `id` = 34 LIMIT 1 [ RunTime:0.000577s ]
[ sql ] [ SQL ] SELECT `name` FROM `qy_auth_rule` WHERE  `id` = 35 LIMIT 1 [ RunTime:0.000573s ]
[ sql ] [ SQL ] SELECT `name` FROM `qy_auth_rule` WHERE  `id` = 3 LIMIT 1 [ RunTime:0.000487s ]
[ sql ] [ SQL ] SELECT `name` FROM `qy_auth_rule` WHERE  `id` = 4 LIMIT 1 [ RunTime:0.000480s ]
[ sql ] [ SQL ] SELECT `name` FROM `qy_auth_rule` WHERE  `id` = 5 LIMIT 1 [ RunTime:0.000485s ]
[ sql ] [ SQL ] SELECT `name` FROM `qy_auth_rule` WHERE  `id` = 6 LIMIT 1 [ RunTime:0.000480s ]
[ sql ] [ SQL ] SELECT `name` FROM `qy_auth_rule` WHERE  `id` = 79 LIMIT 1 [ RunTime:0.000471s ]
[ sql ] [ SQL ] SELECT `name` FROM `qy_auth_rule` WHERE  `id` = 8 LIMIT 1 [ RunTime:0.000458s ]
[ sql ] [ SQL ] SELECT `name` FROM `qy_auth_rule` WHERE  `id` = 9 LIMIT 1 [ RunTime:0.000468s ]
[ sql ] [ SQL ] SELECT `name` FROM `qy_auth_rule` WHERE  `id` = 10 LIMIT 1 [ RunTime:0.000478s ]
[ sql ] [ SQL ] SELECT `name` FROM `qy_auth_rule` WHERE  `id` = 11 LIMIT 1 [ RunTime:0.000477s ]
[ sql ] [ SQL ] SELECT `name` FROM `qy_auth_rule` WHERE  `id` = 13 LIMIT 1 [ RunTime:0.000482s ]
[ sql ] [ SQL ] SELECT `name` FROM `qy_auth_rule` WHERE  `id` = 14 LIMIT 1 [ RunTime:0.000523s ]
[ sql ] [ SQL ] SELECT `name` FROM `qy_auth_rule` WHERE  `id` = 15 LIMIT 1 [ RunTime:0.001854s ]
[ sql ] [ SQL ] SELECT `name` FROM `qy_auth_rule` WHERE  `id` = 16 LIMIT 1 [ RunTime:0.001713s ]
[ sql ] [ SQL ] SELECT `name` FROM `qy_auth_rule` WHERE  `id` = 78 LIMIT 1 [ RunTime:0.000753s ]
[ sql ] [ SQL ] SELECT `name` FROM `qy_auth_rule` WHERE  `id` = 19 LIMIT 1 [ RunTime:0.000486s ]
[ sql ] [ SQL ] SELECT `name` FROM `qy_auth_rule` WHERE  `id` = 20 LIMIT 1 [ RunTime:0.000482s ]
[ sql ] [ SQL ] SELECT `name` FROM `qy_auth_rule` WHERE  `id` = 21 LIMIT 1 [ RunTime:0.000481s ]
[ sql ] [ SQL ] SELECT `name` FROM `qy_auth_rule` WHERE  `id` = 22 LIMIT 1 [ RunTime:0.000476s ]
[ sql ] [ SQL ] SELECT `name` FROM `qy_auth_rule` WHERE  `id` = 25 LIMIT 1 [ RunTime:0.000475s ]
[ sql ] [ SQL ] SELECT `name` FROM `qy_auth_rule` WHERE  `id` = 27 LIMIT 1 [ RunTime:0.000499s ]
[ sql ] [ SQL ] SELECT `name` FROM `qy_auth_rule` WHERE  `id` = 28 LIMIT 1 [ RunTime:0.000510s ]
[ sql ] [ SQL ] SELECT `name` FROM `qy_auth_rule` WHERE  `id` = 31 LIMIT 1 [ RunTime:0.000464s ]
[ sql ] [ SQL ] SELECT `name` FROM `qy_auth_rule` WHERE  `id` = 26 LIMIT 1 [ RunTime:0.000414s ]
[ sql ] [ SQL ] SELECT `name` FROM `qy_auth_rule` WHERE  `id` = 36 LIMIT 1 [ RunTime:0.000433s ]
[ sql ] [ SQL ] SELECT `name` FROM `qy_auth_rule` WHERE  `id` = 37 LIMIT 1 [ RunTime:0.000439s ]
[ sql ] [ SQL ] SELECT `name` FROM `qy_auth_rule` WHERE  `id` = 38 LIMIT 1 [ RunTime:0.000436s ]
[ sql ] [ SQL ] SELECT `name` FROM `qy_auth_rule` WHERE  `id` = 43 LIMIT 1 [ RunTime:0.000404s ]
[ sql ] [ SQL ] SELECT `name` FROM `qy_auth_rule` WHERE  `id` = 44 LIMIT 1 [ RunTime:0.000419s ]
[ sql ] [ SQL ] SELECT `name` FROM `qy_auth_rule` WHERE  `id` = 45 LIMIT 1 [ RunTime:0.000411s ]
[ sql ] [ SQL ] SELECT `name` FROM `qy_auth_rule` WHERE  `id` = 46 LIMIT 1 [ RunTime:0.000436s ]
[ sql ] [ SQL ] SELECT `name` FROM `qy_auth_rule` WHERE  `id` = 47 LIMIT 1 [ RunTime:0.000443s ]
[ sql ] [ SQL ] SELECT `name` FROM `qy_auth_rule` WHERE  `id` = 49 LIMIT 1 [ RunTime:0.000414s ]
[ sql ] [ SQL ] SELECT `name` FROM `qy_auth_rule` WHERE  `id` = 50 LIMIT 1 [ RunTime:0.000433s ]
[ sql ] [ SQL ] SELECT `name` FROM `qy_auth_rule` WHERE  `id` = 51 LIMIT 1 [ RunTime:0.000426s ]
[ sql ] [ SQL ] SELECT `name` FROM `qy_auth_rule` WHERE  `id` = 52 LIMIT 1 [ RunTime:0.001553s ]
[ sql ] [ SQL ] SELECT `name` FROM `qy_auth_rule` WHERE  `id` = 54 LIMIT 1 [ RunTime:0.001613s ]
[ sql ] [ SQL ] SELECT `name` FROM `qy_auth_rule` WHERE  `id` = 56 LIMIT 1 [ RunTime:0.000825s ]
[ sql ] [ SQL ] SELECT `name` FROM `qy_auth_rule` WHERE  `id` = 57 LIMIT 1 [ RunTime:0.000441s ]
[ sql ] [ SQL ] SELECT `name` FROM `qy_auth_rule` WHERE  `id` = 58 LIMIT 1 [ RunTime:0.000448s ]
[ sql ] [ SQL ] SELECT `name` FROM `qy_auth_rule` WHERE  `id` = 59 LIMIT 1 [ RunTime:0.000452s ]
[ sql ] [ SQL ] SELECT `name` FROM `qy_auth_rule` WHERE  `id` = 61 LIMIT 1 [ RunTime:0.000439s ]
[ sql ] [ SQL ] SELECT `name` FROM `qy_auth_rule` WHERE  `id` = 62 LIMIT 1 [ RunTime:0.000419s ]
[ sql ] [ SQL ] SELECT `name` FROM `qy_auth_rule` WHERE  `id` = 63 LIMIT 1 [ RunTime:0.000446s ]
[ sql ] [ SQL ] SELECT `name` FROM `qy_auth_rule` WHERE  `id` = 64 LIMIT 1 [ RunTime:0.000444s ]
[ sql ] [ SQL ] SELECT `name` FROM `qy_auth_rule` WHERE  `id` = 66 LIMIT 1 [ RunTime:0.000449s ]
[ sql ] [ SQL ] SELECT `name` FROM `qy_auth_rule` WHERE  `id` = 67 LIMIT 1 [ RunTime:0.000444s ]
[ sql ] [ SQL ] SELECT `name` FROM `qy_auth_rule` WHERE  `id` = 68 LIMIT 1 [ RunTime:0.000448s ]
[ sql ] [ SQL ] SELECT `name` FROM `qy_auth_rule` WHERE  `id` = 69 LIMIT 1 [ RunTime:0.000443s ]
[ sql ] [ SQL ] SELECT `name` FROM `qy_auth_rule` WHERE  `id` = 70 LIMIT 1 [ RunTime:0.000407s ]
[ sql ] [ SQL ] SELECT `name` FROM `qy_auth_rule` WHERE  `id` = 71 LIMIT 1 [ RunTime:0.000436s ]
[ sql ] [ SQL ] SELECT `name` FROM `qy_auth_rule` WHERE  `id` = 72 LIMIT 1 [ RunTime:0.000448s ]
[ sql ] [ SQL ] SELECT `name` FROM `qy_auth_rule` WHERE  `id` = 74 LIMIT 1 [ RunTime:0.000442s ]
[ sql ] [ SQL ] SELECT `name` FROM `qy_auth_rule` WHERE  `id` = 75 LIMIT 1 [ RunTime:0.000450s ]
[ sql ] [ SQL ] SELECT `name` FROM `qy_auth_rule` WHERE  `id` = 76 LIMIT 1 [ RunTime:0.000469s ]
[ sql ] [ SQL ] SELECT `name` FROM `qy_auth_rule` WHERE  `id` = 77 LIMIT 1 [ RunTime:0.000424s ]
[ sql ] [ SQL ] SHOW COLUMNS FROM `qy_banner` [ RunTime:0.026608s ]
[ sql ] [ SQL ] SELECT COUNT(*) AS tp_count FROM `qy_banner` LIMIT 1 [ RunTime:0.000596s ]
[ sql ] [ SQL ] SELECT * FROM `qy_banner` LIMIT 0,10 [ RunTime:0.000588s ]
---------------------------------------------------------------
[ 2020-04-06T20:41:19+08:00 ] 127.0.0.1 GET www.mall.com/admin/iconlist/index.html
[运行时间：0.233628s] [吞吐率：4.28req/s] [内存消耗：2,743.66kb] [文件加载：58]
[ info ] [ LANG ] D:\phpStudy\WWW\mall\thinkphp\lang\zh-cn.php
[ info ] [ ROUTE ] array (
  'type' => 'module',
  'module' => 
  array (
    0 => 'admin',
    1 => 'iconlist',
    2 => 'index',
  ),
)
[ info ] [ HEADER ] array (
  'host' => 'www.mall.com',
  'connection' => 'keep-alive',
  'upgrade-insecure-requests' => '1',
  'user-agent' => 'Mozilla/5.0 (Windows NT 10.0; WOW64) AppleWebKit/537.36 (KHTML, like Gecko) Chrome/63.0.3239.132 Safari/537.36',
  'accept' => 'text/html,application/xhtml+xml,application/xml;q=0.9,image/webp,image/apng,*/*;q=0.8',
  'referer' => 'http://www.mall.com/admin/index/index.html',
  'accept-encoding' => 'gzip, deflate',
  'accept-language' => 'zh-CN,zh;q=0.9',
  'cookie' => 'PHPSESSID=bq03hs89am9dmqi7qvfrp55l70',
)
[ info ] [ PARAM ] array (
)
[ info ] [ SESSION ] INIT array (
  'id' => '',
  'var_session_id' => '',
  'prefix' => 'think',
  'type' => '',
  'auto_start' => true,
)
[ info ] [ DB ] INIT mysql
[ info ] [ RUN ] app\admin\controller\Iconlist->index[ D:\phpStudy\WWW\mall\application\admin\controller\Iconlist.php ]
[ info ] [ VIEW ] D:\phpStudy\WWW\mall\public/../application/admin\view\iconlist\icon_list.html [ array (
  0 => 'rulesName',
  1 => 'icon',
) ]
[ info ] [ LOG ] INIT File
[ sql ] [ DB ] CONNECT:[ UseTime:0.010770s ] mysql:host=127.0.0.1;dbname=mall;charset=utf8
[ sql ] [ SQL ] SHOW COLUMNS FROM `qy_auth_group_access` [ RunTime:0.025760s ]
[ sql ] [ SQL ] SELECT `auth_group_access`.`uid`,`auth_group_access`.`group_id`,`auth_group`.`title`,`auth_group`.`rules` FROM `qy_auth_group_access` `auth_group_access` INNER JOIN `qy_auth_group` `auth_group` ON `auth_group_access`.`group_id`=`auth_group`.`id` WHERE  `status` = 1  AND `auth_group_access`.`uid` = 37 [ RunTime:0.001296s ]
[ sql ] [ SQL ] SHOW COLUMNS FROM `qy_auth_rule` [ RunTime:0.020676s ]
[ sql ] [ SQL ] SELECT `name` FROM `qy_auth_rule` WHERE  `id` = 32 LIMIT 1 [ RunTime:0.000823s ]
[ sql ] [ SQL ] SELECT `name` FROM `qy_auth_rule` WHERE  `id` = 33 LIMIT 1 [ RunTime:0.000687s ]
[ sql ] [ SQL ] SELECT `name` FROM `qy_auth_rule` WHERE  `id` = 34 LIMIT 1 [ RunTime:0.000681s ]
[ sql ] [ SQL ] SELECT `name` FROM `qy_auth_rule` WHERE  `id` = 35 LIMIT 1 [ RunTime:0.000664s ]
[ sql ] [ SQL ] SELECT `name` FROM `qy_auth_rule` WHERE  `id` = 3 LIMIT 1 [ RunTime:0.000680s ]
[ sql ] [ SQL ] SELECT `name` FROM `qy_auth_rule` WHERE  `id` = 4 LIMIT 1 [ RunTime:0.000688s ]
[ sql ] [ SQL ] SELECT `name` FROM `qy_auth_rule` WHERE  `id` = 5 LIMIT 1 [ RunTime:0.000671s ]
[ sql ] [ SQL ] SELECT `name` FROM `qy_auth_rule` WHERE  `id` = 6 LIMIT 1 [ RunTime:0.000678s ]
[ sql ] [ SQL ] SELECT `name` FROM `qy_auth_rule` WHERE  `id` = 79 LIMIT 1 [ RunTime:0.000668s ]
[ sql ] [ SQL ] SELECT `name` FROM `qy_auth_rule` WHERE  `id` = 8 LIMIT 1 [ RunTime:0.000757s ]
[ sql ] [ SQL ] SELECT `name` FROM `qy_auth_rule` WHERE  `id` = 9 LIMIT 1 [ RunTime:0.001488s ]
[ sql ] [ SQL ] SELECT `name` FROM `qy_auth_rule` WHERE  `id` = 10 LIMIT 1 [ RunTime:0.000846s ]
[ sql ] [ SQL ] SELECT `name` FROM `qy_auth_rule` WHERE  `id` = 11 LIMIT 1 [ RunTime:0.002916s ]
[ sql ] [ SQL ] SELECT `name` FROM `qy_auth_rule` WHERE  `id` = 13 LIMIT 1 [ RunTime:0.000735s ]
[ sql ] [ SQL ] SELECT `name` FROM `qy_auth_rule` WHERE  `id` = 14 LIMIT 1 [ RunTime:0.000641s ]
[ sql ] [ SQL ] SELECT `name` FROM `qy_auth_rule` WHERE  `id` = 15 LIMIT 1 [ RunTime:0.000655s ]
[ sql ] [ SQL ] SELECT `name` FROM `qy_auth_rule` WHERE  `id` = 16 LIMIT 1 [ RunTime:0.000653s ]
[ sql ] [ SQL ] SELECT `name` FROM `qy_auth_rule` WHERE  `id` = 78 LIMIT 1 [ RunTime:0.000692s ]
[ sql ] [ SQL ] SELECT `name` FROM `qy_auth_rule` WHERE  `id` = 19 LIMIT 1 [ RunTime:0.000680s ]
[ sql ] [ SQL ] SELECT `name` FROM `qy_auth_rule` WHERE  `id` = 20 LIMIT 1 [ RunTime:0.000681s ]
[ sql ] [ SQL ] SELECT `name` FROM `qy_auth_rule` WHERE  `id` = 21 LIMIT 1 [ RunTime:0.000676s ]
[ sql ] [ SQL ] SELECT `name` FROM `qy_auth_rule` WHERE  `id` = 22 LIMIT 1 [ RunTime:0.000679s ]
[ sql ] [ SQL ] SELECT `name` FROM `qy_auth_rule` WHERE  `id` = 25 LIMIT 1 [ RunTime:0.000677s ]
[ sql ] [ SQL ] SELECT `name` FROM `qy_auth_rule` WHERE  `id` = 27 LIMIT 1 [ RunTime:0.000680s ]
[ sql ] [ SQL ] SELECT `name` FROM `qy_auth_rule` WHERE  `id` = 28 LIMIT 1 [ RunTime:0.000677s ]
[ sql ] [ SQL ] SELECT `name` FROM `qy_auth_rule` WHERE  `id` = 31 LIMIT 1 [ RunTime:0.000658s ]
[ sql ] [ SQL ] SELECT `name` FROM `qy_auth_rule` WHERE  `id` = 26 LIMIT 1 [ RunTime:0.001155s ]
[ sql ] [ SQL ] SELECT `name` FROM `qy_auth_rule` WHERE  `id` = 36 LIMIT 1 [ RunTime:0.000875s ]
[ sql ] [ SQL ] SELECT `name` FROM `qy_auth_rule` WHERE  `id` = 37 LIMIT 1 [ RunTime:0.001853s ]
[ sql ] [ SQL ] SELECT `name` FROM `qy_auth_rule` WHERE  `id` = 38 LIMIT 1 [ RunTime:0.001168s ]
[ sql ] [ SQL ] SELECT `name` FROM `qy_auth_rule` WHERE  `id` = 43 LIMIT 1 [ RunTime:0.000701s ]
[ sql ] [ SQL ] SELECT `name` FROM `qy_auth_rule` WHERE  `id` = 44 LIMIT 1 [ RunTime:0.000679s ]
[ sql ] [ SQL ] SELECT `name` FROM `qy_auth_rule` WHERE  `id` = 45 LIMIT 1 [ RunTime:0.000679s ]
[ sql ] [ SQL ] SELECT `name` FROM `qy_auth_rule` WHERE  `id` = 46 LIMIT 1 [ RunTime:0.000679s ]
[ sql ] [ SQL ] SELECT `name` FROM `qy_auth_rule` WHERE  `id` = 47 LIMIT 1 [ RunTime:0.000677s ]
[ sql ] [ SQL ] SELECT `name` FROM `qy_auth_rule` WHERE  `id` = 49 LIMIT 1 [ RunTime:0.000668s ]
[ sql ] [ SQL ] SELECT `name` FROM `qy_auth_rule` WHERE  `id` = 50 LIMIT 1 [ RunTime:0.000643s ]
[ sql ] [ SQL ] SELECT `name` FROM `qy_auth_rule` WHERE  `id` = 51 LIMIT 1 [ RunTime:0.000631s ]
[ sql ] [ SQL ] SELECT `name` FROM `qy_auth_rule` WHERE  `id` = 52 LIMIT 1 [ RunTime:0.000624s ]
[ sql ] [ SQL ] SELECT `name` FROM `qy_auth_rule` WHERE  `id` = 54 LIMIT 1 [ RunTime:0.000636s ]
[ sql ] [ SQL ] SELECT `name` FROM `qy_auth_rule` WHERE  `id` = 56 LIMIT 1 [ RunTime:0.000632s ]
[ sql ] [ SQL ] SELECT `name` FROM `qy_auth_rule` WHERE  `id` = 57 LIMIT 1 [ RunTime:0.000618s ]
[ sql ] [ SQL ] SELECT `name` FROM `qy_auth_rule` WHERE  `id` = 58 LIMIT 1 [ RunTime:0.000864s ]
[ sql ] [ SQL ] SELECT `name` FROM `qy_auth_rule` WHERE  `id` = 59 LIMIT 1 [ RunTime:0.001654s ]
[ sql ] [ SQL ] SELECT `name` FROM `qy_auth_rule` WHERE  `id` = 61 LIMIT 1 [ RunTime:0.001098s ]
[ sql ] [ SQL ] SELECT `name` FROM `qy_auth_rule` WHERE  `id` = 62 LIMIT 1 [ RunTime:0.002407s ]
[ sql ] [ SQL ] SELECT `name` FROM `qy_auth_rule` WHERE  `id` = 63 LIMIT 1 [ RunTime:0.000693s ]
[ sql ] [ SQL ] SELECT `name` FROM `qy_auth_rule` WHERE  `id` = 64 LIMIT 1 [ RunTime:0.000669s ]
[ sql ] [ SQL ] SELECT `name` FROM `qy_auth_rule` WHERE  `id` = 66 LIMIT 1 [ RunTime:0.000679s ]
[ sql ] [ SQL ] SELECT `name` FROM `qy_auth_rule` WHERE  `id` = 67 LIMIT 1 [ RunTime:0.000652s ]
[ sql ] [ SQL ] SELECT `name` FROM `qy_auth_rule` WHERE  `id` = 68 LIMIT 1 [ RunTime:0.000717s ]
[ sql ] [ SQL ] SELECT `name` FROM `qy_auth_rule` WHERE  `id` = 69 LIMIT 1 [ RunTime:0.000688s ]
[ sql ] [ SQL ] SELECT `name` FROM `qy_auth_rule` WHERE  `id` = 70 LIMIT 1 [ RunTime:0.000662s ]
[ sql ] [ SQL ] SELECT `name` FROM `qy_auth_rule` WHERE  `id` = 71 LIMIT 1 [ RunTime:0.000672s ]
[ sql ] [ SQL ] SELECT `name` FROM `qy_auth_rule` WHERE  `id` = 72 LIMIT 1 [ RunTime:0.000654s ]
[ sql ] [ SQL ] SELECT `name` FROM `qy_auth_rule` WHERE  `id` = 74 LIMIT 1 [ RunTime:0.000627s ]
[ sql ] [ SQL ] SELECT `name` FROM `qy_auth_rule` WHERE  `id` = 75 LIMIT 1 [ RunTime:0.000632s ]
[ sql ] [ SQL ] SELECT `name` FROM `qy_auth_rule` WHERE  `id` = 76 LIMIT 1 [ RunTime:0.000652s ]
[ sql ] [ SQL ] SELECT `name` FROM `qy_auth_rule` WHERE  `id` = 77 LIMIT 1 [ RunTime:0.000825s ]
[ sql ] [ SQL ] SHOW COLUMNS FROM `qy_icon` [ RunTime:0.021459s ]
[ sql ] [ SQL ] SELECT COUNT(*) AS tp_count FROM `qy_icon` LIMIT 1 [ RunTime:0.000736s ]
[ sql ] [ SQL ] SELECT * FROM `qy_icon` LIMIT 0,10 [ RunTime:0.000702s ]
---------------------------------------------------------------
[ 2020-04-06T20:41:21+08:00 ] 127.0.0.1 GET www.mall.com/admin/banner/edit/id/1.html
[运行时间：0.171311s] [吞吐率：5.84req/s] [内存消耗：2,567.30kb] [文件加载：53]
[ info ] [ LANG ] D:\phpStudy\WWW\mall\thinkphp\lang\zh-cn.php
[ info ] [ ROUTE ] array (
  'type' => 'module',
  'module' => 
  array (
    0 => 'admin',
    1 => 'banner',
    2 => 'edit',
  ),
)
[ info ] [ HEADER ] array (
  'host' => 'www.mall.com',
  'connection' => 'keep-alive',
  'upgrade-insecure-requests' => '1',
  'user-agent' => 'Mozilla/5.0 (Windows NT 10.0; WOW64) AppleWebKit/537.36 (KHTML, like Gecko) Chrome/63.0.3239.132 Safari/537.36',
  'accept' => 'text/html,application/xhtml+xml,application/xml;q=0.9,image/webp,image/apng,*/*;q=0.8',
  'referer' => 'http://www.mall.com/admin/banner/index.html',
  'accept-encoding' => 'gzip, deflate',
  'accept-language' => 'zh-CN,zh;q=0.9',
  'cookie' => 'PHPSESSID=bq03hs89am9dmqi7qvfrp55l70',
)
[ info ] [ PARAM ] array (
  'id' => '1',
)
[ info ] [ SESSION ] INIT array (
  'id' => '',
  'var_session_id' => '',
  'prefix' => 'think',
  'type' => '',
  'auto_start' => true,
)
[ info ] [ DB ] INIT mysql
[ info ] [ RUN ] app\admin\controller\Banner->edit[ D:\phpStudy\WWW\mall\application\admin\controller\Banner.php ]
[ info ] [ VIEW ] D:\phpStudy\WWW\mall\public/../application/admin\view\banner\banner_edit.html [ array (
  0 => 'rulesName',
  1 => 'bannerEdit',
) ]
[ info ] [ LOG ] INIT File
[ sql ] [ DB ] CONNECT:[ UseTime:0.011520s ] mysql:host=127.0.0.1;dbname=mall;charset=utf8
[ sql ] [ SQL ] SHOW COLUMNS FROM `qy_auth_group_access` [ RunTime:0.016603s ]
[ sql ] [ SQL ] SELECT `auth_group_access`.`uid`,`auth_group_access`.`group_id`,`auth_group`.`title`,`auth_group`.`rules` FROM `qy_auth_group_access` `auth_group_access` INNER JOIN `qy_auth_group` `auth_group` ON `auth_group_access`.`group_id`=`auth_group`.`id` WHERE  `status` = 1  AND `auth_group_access`.`uid` = 37 [ RunTime:0.000863s ]
[ sql ] [ SQL ] SHOW COLUMNS FROM `qy_auth_rule` [ RunTime:0.017316s ]
[ sql ] [ SQL ] SELECT `name` FROM `qy_auth_rule` WHERE  `id` = 32 LIMIT 1 [ RunTime:0.000888s ]
[ sql ] [ SQL ] SELECT `name` FROM `qy_auth_rule` WHERE  `id` = 33 LIMIT 1 [ RunTime:0.000802s ]
[ sql ] [ SQL ] SELECT `name` FROM `qy_auth_rule` WHERE  `id` = 34 LIMIT 1 [ RunTime:0.002473s ]
[ sql ] [ SQL ] SELECT `name` FROM `qy_auth_rule` WHERE  `id` = 35 LIMIT 1 [ RunTime:0.001346s ]
[ sql ] [ SQL ] SELECT `name` FROM `qy_auth_rule` WHERE  `id` = 3 LIMIT 1 [ RunTime:0.000801s ]
[ sql ] [ SQL ] SELECT `name` FROM `qy_auth_rule` WHERE  `id` = 4 LIMIT 1 [ RunTime:0.000804s ]
[ sql ] [ SQL ] SELECT `name` FROM `qy_auth_rule` WHERE  `id` = 5 LIMIT 1 [ RunTime:0.000824s ]
[ sql ] [ SQL ] SELECT `name` FROM `qy_auth_rule` WHERE  `id` = 6 LIMIT 1 [ RunTime:0.000829s ]
[ sql ] [ SQL ] SELECT `name` FROM `qy_auth_rule` WHERE  `id` = 79 LIMIT 1 [ RunTime:0.000768s ]
[ sql ] [ SQL ] SELECT `name` FROM `qy_auth_rule` WHERE  `id` = 8 LIMIT 1 [ RunTime:0.000765s ]
[ sql ] [ SQL ] SELECT `name` FROM `qy_auth_rule` WHERE  `id` = 9 LIMIT 1 [ RunTime:0.000788s ]
[ sql ] [ SQL ] SELECT `name` FROM `qy_auth_rule` WHERE  `id` = 10 LIMIT 1 [ RunTime:0.000786s ]
[ sql ] [ SQL ] SELECT `name` FROM `qy_auth_rule` WHERE  `id` = 11 LIMIT 1 [ RunTime:0.000790s ]
[ sql ] [ SQL ] SELECT `name` FROM `qy_auth_rule` WHERE  `id` = 13 LIMIT 1 [ RunTime:0.000782s ]
[ sql ] [ SQL ] SELECT `name` FROM `qy_auth_rule` WHERE  `id` = 14 LIMIT 1 [ RunTime:0.000749s ]
[ sql ] [ SQL ] SELECT `name` FROM `qy_auth_rule` WHERE  `id` = 15 LIMIT 1 [ RunTime:0.000741s ]
[ sql ] [ SQL ] SELECT `name` FROM `qy_auth_rule` WHERE  `id` = 16 LIMIT 1 [ RunTime:0.000802s ]
[ sql ] [ SQL ] SELECT `name` FROM `qy_auth_rule` WHERE  `id` = 78 LIMIT 1 [ RunTime:0.002989s ]
[ sql ] [ SQL ] SELECT `name` FROM `qy_auth_rule` WHERE  `id` = 19 LIMIT 1 [ RunTime:0.001049s ]
[ sql ] [ SQL ] SELECT `name` FROM `qy_auth_rule` WHERE  `id` = 20 LIMIT 1 [ RunTime:0.000771s ]
[ sql ] [ SQL ] SELECT `name` FROM `qy_auth_rule` WHERE  `id` = 21 LIMIT 1 [ RunTime:0.000812s ]
[ sql ] [ SQL ] SELECT `name` FROM `qy_auth_rule` WHERE  `id` = 22 LIMIT 1 [ RunTime:0.000803s ]
[ sql ] [ SQL ] SELECT `name` FROM `qy_auth_rule` WHERE  `id` = 25 LIMIT 1 [ RunTime:0.000759s ]
[ sql ] [ SQL ] SELECT `name` FROM `qy_auth_rule` WHERE  `id` = 27 LIMIT 1 [ RunTime:0.000735s ]
[ sql ] [ SQL ] SELECT `name` FROM `qy_auth_rule` WHERE  `id` = 28 LIMIT 1 [ RunTime:0.000734s ]
[ sql ] [ SQL ] SELECT `name` FROM `qy_auth_rule` WHERE  `id` = 31 LIMIT 1 [ RunTime:0.000741s ]
[ sql ] [ SQL ] SELECT `name` FROM `qy_auth_rule` WHERE  `id` = 26 LIMIT 1 [ RunTime:0.000736s ]
[ sql ] [ SQL ] SELECT `name` FROM `qy_auth_rule` WHERE  `id` = 36 LIMIT 1 [ RunTime:0.000752s ]
[ sql ] [ SQL ] SELECT `name` FROM `qy_auth_rule` WHERE  `id` = 37 LIMIT 1 [ RunTime:0.000740s ]
[ sql ] [ SQL ] SELECT `name` FROM `qy_auth_rule` WHERE  `id` = 38 LIMIT 1 [ RunTime:0.000692s ]
[ sql ] [ SQL ] SELECT `name` FROM `qy_auth_rule` WHERE  `id` = 43 LIMIT 1 [ RunTime:0.000802s ]
[ sql ] [ SQL ] SELECT `name` FROM `qy_auth_rule` WHERE  `id` = 44 LIMIT 1 [ RunTime:0.000761s ]
[ sql ] [ SQL ] SELECT `name` FROM `qy_auth_rule` WHERE  `id` = 45 LIMIT 1 [ RunTime:0.001244s ]
[ sql ] [ SQL ] SELECT `name` FROM `qy_auth_rule` WHERE  `id` = 46 LIMIT 1 [ RunTime:0.001169s ]
[ sql ] [ SQL ] SELECT `name` FROM `qy_auth_rule` WHERE  `id` = 47 LIMIT 1 [ RunTime:0.000860s ]
[ sql ] [ SQL ] SELECT `name` FROM `qy_auth_rule` WHERE  `id` = 49 LIMIT 1 [ RunTime:0.001063s ]
[ sql ] [ SQL ] SELECT `name` FROM `qy_auth_rule` WHERE  `id` = 50 LIMIT 1 [ RunTime:0.002217s ]
[ sql ] [ SQL ] SELECT `name` FROM `qy_auth_rule` WHERE  `id` = 51 LIMIT 1 [ RunTime:0.000769s ]
[ sql ] [ SQL ] SELECT `name` FROM `qy_auth_rule` WHERE  `id` = 52 LIMIT 1 [ RunTime:0.000737s ]
[ sql ] [ SQL ] SELECT `name` FROM `qy_auth_rule` WHERE  `id` = 54 LIMIT 1 [ RunTime:0.000745s ]
[ sql ] [ SQL ] SELECT `name` FROM `qy_auth_rule` WHERE  `id` = 56 LIMIT 1 [ RunTime:0.000741s ]
[ sql ] [ SQL ] SELECT `name` FROM `qy_auth_rule` WHERE  `id` = 57 LIMIT 1 [ RunTime:0.000709s ]
[ sql ] [ SQL ] SELECT `name` FROM `qy_auth_rule` WHERE  `id` = 58 LIMIT 1 [ RunTime:0.000742s ]
[ sql ] [ SQL ] SELECT `name` FROM `qy_auth_rule` WHERE  `id` = 59 LIMIT 1 [ RunTime:0.000737s ]
[ sql ] [ SQL ] SELECT `name` FROM `qy_auth_rule` WHERE  `id` = 61 LIMIT 1 [ RunTime:0.000760s ]
[ sql ] [ SQL ] SELECT `name` FROM `qy_auth_rule` WHERE  `id` = 62 LIMIT 1 [ RunTime:0.000734s ]
[ sql ] [ SQL ] SELECT `name` FROM `qy_auth_rule` WHERE  `id` = 63 LIMIT 1 [ RunTime:0.000774s ]
[ sql ] [ SQL ] SELECT `name` FROM `qy_auth_rule` WHERE  `id` = 64 LIMIT 1 [ RunTime:0.001713s ]
[ sql ] [ SQL ] SELECT `name` FROM `qy_auth_rule` WHERE  `id` = 66 LIMIT 1 [ RunTime:0.000766s ]
[ sql ] [ SQL ] SELECT `name` FROM `qy_auth_rule` WHERE  `id` = 67 LIMIT 1 [ RunTime:0.000738s ]
[ sql ] [ SQL ] SELECT `name` FROM `qy_auth_rule` WHERE  `id` = 68 LIMIT 1 [ RunTime:0.000735s ]
[ sql ] [ SQL ] SELECT `name` FROM `qy_auth_rule` WHERE  `id` = 69 LIMIT 1 [ RunTime:0.000758s ]
[ sql ] [ SQL ] SELECT `name` FROM `qy_auth_rule` WHERE  `id` = 70 LIMIT 1 [ RunTime:0.000753s ]
[ sql ] [ SQL ] SELECT `name` FROM `qy_auth_rule` WHERE  `id` = 71 LIMIT 1 [ RunTime:0.000750s ]
[ sql ] [ SQL ] SELECT `name` FROM `qy_auth_rule` WHERE  `id` = 72 LIMIT 1 [ RunTime:0.000741s ]
[ sql ] [ SQL ] SELECT `name` FROM `qy_auth_rule` WHERE  `id` = 74 LIMIT 1 [ RunTime:0.000741s ]
[ sql ] [ SQL ] SELECT `name` FROM `qy_auth_rule` WHERE  `id` = 75 LIMIT 1 [ RunTime:0.000733s ]
[ sql ] [ SQL ] SELECT `name` FROM `qy_auth_rule` WHERE  `id` = 76 LIMIT 1 [ RunTime:0.000739s ]
[ sql ] [ SQL ] SELECT `name` FROM `qy_auth_rule` WHERE  `id` = 77 LIMIT 1 [ RunTime:0.000749s ]
[ sql ] [ SQL ] SHOW COLUMNS FROM `qy_banner` [ RunTime:0.014672s ]
[ sql ] [ SQL ] SELECT * FROM `qy_banner` WHERE  `id` = 1 LIMIT 1 [ RunTime:0.000883s ]
