---------------------------------------------------------------
[ 2020-04-08T00:05:26+08:00 ] 127.0.0.1 GET www.mall.com/api/index/search
[运行时间：0.083135s] [吞吐率：12.03req/s] [内存消耗：2,507.43kb] [文件加载：51]
[ info ] [ LANG ] D:\phpStudy\WWW\mall\thinkphp\lang\zh-cn.php
[ info ] [ ROUTE ] array (
  'type' => 'module',
  'module' => 
  array (
    0 => 'api',
    1 => 'index',
    2 => 'search',
  ),
)
[ info ] [ HEADER ] array (
  'host' => 'www.mall.com',
  'connection' => 'keep-alive',
  'origin' => 'http://localhost:8080',
  'user-agent' => 'Mozilla/5.0 (iPhone; CPU iPhone OS 11_0 like Mac OS X) AppleWebKit/604.1.38 (KHTML, like Gecko) Version/11.0 Mobile/15A372 Safari/604.1',
  'accept' => '*/*',
  'referer' => 'http://localhost:8080/',
  'accept-encoding' => 'gzip, deflate',
  'accept-language' => 'zh-CN,zh;q=0.9',
)
[ info ] [ PARAM ] array (
)
[ info ] [ RUN ] app\Api\controller\Index->search[ D:\phpStudy\WWW\mall\application\Api\controller\Index.php ]
[ info ] [ DB ] INIT mysql
[ info ] [ LOG ] INIT File
[ sql ] [ DB ] CONNECT:[ UseTime:0.002153s ] mysql:host=127.0.0.1;dbname=mall;charset=utf8
[ sql ] [ SQL ] SHOW COLUMNS FROM `qy_search` [ RunTime:0.020662s ]
[ sql ] [ SQL ] SELECT * FROM `qy_search` [ RunTime:0.001053s ]
---------------------------------------------------------------
[ 2020-04-08T00:05:44+08:00 ] 127.0.0.1 GET www.mall.com/api/index/search
[运行时间：0.075063s] [吞吐率：13.32req/s] [内存消耗：2,507.44kb] [文件加载：51]
[ info ] [ LANG ] D:\phpStudy\WWW\mall\thinkphp\lang\zh-cn.php
[ info ] [ ROUTE ] array (
  'type' => 'module',
  'module' => 
  array (
    0 => 'api',
    1 => 'index',
    2 => 'search',
  ),
)
[ info ] [ HEADER ] array (
  'host' => 'www.mall.com',
  'connection' => 'keep-alive',
  'origin' => 'http://localhost:8080',
  'user-agent' => 'Mozilla/5.0 (iPhone; CPU iPhone OS 11_0 like Mac OS X) AppleWebKit/604.1.38 (KHTML, like Gecko) Version/11.0 Mobile/15A372 Safari/604.1',
  'accept' => '*/*',
  'referer' => 'http://localhost:8080/',
  'accept-encoding' => 'gzip, deflate',
  'accept-language' => 'zh-CN,zh;q=0.9',
)
[ info ] [ PARAM ] array (
)
[ info ] [ RUN ] app\Api\controller\Index->search[ D:\phpStudy\WWW\mall\application\Api\controller\Index.php ]
[ info ] [ DB ] INIT mysql
[ info ] [ LOG ] INIT File
[ sql ] [ DB ] CONNECT:[ UseTime:0.001822s ] mysql:host=127.0.0.1;dbname=mall;charset=utf8
[ sql ] [ SQL ] SHOW COLUMNS FROM `qy_search` [ RunTime:0.025199s ]
[ sql ] [ SQL ] SELECT * FROM `qy_search` [ RunTime:0.001480s ]
---------------------------------------------------------------
[ 2020-04-08T00:05:55+08:00 ] 127.0.0.1 GET www.mall.com/api/index/search
[运行时间：0.093685s] [吞吐率：10.67req/s] [内存消耗：2,507.44kb] [文件加载：51]
[ info ] [ LANG ] D:\phpStudy\WWW\mall\thinkphp\lang\zh-cn.php
[ info ] [ ROUTE ] array (
  'type' => 'module',
  'module' => 
  array (
    0 => 'api',
    1 => 'index',
    2 => 'search',
  ),
)
[ info ] [ HEADER ] array (
  'host' => 'www.mall.com',
  'connection' => 'keep-alive',
  'origin' => 'http://localhost:8080',
  'user-agent' => 'Mozilla/5.0 (iPhone; CPU iPhone OS 11_0 like Mac OS X) AppleWebKit/604.1.38 (KHTML, like Gecko) Version/11.0 Mobile/15A372 Safari/604.1',
  'accept' => '*/*',
  'referer' => 'http://localhost:8080/',
  'accept-encoding' => 'gzip, deflate',
  'accept-language' => 'zh-CN,zh;q=0.9',
)
[ info ] [ PARAM ] array (
)
[ info ] [ RUN ] app\Api\controller\Index->search[ D:\phpStudy\WWW\mall\application\Api\controller\Index.php ]
[ info ] [ DB ] INIT mysql
[ info ] [ LOG ] INIT File
[ sql ] [ DB ] CONNECT:[ UseTime:0.013812s ] mysql:host=127.0.0.1;dbname=mall;charset=utf8
[ sql ] [ SQL ] SHOW COLUMNS FROM `qy_search` [ RunTime:0.031767s ]
[ sql ] [ SQL ] SELECT * FROM `qy_search` [ RunTime:0.000640s ]
---------------------------------------------------------------
[ 2020-04-08T00:05:55+08:00 ] 127.0.0.1 GET www.mall.com/api/index/search
[运行时间：0.062063s] [吞吐率：16.11req/s] [内存消耗：2,507.44kb] [文件加载：51]
[ info ] [ LANG ] D:\phpStudy\WWW\mall\thinkphp\lang\zh-cn.php
[ info ] [ ROUTE ] array (
  'type' => 'module',
  'module' => 
  array (
    0 => 'api',
    1 => 'index',
    2 => 'search',
  ),
)
[ info ] [ HEADER ] array (
  'host' => 'www.mall.com',
  'connection' => 'keep-alive',
  'origin' => 'http://localhost:8080',
  'user-agent' => 'Mozilla/5.0 (iPhone; CPU iPhone OS 11_0 like Mac OS X) AppleWebKit/604.1.38 (KHTML, like Gecko) Version/11.0 Mobile/15A372 Safari/604.1',
  'accept' => '*/*',
  'referer' => 'http://localhost:8080/',
  'accept-encoding' => 'gzip, deflate',
  'accept-language' => 'zh-CN,zh;q=0.9',
)
[ info ] [ PARAM ] array (
)
[ info ] [ RUN ] app\Api\controller\Index->search[ D:\phpStudy\WWW\mall\application\Api\controller\Index.php ]
[ info ] [ DB ] INIT mysql
[ info ] [ LOG ] INIT File
[ sql ] [ DB ] CONNECT:[ UseTime:0.001759s ] mysql:host=127.0.0.1;dbname=mall;charset=utf8
[ sql ] [ SQL ] SHOW COLUMNS FROM `qy_search` [ RunTime:0.010847s ]
[ sql ] [ SQL ] SELECT * FROM `qy_search` [ RunTime:0.001270s ]
---------------------------------------------------------------
[ 2020-04-08T00:06:15+08:00 ] 127.0.0.1 GET www.mall.com/api/index/search
[运行时间：0.081693s] [吞吐率：12.24req/s] [内存消耗：2,507.44kb] [文件加载：51]
[ info ] [ LANG ] D:\phpStudy\WWW\mall\thinkphp\lang\zh-cn.php
[ info ] [ ROUTE ] array (
  'type' => 'module',
  'module' => 
  array (
    0 => 'api',
    1 => 'index',
    2 => 'search',
  ),
)
[ info ] [ HEADER ] array (
  'host' => 'www.mall.com',
  'connection' => 'keep-alive',
  'origin' => 'http://localhost:8080',
  'user-agent' => 'Mozilla/5.0 (iPhone; CPU iPhone OS 11_0 like Mac OS X) AppleWebKit/604.1.38 (KHTML, like Gecko) Version/11.0 Mobile/15A372 Safari/604.1',
  'accept' => '*/*',
  'referer' => 'http://localhost:8080/',
  'accept-encoding' => 'gzip, deflate',
  'accept-language' => 'zh-CN,zh;q=0.9',
)
[ info ] [ PARAM ] array (
)
[ info ] [ RUN ] app\Api\controller\Index->search[ D:\phpStudy\WWW\mall\application\Api\controller\Index.php ]
[ info ] [ DB ] INIT mysql
[ info ] [ LOG ] INIT File
[ sql ] [ DB ] CONNECT:[ UseTime:0.025668s ] mysql:host=127.0.0.1;dbname=mall;charset=utf8
[ sql ] [ SQL ] SHOW COLUMNS FROM `qy_search` [ RunTime:0.013953s ]
[ sql ] [ SQL ] SELECT * FROM `qy_search` [ RunTime:0.001235s ]
---------------------------------------------------------------
[ 2020-04-08T00:06:25+08:00 ] 127.0.0.1 GET www.mall.com/api/index/search
[运行时间：0.093280s] [吞吐率：10.72req/s] [内存消耗：2,507.44kb] [文件加载：51]
[ info ] [ LANG ] D:\phpStudy\WWW\mall\thinkphp\lang\zh-cn.php
[ info ] [ ROUTE ] array (
  'type' => 'module',
  'module' => 
  array (
    0 => 'api',
    1 => 'index',
    2 => 'search',
  ),
)
[ info ] [ HEADER ] array (
  'host' => 'www.mall.com',
  'connection' => 'keep-alive',
  'origin' => 'http://localhost:8080',
  'user-agent' => 'Mozilla/5.0 (iPhone; CPU iPhone OS 11_0 like Mac OS X) AppleWebKit/604.1.38 (KHTML, like Gecko) Version/11.0 Mobile/15A372 Safari/604.1',
  'accept' => '*/*',
  'referer' => 'http://localhost:8080/',
  'accept-encoding' => 'gzip, deflate',
  'accept-language' => 'zh-CN,zh;q=0.9',
)
[ info ] [ PARAM ] array (
)
[ info ] [ RUN ] app\Api\controller\Index->search[ D:\phpStudy\WWW\mall\application\Api\controller\Index.php ]
[ info ] [ DB ] INIT mysql
[ info ] [ LOG ] INIT File
[ sql ] [ DB ] CONNECT:[ UseTime:0.010856s ] mysql:host=127.0.0.1;dbname=mall;charset=utf8
[ sql ] [ SQL ] SHOW COLUMNS FROM `qy_search` [ RunTime:0.039593s ]
[ sql ] [ SQL ] SELECT * FROM `qy_search` [ RunTime:0.000795s ]
---------------------------------------------------------------
[ 2020-04-08T00:06:52+08:00 ] 127.0.0.1 GET www.mall.com/api/index/search
[运行时间：0.068594s] [吞吐率：14.58req/s] [内存消耗：2,507.44kb] [文件加载：51]
[ info ] [ LANG ] D:\phpStudy\WWW\mall\thinkphp\lang\zh-cn.php
[ info ] [ ROUTE ] array (
  'type' => 'module',
  'module' => 
  array (
    0 => 'api',
    1 => 'index',
    2 => 'search',
  ),
)
[ info ] [ HEADER ] array (
  'host' => 'www.mall.com',
  'connection' => 'keep-alive',
  'origin' => 'http://localhost:8080',
  'user-agent' => 'Mozilla/5.0 (iPhone; CPU iPhone OS 11_0 like Mac OS X) AppleWebKit/604.1.38 (KHTML, like Gecko) Version/11.0 Mobile/15A372 Safari/604.1',
  'accept' => '*/*',
  'referer' => 'http://localhost:8080/',
  'accept-encoding' => 'gzip, deflate',
  'accept-language' => 'zh-CN,zh;q=0.9',
)
[ info ] [ PARAM ] array (
)
[ info ] [ RUN ] app\Api\controller\Index->search[ D:\phpStudy\WWW\mall\application\Api\controller\Index.php ]
[ info ] [ DB ] INIT mysql
[ info ] [ LOG ] INIT File
[ sql ] [ DB ] CONNECT:[ UseTime:0.011232s ] mysql:host=127.0.0.1;dbname=mall;charset=utf8
[ sql ] [ SQL ] SHOW COLUMNS FROM `qy_search` [ RunTime:0.013543s ]
[ sql ] [ SQL ] SELECT * FROM `qy_search` [ RunTime:0.000894s ]
---------------------------------------------------------------
[ 2020-04-08T00:07:05+08:00 ] 127.0.0.1 GET www.mall.com/api/index/search
[运行时间：0.070497s] [吞吐率：14.18req/s] [内存消耗：2,507.44kb] [文件加载：51]
[ info ] [ LANG ] D:\phpStudy\WWW\mall\thinkphp\lang\zh-cn.php
[ info ] [ ROUTE ] array (
  'type' => 'module',
  'module' => 
  array (
    0 => 'api',
    1 => 'index',
    2 => 'search',
  ),
)
[ info ] [ HEADER ] array (
  'host' => 'www.mall.com',
  'connection' => 'keep-alive',
  'origin' => 'http://localhost:8080',
  'user-agent' => 'Mozilla/5.0 (iPhone; CPU iPhone OS 11_0 like Mac OS X) AppleWebKit/604.1.38 (KHTML, like Gecko) Version/11.0 Mobile/15A372 Safari/604.1',
  'accept' => '*/*',
  'referer' => 'http://localhost:8080/',
  'accept-encoding' => 'gzip, deflate',
  'accept-language' => 'zh-CN,zh;q=0.9',
)
[ info ] [ PARAM ] array (
)
[ info ] [ RUN ] app\Api\controller\Index->search[ D:\phpStudy\WWW\mall\application\Api\controller\Index.php ]
[ info ] [ DB ] INIT mysql
[ info ] [ LOG ] INIT File
[ sql ] [ DB ] CONNECT:[ UseTime:0.001905s ] mysql:host=127.0.0.1;dbname=mall;charset=utf8
[ sql ] [ SQL ] SHOW COLUMNS FROM `qy_search` [ RunTime:0.013387s ]
[ sql ] [ SQL ] SELECT * FROM `qy_search` [ RunTime:0.003525s ]
